mode: atomic
github.com/insolar/insolar/cmd/insgocc/insgocc.go:38.45,40.2 1 0
github.com/insolar/insolar/cmd/insgocc/insgocc.go:42.38,44.2 1 0
github.com/insolar/insolar/cmd/insgocc/insgocc.go:46.44,48.16 2 0
github.com/insolar/insolar/cmd/insgocc/insgocc.go:57.2,59.12 3 0
github.com/insolar/insolar/cmd/insgocc/insgocc.go:48.16,50.3 1 0
github.com/insolar/insolar/cmd/insgocc/insgocc.go:50.8,53.17 3 0
github.com/insolar/insolar/cmd/insgocc/insgocc.go:53.17,55.4 1 0
github.com/insolar/insolar/cmd/insgocc/insgocc.go:62.36,64.2 1 0
github.com/insolar/insolar/cmd/insgocc/insgocc.go:66.13,75.48 4 0
github.com/insolar/insolar/cmd/insgocc/insgocc.go:124.2,130.48 3 0
github.com/insolar/insolar/cmd/insgocc/insgocc.go:148.2,153.48 2 0
github.com/insolar/insolar/cmd/insgocc/insgocc.go:171.2,176.48 2 0
github.com/insolar/insolar/cmd/insgocc/insgocc.go:242.2,247.16 5 0
github.com/insolar/insolar/cmd/insgocc/insgocc.go:75.48,77.22 1 0
github.com/insolar/insolar/cmd/insgocc/insgocc.go:82.4,83.18 2 0
github.com/insolar/insolar/cmd/insgocc/insgocc.go:88.4,88.31 1 0
github.com/insolar/insolar/cmd/insgocc/insgocc.go:116.4,118.18 2 0
github.com/insolar/insolar/cmd/insgocc/insgocc.go:77.22,80.5 2 0
github.com/insolar/insolar/cmd/insgocc/insgocc.go:83.18,86.5 2 0
github.com/insolar/insolar/cmd/insgocc/insgocc.go:88.31,90.19 2 0
github.com/insolar/insolar/cmd/insgocc/insgocc.go:94.5,95.19 2 0
github.com/insolar/insolar/cmd/insgocc/insgocc.go:100.5,101.19 2 0
github.com/insolar/insolar/cmd/insgocc/insgocc.go:109.5,110.19 2 0
github.com/insolar/insolar/cmd/insgocc/insgocc.go:90.19,93.6 2 0
github.com/insolar/insolar/cmd/insgocc/insgocc.go:95.19,98.6 2 0
github.com/insolar/insolar/cmd/insgocc/insgocc.go:101.19,103.20 2 0
github.com/insolar/insolar/cmd/insgocc/insgocc.go:103.20,106.7 2 0
github.com/insolar/insolar/cmd/insgocc/insgocc.go:110.19,113.6 2 0
github.com/insolar/insolar/cmd/insgocc/insgocc.go:118.18,121.5 2 0
github.com/insolar/insolar/cmd/insgocc/insgocc.go:130.48,131.22 1 0
github.com/insolar/insolar/cmd/insgocc/insgocc.go:135.4,136.18 2 0
github.com/insolar/insolar/cmd/insgocc/insgocc.go:141.4,142.18 2 0
github.com/insolar/insolar/cmd/insgocc/insgocc.go:131.22,134.5 2 0
github.com/insolar/insolar/cmd/insgocc/insgocc.go:136.18,139.5 2 0
github.com/insolar/insolar/cmd/insgocc/insgocc.go:142.18,145.5 2 0
github.com/insolar/insolar/cmd/insgocc/insgocc.go:153.48,154.22 1 0
github.com/insolar/insolar/cmd/insgocc/insgocc.go:158.4,159.18 2 0
github.com/insolar/insolar/cmd/insgocc/insgocc.go:164.4,165.18 2 0
github.com/insolar/insolar/cmd/insgocc/insgocc.go:154.22,157.5 2 0
github.com/insolar/insolar/cmd/insgocc/insgocc.go:159.18,162.5 2 0
github.com/insolar/insolar/cmd/insgocc/insgocc.go:165.18,168.5 2 0
github.com/insolar/insolar/cmd/insgocc/insgocc.go:176.48,178.18 2 0
github.com/insolar/insolar/cmd/insgocc/insgocc.go:182.4,182.22 1 0
github.com/insolar/insolar/cmd/insgocc/insgocc.go:186.4,187.18 2 0
github.com/insolar/insolar/cmd/insgocc/insgocc.go:193.4,194.18 2 0
github.com/insolar/insolar/cmd/insgocc/insgocc.go:198.4,203.18 4 0
github.com/insolar/insolar/cmd/insgocc/insgocc.go:207.4,211.18 4 0
github.com/insolar/insolar/cmd/insgocc/insgocc.go:216.4,217.18 2 0
github.com/insolar/insolar/cmd/insgocc/insgocc.go:221.4,224.18 3 0
github.com/insolar/insolar/cmd/insgocc/insgocc.go:229.4,230.18 2 0
github.com/insolar/insolar/cmd/insgocc/insgocc.go:235.4,236.18 2 0
github.com/insolar/insolar/cmd/insgocc/insgocc.go:178.18,181.5 2 0
github.com/insolar/insolar/cmd/insgocc/insgocc.go:182.22,185.5 2 0
github.com/insolar/insolar/cmd/insgocc/insgocc.go:187.18,190.5 2 0
github.com/insolar/insolar/cmd/insgocc/insgocc.go:194.18,197.5 2 0
github.com/insolar/insolar/cmd/insgocc/insgocc.go:203.18,206.5 2 0
github.com/insolar/insolar/cmd/insgocc/insgocc.go:211.18,214.5 2 0
github.com/insolar/insolar/cmd/insgocc/insgocc.go:217.18,220.5 2 0
github.com/insolar/insolar/cmd/insgocc/insgocc.go:224.18,227.5 2 0
github.com/insolar/insolar/cmd/insgocc/insgocc.go:230.18,233.5 2 0
github.com/insolar/insolar/cmd/insgocc/insgocc.go:236.18,239.5 2 0
github.com/insolar/insolar/cmd/insgocc/insgocc.go:247.16,250.3 2 0
github.com/insolar/insolar/api/seedmanager/seedgenerator.go:36.48,39.16 3 7504
github.com/insolar/insolar/api/seedmanager/seedgenerator.go:43.2,43.19 1 7504
github.com/insolar/insolar/api/seedmanager/seedgenerator.go:39.16,41.3 1 0
github.com/insolar/insolar/api/seedmanager/seedmanager.go:42.25,44.2 1 1
github.com/insolar/insolar/api/seedmanager/seedmanager.go:47.78,49.12 2 6
github.com/insolar/insolar/api/seedmanager/seedmanager.go:55.2,55.12 1 6
github.com/insolar/insolar/api/seedmanager/seedmanager.go:49.12,50.36 1 6
github.com/insolar/insolar/api/seedmanager/seedmanager.go:50.36,52.4 1 43
github.com/insolar/insolar/api/seedmanager/seedmanager.go:59.39,66.2 4 7504
github.com/insolar/insolar/api/seedmanager/seedmanager.go:68.59,70.2 1 18469
github.com/insolar/insolar/api/seedmanager/seedmanager.go:73.47,79.14 5 7505
github.com/insolar/insolar/api/seedmanager/seedmanager.go:85.2,85.17 1 7505
github.com/insolar/insolar/api/seedmanager/seedmanager.go:79.14,83.3 3 181
github.com/insolar/insolar/api/seedmanager/seedmanager.go:88.40,92.41 3 43
github.com/insolar/insolar/api/seedmanager/seedmanager.go:92.41,93.28 1 17763
github.com/insolar/insolar/api/seedmanager/seedmanager.go:93.28,95.4 1 7240
github.com/insolar/insolar/api/seedmanager/seedmanager.go:100.40,101.33 1 2
github.com/insolar/insolar/api/seedmanager/seedmanager.go:104.2,106.16 3 1
github.com/insolar/insolar/api/seedmanager/seedmanager.go:101.33,103.3 1 1
github.com/insolar/insolar/application/contract/noderecord/noderecord.go:41.86,43.32 2 4
github.com/insolar/insolar/application/contract/noderecord/noderecord.go:51.2,57.8 1 4
github.com/insolar/insolar/application/contract/noderecord/noderecord.go:43.32,45.31 2 4
github.com/insolar/insolar/application/contract/noderecord/noderecord.go:48.3,48.42 1 4
github.com/insolar/insolar/application/contract/noderecord/noderecord.go:45.31,47.4 1 0
github.com/insolar/insolar/application/contract/noderecord/noderecord.go:61.57,63.2 1 1
github.com/insolar/insolar/application/contract/noderecord/noderecord.go:66.54,68.2 1 1
github.com/insolar/insolar/application/contract/noderecord/noderecord.go:71.58,73.2 1 1
github.com/insolar/insolar/application/contract/noderecord/noderecord.go:76.39,79.2 2 0
github.com/insolar/insolar/application/contract/nodedomain/nodedomain.go:35.43,37.2 1 0
github.com/insolar/insolar/application/contract/nodedomain/nodedomain.go:39.80,41.2 1 0
github.com/insolar/insolar/application/contract/nodedomain/nodedomain.go:43.151,50.16 6 0
github.com/insolar/insolar/application/contract/nodedomain/nodedomain.go:54.2,56.20 2 0
github.com/insolar/insolar/application/contract/nodedomain/nodedomain.go:50.16,52.3 1 0
github.com/insolar/insolar/application/contract/nodedomain/nodedomain.go:59.105,61.33 1 0
github.com/insolar/insolar/application/contract/nodedomain/nodedomain.go:65.2,66.16 2 0
github.com/insolar/insolar/application/contract/nodedomain/nodedomain.go:70.2,73.31 3 0
github.com/insolar/insolar/application/contract/nodedomain/nodedomain.go:92.2,92.27 1 0
github.com/insolar/insolar/application/contract/nodedomain/nodedomain.go:96.2,96.20 1 0
github.com/insolar/insolar/application/contract/nodedomain/nodedomain.go:61.33,63.3 1 0
github.com/insolar/insolar/application/contract/nodedomain/nodedomain.go:66.16,68.3 1 0
github.com/insolar/insolar/application/contract/nodedomain/nodedomain.go:73.31,74.28 1 0
github.com/insolar/insolar/application/contract/nodedomain/nodedomain.go:77.3,81.17 4 0
github.com/insolar/insolar/application/contract/nodedomain/nodedomain.go:85.3,89.33 4 0
github.com/insolar/insolar/application/contract/nodedomain/nodedomain.go:74.28,75.9 1 0
github.com/insolar/insolar/application/contract/nodedomain/nodedomain.go:81.17,83.4 1 0
github.com/insolar/insolar/application/contract/nodedomain/nodedomain.go:92.27,94.3 1 0
github.com/insolar/insolar/application/contract/nodedomain/nodedomain.go:100.143,103.23 2 0
github.com/insolar/insolar/application/contract/nodedomain/nodedomain.go:109.2,110.16 2 0
github.com/insolar/insolar/application/contract/nodedomain/nodedomain.go:115.2,117.16 3 0
github.com/insolar/insolar/application/contract/nodedomain/nodedomain.go:121.2,124.16 3 0
github.com/insolar/insolar/application/contract/nodedomain/nodedomain.go:128.2,128.21 1 0
github.com/insolar/insolar/application/contract/nodedomain/nodedomain.go:103.23,104.82 1 0
github.com/insolar/insolar/application/contract/nodedomain/nodedomain.go:104.82,106.4 1 0
github.com/insolar/insolar/application/contract/nodedomain/nodedomain.go:110.16,112.3 1 0
github.com/insolar/insolar/application/contract/nodedomain/nodedomain.go:117.16,119.3 1 0
github.com/insolar/insolar/application/contract/nodedomain/nodedomain.go:124.16,126.3 1 0
github.com/insolar/insolar/application/contract/nodedomain/nodedomain.go:132.64,135.2 2 0
github.com/insolar/insolar/application/contract/nodedomain/nodedomain.go:138.108,140.16 2 0
github.com/insolar/insolar/application/contract/nodedomain/nodedomain.go:143.2,144.16 2 0
github.com/insolar/insolar/application/contract/nodedomain/nodedomain.go:147.2,147.16 1 0
github.com/insolar/insolar/application/contract/nodedomain/nodedomain.go:140.16,142.3 1 0
github.com/insolar/insolar/application/contract/nodedomain/nodedomain.go:144.16,146.3 1 0
github.com/insolar/insolar/application/contract/nodedomain/nodedomain.go:151.124,154.16 3 0
github.com/insolar/insolar/application/contract/nodedomain/nodedomain.go:158.2,162.16 4 0
github.com/insolar/insolar/application/contract/nodedomain/nodedomain.go:165.2,165.9 1 0
github.com/insolar/insolar/application/contract/nodedomain/nodedomain.go:169.2,169.27 1 0
github.com/insolar/insolar/application/contract/nodedomain/nodedomain.go:154.16,156.3 1 0
github.com/insolar/insolar/application/contract/nodedomain/nodedomain.go:162.16,164.3 1 0
github.com/insolar/insolar/application/contract/nodedomain/nodedomain.go:165.9,167.3 1 0
github.com/insolar/insolar/certificate/certificate.go:47.76,49.16 2 3
github.com/insolar/insolar/certificate/certificate.go:52.2,52.32 1 3
github.com/insolar/insolar/certificate/certificate.go:58.2,58.12 1 2
github.com/insolar/insolar/certificate/certificate.go:49.16,51.3 1 0
github.com/insolar/insolar/certificate/certificate.go:52.32,57.3 2 1
github.com/insolar/insolar/certificate/certificate.go:62.77,64.16 2 4
github.com/insolar/insolar/certificate/certificate.go:67.2,69.16 3 3
github.com/insolar/insolar/certificate/certificate.go:73.2,74.16 2 2
github.com/insolar/insolar/certificate/certificate.go:78.2,79.16 2 1
github.com/insolar/insolar/certificate/certificate.go:83.2,84.19 2 1
github.com/insolar/insolar/certificate/certificate.go:64.16,66.3 1 1
github.com/insolar/insolar/certificate/certificate.go:69.16,71.3 1 1
github.com/insolar/insolar/certificate/certificate.go:74.16,76.3 1 1
github.com/insolar/insolar/certificate/certificate.go:79.16,81.3 1 0
github.com/insolar/insolar/certificate/certificate.go:87.34,94.2 6 2
github.com/insolar/insolar/certificate/certificate.go:97.69,101.16 4 2
github.com/insolar/insolar/certificate/certificate.go:105.2,106.16 2 1
github.com/insolar/insolar/certificate/certificate.go:110.2,112.19 2 1
github.com/insolar/insolar/certificate/certificate.go:101.16,103.3 1 1
github.com/insolar/insolar/certificate/certificate.go:106.16,108.3 1 0
github.com/insolar/insolar/certificate/certificate.go:116.57,118.2 1 0
github.com/insolar/insolar/certificate/certificate.go:121.58,123.2 1 0
github.com/insolar/insolar/certificate/certificate.go:126.65,128.2 1 0
github.com/insolar/insolar/certificate/certificate.go:130.65,132.16 2 8
github.com/insolar/insolar/certificate/certificate.go:135.2,137.16 3 5
github.com/insolar/insolar/certificate/certificate.go:141.2,142.16 2 4
github.com/insolar/insolar/certificate/certificate.go:146.2,147.16 2 3
github.com/insolar/insolar/certificate/certificate.go:151.2,151.21 1 2
github.com/insolar/insolar/certificate/certificate.go:132.16,134.3 1 3
github.com/insolar/insolar/certificate/certificate.go:137.16,139.3 1 1
github.com/insolar/insolar/certificate/certificate.go:142.16,144.3 1 1
github.com/insolar/insolar/certificate/certificate.go:147.16,149.3 1 1
github.com/insolar/insolar/certificate/certificate.go:154.77,156.16 2 5
github.com/insolar/insolar/certificate/certificate.go:159.2,159.39 1 5
github.com/insolar/insolar/certificate/certificate.go:162.2,162.12 1 3
github.com/insolar/insolar/certificate/certificate.go:156.16,158.3 1 0
github.com/insolar/insolar/certificate/certificate.go:159.39,161.3 1 2
github.com/insolar/insolar/certificate/certificate.go:165.70,167.16 2 2
github.com/insolar/insolar/certificate/certificate.go:171.2,174.12 3 2
github.com/insolar/insolar/certificate/certificate.go:167.16,169.3 1 0
github.com/insolar/insolar/certificate/certificate.go:178.47,180.16 2 1
github.com/insolar/insolar/certificate/certificate.go:184.2,185.16 2 1
github.com/insolar/insolar/certificate/certificate.go:189.2,189.12 1 1
github.com/insolar/insolar/certificate/certificate.go:180.16,182.3 1 0
github.com/insolar/insolar/certificate/certificate.go:185.16,187.3 1 0
github.com/insolar/insolar/certificate/certificate.go:192.49,194.16 2 0
github.com/insolar/insolar/certificate/certificate.go:198.2,198.28 1 0
github.com/insolar/insolar/certificate/certificate.go:194.16,196.3 1 0
github.com/insolar/insolar/cryptohelpers/ecdsa/ecdsa.go:38.69,40.16 2 1
github.com/insolar/insolar/cryptohelpers/ecdsa/ecdsa.go:43.2,44.32 2 1
github.com/insolar/insolar/cryptohelpers/ecdsa/ecdsa.go:40.16,42.3 1 0
github.com/insolar/insolar/cryptohelpers/ecdsa/ecdsa.go:48.66,50.16 2 2
github.com/insolar/insolar/cryptohelpers/ecdsa/ecdsa.go:53.2,55.35 2 2
github.com/insolar/insolar/cryptohelpers/ecdsa/ecdsa.go:50.16,52.3 1 0
github.com/insolar/insolar/cryptohelpers/ecdsa/ecdsa.go:59.69,61.18 2 1
github.com/insolar/insolar/cryptohelpers/ecdsa/ecdsa.go:64.2,66.16 3 1
github.com/insolar/insolar/cryptohelpers/ecdsa/ecdsa.go:69.2,69.24 1 1
github.com/insolar/insolar/cryptohelpers/ecdsa/ecdsa.go:61.18,63.3 1 0
github.com/insolar/insolar/cryptohelpers/ecdsa/ecdsa.go:66.16,68.3 1 0
github.com/insolar/insolar/cryptohelpers/ecdsa/ecdsa.go:73.70,75.21 2 2
github.com/insolar/insolar/cryptohelpers/ecdsa/ecdsa.go:78.2,80.16 3 2
github.com/insolar/insolar/cryptohelpers/ecdsa/ecdsa.go:83.2,84.9 2 2
github.com/insolar/insolar/cryptohelpers/ecdsa/ecdsa.go:87.2,87.23 1 2
github.com/insolar/insolar/cryptohelpers/ecdsa/ecdsa.go:75.21,77.3 1 0
github.com/insolar/insolar/cryptohelpers/ecdsa/ecdsa.go:80.16,82.3 1 0
github.com/insolar/insolar/cryptohelpers/ecdsa/ecdsa.go:84.9,86.3 1 0
github.com/insolar/insolar/cryptohelpers/ecdsa/ecdsa.go:96.63,100.16 2 2
github.com/insolar/insolar/cryptohelpers/ecdsa/ecdsa.go:104.2,105.16 2 2
github.com/insolar/insolar/cryptohelpers/ecdsa/ecdsa.go:109.2,109.23 1 2
github.com/insolar/insolar/cryptohelpers/ecdsa/ecdsa.go:100.16,102.3 1 0
github.com/insolar/insolar/cryptohelpers/ecdsa/ecdsa.go:105.16,107.3 1 0
github.com/insolar/insolar/cryptohelpers/ecdsa/ecdsa.go:113.76,116.16 3 1
github.com/insolar/insolar/cryptohelpers/ecdsa/ecdsa.go:119.2,119.20 1 1
github.com/insolar/insolar/cryptohelpers/ecdsa/ecdsa.go:123.2,124.16 2 1
github.com/insolar/insolar/cryptohelpers/ecdsa/ecdsa.go:128.2,129.68 2 1
github.com/insolar/insolar/cryptohelpers/ecdsa/ecdsa.go:116.16,118.3 1 0
github.com/insolar/insolar/cryptohelpers/ecdsa/ecdsa.go:119.20,121.3 1 0
github.com/insolar/insolar/cryptohelpers/ecdsa/ecdsa.go:124.16,126.3 1 0
github.com/insolar/insolar/cryptohelpers/ecdsa/ecdsa.go:133.47,135.2 1 1
github.com/insolar/insolar/cryptohelpers/ecdsa/ecdsa.go:138.51,140.16 2 1
github.com/insolar/insolar/cryptohelpers/ecdsa/ecdsa.go:143.2,143.20 1 1
github.com/insolar/insolar/cryptohelpers/ecdsa/ecdsa.go:140.16,142.3 1 0
github.com/insolar/insolar/cryptohelpers/ecdsa/ecdsa.go:147.54,149.2 1 4
github.com/insolar/insolar/api/requesters/config.go:43.58,45.16 2 12
github.com/insolar/insolar/api/requesters/config.go:49.2,50.16 2 11
github.com/insolar/insolar/api/requesters/config.go:54.2,54.12 1 10
github.com/insolar/insolar/api/requesters/config.go:45.16,47.3 1 1
github.com/insolar/insolar/api/requesters/config.go:50.16,52.3 1 1
github.com/insolar/insolar/api/requesters/config.go:58.67,61.16 3 5
github.com/insolar/insolar/api/requesters/config.go:65.2,66.16 2 5
github.com/insolar/insolar/api/requesters/config.go:70.2,70.21 1 5
github.com/insolar/insolar/api/requesters/config.go:61.16,63.3 1 0
github.com/insolar/insolar/api/requesters/config.go:66.16,68.3 1 0
github.com/insolar/insolar/api/requesters/config.go:74.73,77.16 3 5
github.com/insolar/insolar/api/requesters/config.go:81.2,81.21 1 5
github.com/insolar/insolar/api/requesters/config.go:77.16,79.3 1 0
github.com/insolar/insolar/api/requesters/config.go:85.79,90.2 4 0
github.com/insolar/insolar/api/requesters/requesters.go:36.51,37.13 1 9
github.com/insolar/insolar/api/requesters/requesters.go:37.13,39.3 1 9
github.com/insolar/insolar/api/requesters/requesters.go:43.28,45.2 1 1
github.com/insolar/insolar/api/requesters/requesters.go:51.68,53.16 2 9
github.com/insolar/insolar/api/requesters/requesters.go:57.2,58.16 2 9
github.com/insolar/insolar/api/requesters/requesters.go:61.2,61.42 1 8
github.com/insolar/insolar/api/requesters/requesters.go:65.2,67.16 3 5
github.com/insolar/insolar/api/requesters/requesters.go:71.2,71.18 1 5
github.com/insolar/insolar/api/requesters/requesters.go:53.16,55.3 1 0
github.com/insolar/insolar/api/requesters/requesters.go:58.16,60.3 1 1
github.com/insolar/insolar/api/requesters/requesters.go:61.42,63.3 1 3
github.com/insolar/insolar/api/requesters/requesters.go:67.16,69.3 1 0
github.com/insolar/insolar/api/requesters/requesters.go:75.42,79.16 2 3
github.com/insolar/insolar/api/requesters/requesters.go:83.2,87.16 4 2
github.com/insolar/insolar/api/requesters/requesters.go:91.2,91.27 1 2
github.com/insolar/insolar/api/requesters/requesters.go:79.16,81.3 1 1
github.com/insolar/insolar/api/requesters/requesters.go:87.16,89.3 1 0
github.com/insolar/insolar/api/requesters/requesters.go:94.60,96.16 2 3
github.com/insolar/insolar/api/requesters/requesters.go:99.2,99.18 1 3
github.com/insolar/insolar/api/requesters/requesters.go:96.16,98.3 1 0
github.com/insolar/insolar/api/requesters/requesters.go:103.133,104.37 1 4
github.com/insolar/insolar/api/requesters/requesters.go:108.2,109.16 2 3
github.com/insolar/insolar/api/requesters/requesters.go:113.2,118.16 2 3
github.com/insolar/insolar/api/requesters/requesters.go:122.2,124.16 3 3
github.com/insolar/insolar/api/requesters/requesters.go:127.2,137.16 3 3
github.com/insolar/insolar/api/requesters/requesters.go:141.2,141.18 1 2
github.com/insolar/insolar/api/requesters/requesters.go:104.37,106.3 1 1
github.com/insolar/insolar/api/requesters/requesters.go:109.16,111.3 1 0
github.com/insolar/insolar/api/requesters/requesters.go:118.16,120.3 1 0
github.com/insolar/insolar/api/requesters/requesters.go:124.16,126.3 1 0
github.com/insolar/insolar/api/requesters/requesters.go:137.16,139.3 1 1
github.com/insolar/insolar/api/requesters/requesters.go:145.112,148.16 3 2
github.com/insolar/insolar/api/requesters/requesters.go:151.2,154.16 3 1
github.com/insolar/insolar/api/requesters/requesters.go:158.2,158.22 1 1
github.com/insolar/insolar/api/requesters/requesters.go:148.16,150.3 1 1
github.com/insolar/insolar/api/requesters/requesters.go:154.16,156.3 1 0
github.com/insolar/insolar/cryptohelpers/hash/hash.go:34.39,36.23 2 20
github.com/insolar/insolar/cryptohelpers/hash/hash.go:39.2,39.19 1 20
github.com/insolar/insolar/cryptohelpers/hash/hash.go:36.23,38.3 1 20
github.com/insolar/insolar/cryptohelpers/hash/hash.go:43.28,45.2 1 0
github.com/insolar/insolar/cryptohelpers/hash/hash.go:48.35,51.2 2 0
github.com/insolar/insolar/cryptohelpers/hash/hash.go:54.36,57.2 2 0
github.com/insolar/insolar/api/request_handler.go:42.58,45.16 3 0
github.com/insolar/insolar/api/request_handler.go:49.2,50.9 2 0
github.com/insolar/insolar/api/request_handler.go:55.2,55.24 1 0
github.com/insolar/insolar/api/request_handler.go:45.16,47.3 1 0
github.com/insolar/insolar/api/request_handler.go:50.9,53.3 2 0
github.com/insolar/insolar/api/request_handler.go:58.77,63.16 5 0
github.com/insolar/insolar/api/request_handler.go:67.2,67.17 1 0
github.com/insolar/insolar/api/request_handler.go:71.2,71.26 1 0
github.com/insolar/insolar/api/request_handler.go:63.16,65.3 1 0
github.com/insolar/insolar/api/request_handler.go:67.17,69.3 1 0
github.com/insolar/insolar/api/request_handler.go:85.183,93.2 1 2
github.com/insolar/insolar/api/request_handler.go:95.117,97.16 2 0
github.com/insolar/insolar/api/request_handler.go:101.2,102.16 2 0
github.com/insolar/insolar/api/request_handler.go:106.2,106.24 1 0
github.com/insolar/insolar/api/request_handler.go:97.16,99.3 1 0
github.com/insolar/insolar/api/request_handler.go:102.16,104.3 1 0
github.com/insolar/insolar/api/request_handler.go:109.134,110.26 1 0
github.com/insolar/insolar/api/request_handler.go:114.2,122.16 3 0
github.com/insolar/insolar/api/request_handler.go:126.2,126.17 1 0
github.com/insolar/insolar/api/request_handler.go:110.26,112.3 1 0
github.com/insolar/insolar/api/request_handler.go:122.16,124.3 1 0
github.com/insolar/insolar/api/request_handler.go:130.100,133.35 2 1
github.com/insolar/insolar/api/request_handler.go:137.2,137.31 1 1
github.com/insolar/insolar/api/request_handler.go:141.2,141.30 1 0
github.com/insolar/insolar/api/request_handler.go:145.2,148.16 2 0
github.com/insolar/insolar/api/request_handler.go:152.2,153.16 2 0
github.com/insolar/insolar/api/request_handler.go:157.2,159.16 3 0
github.com/insolar/insolar/api/request_handler.go:163.2,165.20 2 0
github.com/insolar/insolar/api/request_handler.go:133.35,135.3 1 0
github.com/insolar/insolar/api/request_handler.go:137.31,139.3 1 1
github.com/insolar/insolar/api/request_handler.go:141.30,143.3 1 0
github.com/insolar/insolar/api/request_handler.go:148.16,150.3 1 0
github.com/insolar/insolar/api/request_handler.go:153.16,155.3 1 0
github.com/insolar/insolar/api/request_handler.go:159.16,161.3 1 0
github.com/insolar/insolar/api/request_handler.go:170.100,175.16 3 0
github.com/insolar/insolar/api/request_handler.go:179.2,180.16 2 0
github.com/insolar/insolar/api/request_handler.go:183.2,188.16 4 0
github.com/insolar/insolar/api/request_handler.go:192.2,194.16 3 0
github.com/insolar/insolar/api/request_handler.go:197.2,198.16 2 0
github.com/insolar/insolar/api/request_handler.go:201.2,202.16 2 0
github.com/insolar/insolar/api/request_handler.go:206.2,207.16 2 0
github.com/insolar/insolar/api/request_handler.go:211.2,212.16 2 0
github.com/insolar/insolar/api/request_handler.go:216.2,217.16 2 0
github.com/insolar/insolar/api/request_handler.go:221.2,221.25 1 0
github.com/insolar/insolar/api/request_handler.go:225.2,227.20 2 0
github.com/insolar/insolar/api/request_handler.go:175.16,177.3 1 0
github.com/insolar/insolar/api/request_handler.go:180.16,182.3 1 0
github.com/insolar/insolar/api/request_handler.go:188.16,190.3 1 0
github.com/insolar/insolar/api/request_handler.go:194.16,196.3 1 0
github.com/insolar/insolar/api/request_handler.go:198.16,200.3 1 0
github.com/insolar/insolar/api/request_handler.go:202.16,204.3 1 0
github.com/insolar/insolar/api/request_handler.go:207.16,209.3 1 0
github.com/insolar/insolar/api/request_handler.go:212.16,214.3 1 0
github.com/insolar/insolar/api/request_handler.go:217.16,219.3 1 0
github.com/insolar/insolar/api/request_handler.go:221.25,223.3 1 0
github.com/insolar/insolar/api/request_handler.go:231.95,234.16 3 0
github.com/insolar/insolar/api/request_handler.go:237.2,241.20 3 0
github.com/insolar/insolar/api/request_handler.go:234.16,236.3 1 0
github.com/insolar/insolar/api/call.go:50.78,52.16 2 0
github.com/insolar/insolar/api/call.go:55.2,55.20 1 0
github.com/insolar/insolar/api/call.go:59.2,60.16 2 0
github.com/insolar/insolar/api/call.go:63.2,63.18 1 0
github.com/insolar/insolar/api/call.go:52.16,54.3 1 0
github.com/insolar/insolar/api/call.go:55.20,57.3 1 0
github.com/insolar/insolar/api/call.go:60.16,62.3 1 0
github.com/insolar/insolar/api/call.go:66.78,68.16 2 0
github.com/insolar/insolar/api/call.go:71.2,71.15 1 0
github.com/insolar/insolar/api/call.go:75.2,80.16 2 0
github.com/insolar/insolar/api/call.go:84.2,85.16 2 0
github.com/insolar/insolar/api/call.go:88.2,88.15 1 0
github.com/insolar/insolar/api/call.go:91.2,91.12 1 0
github.com/insolar/insolar/api/call.go:68.16,70.3 1 0
github.com/insolar/insolar/api/call.go:71.15,73.3 1 0
github.com/insolar/insolar/api/call.go:80.16,82.3 1 0
github.com/insolar/insolar/api/call.go:85.16,87.3 1 0
github.com/insolar/insolar/api/call.go:88.15,90.3 1 0
github.com/insolar/insolar/api/call.go:94.91,95.63 1 1
github.com/insolar/insolar/api/call.go:95.63,104.16 6 0
github.com/insolar/insolar/api/call.go:116.3,117.17 2 0
github.com/insolar/insolar/api/call.go:123.3,124.18 2 0
github.com/insolar/insolar/api/call.go:130.3,130.36 1 0
github.com/insolar/insolar/api/call.go:136.3,137.17 2 0
github.com/insolar/insolar/api/call.go:143.3,144.17 2 0
github.com/insolar/insolar/api/call.go:149.3,157.17 2 0
github.com/insolar/insolar/api/call.go:163.3,166.17 4 0
github.com/insolar/insolar/api/call.go:172.3,173.25 2 0
github.com/insolar/insolar/api/call.go:104.16,106.18 2 0
github.com/insolar/insolar/api/call.go:109.4,111.18 3 0
github.com/insolar/insolar/api/call.go:106.18,108.5 1 0
github.com/insolar/insolar/api/call.go:111.18,113.5 1 0
github.com/insolar/insolar/api/call.go:117.17,121.4 3 0
github.com/insolar/insolar/api/call.go:124.18,128.4 3 0
github.com/insolar/insolar/api/call.go:130.36,134.4 3 0
github.com/insolar/insolar/api/call.go:137.17,141.4 3 0
github.com/insolar/insolar/api/call.go:144.17,148.4 3 0
github.com/insolar/insolar/api/call.go:157.17,161.4 3 0
github.com/insolar/insolar/api/call.go:166.17,170.4 3 0
github.com/insolar/insolar/api/call.go:173.25,176.4 2 0
github.com/insolar/insolar/api/info.go:28.91,29.63 1 1
github.com/insolar/insolar/api/info.go:29.63,34.17 3 0
github.com/insolar/insolar/api/info.go:38.3,40.17 3 0
github.com/insolar/insolar/api/info.go:34.17,36.4 1 0
github.com/insolar/insolar/api/info.go:40.17,42.4 1 0
github.com/insolar/insolar/api/main.go:47.66,55.2 2 4
github.com/insolar/insolar/api/main.go:57.62,60.16 3 1
github.com/insolar/insolar/api/main.go:63.2,63.16 1 1
github.com/insolar/insolar/api/main.go:60.16,62.3 1 0
github.com/insolar/insolar/api/main.go:68.104,73.15 4 2
github.com/insolar/insolar/api/main.go:86.2,86.19 1 1
github.com/insolar/insolar/api/main.go:92.2,92.15 1 1
github.com/insolar/insolar/api/main.go:74.20,75.47 1 1
github.com/insolar/insolar/api/main.go:76.14,77.47 1 0
github.com/insolar/insolar/api/main.go:78.15,79.42 1 0
github.com/insolar/insolar/api/main.go:80.10,84.16 4 1
github.com/insolar/insolar/api/main.go:86.19,90.3 3 1
github.com/insolar/insolar/api/main.go:98.81,100.16 2 3
github.com/insolar/insolar/api/main.go:103.2,103.20 1 3
github.com/insolar/insolar/api/main.go:107.2,109.16 3 2
github.com/insolar/insolar/api/main.go:113.2,115.21 2 2
github.com/insolar/insolar/api/main.go:100.16,102.3 1 0
github.com/insolar/insolar/api/main.go:103.20,105.3 1 1
github.com/insolar/insolar/api/main.go:109.16,111.3 1 0
github.com/insolar/insolar/api/main.go:118.120,119.63 1 1
github.com/insolar/insolar/api/main.go:119.63,125.16 6 3
github.com/insolar/insolar/api/main.go:146.3,147.17 2 3
github.com/insolar/insolar/api/main.go:152.3,154.55 2 2
github.com/insolar/insolar/api/main.go:125.16,126.21 1 3
github.com/insolar/insolar/api/main.go:129.4,129.21 1 3
github.com/insolar/insolar/api/main.go:132.4,134.18 3 3
github.com/insolar/insolar/api/main.go:137.4,140.18 4 3
github.com/insolar/insolar/api/main.go:143.4,143.99 1 3
github.com/insolar/insolar/api/main.go:126.21,128.5 1 0
github.com/insolar/insolar/api/main.go:129.21,131.5 1 1
github.com/insolar/insolar/api/main.go:134.18,136.5 1 0
github.com/insolar/insolar/api/main.go:140.18,142.5 1 0
github.com/insolar/insolar/api/main.go:147.17,151.4 3 1
github.com/insolar/insolar/api/main.go:170.63,171.16 1 5
github.com/insolar/insolar/api/main.go:174.2,174.19 1 4
github.com/insolar/insolar/api/main.go:177.2,177.28 1 3
github.com/insolar/insolar/api/main.go:181.2,189.17 3 2
github.com/insolar/insolar/api/main.go:171.16,173.3 1 1
github.com/insolar/insolar/api/main.go:174.19,176.3 1 1
github.com/insolar/insolar/api/main.go:177.28,179.3 1 1
github.com/insolar/insolar/api/main.go:192.76,193.25 1 1
github.com/insolar/insolar/api/main.go:193.25,195.3 1 1
github.com/insolar/insolar/api/main.go:195.8,197.3 1 0
github.com/insolar/insolar/api/main.go:201.71,216.12 12 1
github.com/insolar/insolar/api/main.go:221.2,221.12 1 1
github.com/insolar/insolar/api/main.go:216.12,217.52 1 1
github.com/insolar/insolar/api/main.go:217.52,219.4 1 0
github.com/insolar/insolar/api/main.go:225.51,232.16 6 0
github.com/insolar/insolar/api/main.go:236.2,236.12 1 0
github.com/insolar/insolar/api/main.go:232.16,234.3 1 0
github.com/insolar/insolar/api/main.go:239.84,243.8 4 0
github.com/insolar/insolar/api/main.go:246.2,247.16 2 0
github.com/insolar/insolar/api/main.go:250.2,258.16 2 0
github.com/insolar/insolar/api/main.go:262.2,264.16 3 0
github.com/insolar/insolar/api/main.go:267.2,267.24 1 0
github.com/insolar/insolar/api/main.go:271.2,274.17 4 0
github.com/insolar/insolar/api/main.go:243.8,245.3 1 0
github.com/insolar/insolar/api/main.go:247.16,249.3 1 0
github.com/insolar/insolar/api/main.go:258.16,260.3 1 0
github.com/insolar/insolar/api/main.go:264.16,266.3 1 0
github.com/insolar/insolar/api/main.go:267.24,269.3 1 0
github.com/insolar/insolar/api/main.go:278.27,280.16 2 3
github.com/insolar/insolar/api/main.go:283.2,283.21 1 3
github.com/insolar/insolar/api/main.go:280.16,282.3 1 0
github.com/insolar/insolar/api/query_params.go:36.49,37.18 1 2
github.com/insolar/insolar/api/query_params.go:46.2,46.18 1 1
github.com/insolar/insolar/api/query_params.go:38.23,39.22 1 1
github.com/insolar/insolar/api/query_params.go:40.17,41.16 1 0
github.com/insolar/insolar/api/query_params.go:42.18,43.17 1 0
github.com/insolar/insolar/configuration/bootstrap.go:24.31,26.2 1 13
github.com/insolar/insolar/configuration/configuration.go:53.39,71.2 2 13
github.com/insolar/insolar/configuration/configuration.go:74.50,76.16 2 2
github.com/insolar/insolar/configuration/configuration.go:79.2,79.10 1 1
github.com/insolar/insolar/configuration/configuration.go:76.16,77.13 1 1
github.com/insolar/insolar/configuration/configuration.go:85.55,87.16 2 4
github.com/insolar/insolar/configuration/configuration.go:95.2,96.16 2 2
github.com/insolar/insolar/configuration/configuration.go:99.2,99.15 1 2
github.com/insolar/insolar/configuration/configuration.go:87.16,88.15 1 4
github.com/insolar/insolar/configuration/configuration.go:91.3,91.56 1 2
github.com/insolar/insolar/configuration/configuration.go:88.15,90.4 1 2
github.com/insolar/insolar/configuration/configuration.go:91.56,93.4 1 0
github.com/insolar/insolar/configuration/configuration.go:96.16,98.3 1 0
github.com/insolar/insolar/configuration/configuration.go:103.26,116.2 9 10
github.com/insolar/insolar/configuration/configuration.go:119.31,121.16 2 8
github.com/insolar/insolar/configuration/configuration.go:125.2,125.58 1 3
github.com/insolar/insolar/configuration/configuration.go:121.16,123.3 1 5
github.com/insolar/insolar/configuration/configuration.go:129.34,133.2 2 3
github.com/insolar/insolar/configuration/configuration.go:136.50,139.2 2 4
github.com/insolar/insolar/configuration/configuration.go:142.31,145.2 2 0
github.com/insolar/insolar/configuration/configuration.go:148.44,150.2 1 1
github.com/insolar/insolar/configuration/configuration.go:152.67,155.38 3 60
github.com/insolar/insolar/configuration/configuration.go:155.38,160.9 5 195
github.com/insolar/insolar/configuration/configuration.go:163.3,164.24 2 195
github.com/insolar/insolar/configuration/configuration.go:160.9,162.4 1 0
github.com/insolar/insolar/configuration/configuration.go:165.23,166.44 1 57
github.com/insolar/insolar/configuration/configuration.go:167.11,169.18 2 138
github.com/insolar/insolar/configuration/configuration.go:169.18,171.5 1 0
github.com/insolar/insolar/configuration/configuration.go:177.38,179.16 2 0
github.com/insolar/insolar/configuration/configuration.go:182.2,182.18 1 0
github.com/insolar/insolar/configuration/configuration.go:179.16,181.3 1 0
github.com/insolar/insolar/configuration/hostnetwork.go:41.35,54.2 3 13
github.com/insolar/insolar/configuration/logicrunner.go:45.35,55.2 1 13
github.com/insolar/insolar/configuration/metrics.go:25.27,27.2 1 13
github.com/insolar/insolar/configuration/nodenetwork.go:30.35,34.2 1 13
github.com/insolar/insolar/configuration/servicenetwork.go:29.41,31.2 1 13
github.com/insolar/insolar/configuration/tracer.go:33.25,39.2 1 13
github.com/insolar/insolar/configuration/apirunner.go:32.31,39.2 1 13
github.com/insolar/insolar/configuration/apirunner.go:41.38,44.2 2 0
github.com/insolar/insolar/configuration/ledger.go:46.25,63.2 1 13
github.com/insolar/insolar/configuration/log.go:26.19,28.2 1 13
github.com/insolar/insolar/configuration/pulsar.go:25.42,27.2 1 0
github.com/insolar/insolar/configuration/pulsar.go:56.25,75.2 1 13
github.com/insolar/insolar/component/manager.go:34.55,36.31 2 1
github.com/insolar/insolar/component/manager.go:36.31,41.49 4 2
github.com/insolar/insolar/component/manager.go:41.49,43.43 2 8
github.com/insolar/insolar/component/manager.go:43.43,48.37 3 2
github.com/insolar/insolar/component/manager.go:58.5,58.20 1 2
github.com/insolar/insolar/component/manager.go:48.37,50.66 2 3
github.com/insolar/insolar/component/manager.go:50.66,54.12 4 2
github.com/insolar/insolar/component/manager.go:58.20,59.69 1 0
github.com/insolar/insolar/component/manager.go:69.52,70.33 1 1
github.com/insolar/insolar/component/manager.go:82.2,82.12 1 1
github.com/insolar/insolar/component/manager.go:70.33,72.31 2 2
github.com/insolar/insolar/component/manager.go:72.31,75.18 3 2
github.com/insolar/insolar/component/manager.go:75.18,77.5 1 0
github.com/insolar/insolar/component/manager.go:78.9,80.4 1 0
github.com/insolar/insolar/component/manager.go:86.51,88.46 1 1
github.com/insolar/insolar/component/manager.go:101.2,101.12 1 1
github.com/insolar/insolar/component/manager.go:88.46,90.45 2 2
github.com/insolar/insolar/component/manager.go:90.45,94.18 3 1
github.com/insolar/insolar/component/manager.go:94.18,96.5 1 0
github.com/insolar/insolar/component/manager.go:97.9,99.4 1 1
github.com/insolar/insolar/core/message/ledger.go:27.50,29.2 1 0
github.com/insolar/insolar/core/message/ledger.go:32.48,34.2 1 0
github.com/insolar/insolar/core/message/ledger.go:45.45,47.2 1 1
github.com/insolar/insolar/core/message/ledger.go:50.46,52.2 1 0
github.com/insolar/insolar/core/message/ledger.go:61.43,63.2 1 0
github.com/insolar/insolar/core/message/ledger.go:66.44,68.2 1 0
github.com/insolar/insolar/core/message/ledger.go:78.44,80.2 1 0
github.com/insolar/insolar/core/message/ledger.go:83.45,85.2 1 0
github.com/insolar/insolar/core/message/ledger.go:96.45,98.2 1 0
github.com/insolar/insolar/core/message/ledger.go:101.46,103.2 1 0
github.com/insolar/insolar/core/message/ledger.go:113.47,115.2 1 0
github.com/insolar/insolar/core/message/ledger.go:118.48,120.2 1 0
github.com/insolar/insolar/core/message/ledger.go:131.47,133.2 1 0
github.com/insolar/insolar/core/message/ledger.go:136.48,138.2 1 0
github.com/insolar/insolar/core/message/ledger.go:150.48,152.2 1 0
github.com/insolar/insolar/core/message/ledger.go:155.49,157.2 1 0
github.com/insolar/insolar/core/message/ledger.go:169.49,171.2 1 0
github.com/insolar/insolar/core/message/ledger.go:174.50,176.2 1 0
github.com/insolar/insolar/core/message/ledger.go:184.47,186.2 1 0
github.com/insolar/insolar/core/message/ledger.go:189.45,191.2 1 0
github.com/insolar/insolar/core/message/ledger.go:203.47,205.2 1 0
github.com/insolar/insolar/core/message/ledger.go:208.48,210.2 1 0
github.com/insolar/insolar/core/message/ledger.go:222.43,224.2 1 0
github.com/insolar/insolar/core/message/ledger.go:227.44,229.2 1 0
github.com/insolar/insolar/core/message/ledger.go:232.42,234.2 1 0
github.com/insolar/insolar/core/message/ledger.go:247.48,249.2 1 0
github.com/insolar/insolar/core/message/ledger.go:252.51,254.2 1 0
github.com/insolar/insolar/core/message/ledger.go:257.50,259.2 1 0
github.com/insolar/insolar/core/message/logicrunner.go:48.56,50.2 1 0
github.com/insolar/insolar/core/message/logicrunner.go:53.54,55.2 1 0
github.com/insolar/insolar/core/message/logicrunner.go:58.56,60.2 1 0
github.com/insolar/insolar/core/message/logicrunner.go:71.52,73.2 1 0
github.com/insolar/insolar/core/message/logicrunner.go:76.46,78.2 1 0
github.com/insolar/insolar/core/message/logicrunner.go:81.47,83.2 1 0
github.com/insolar/insolar/core/message/logicrunner.go:103.57,105.2 1 0
github.com/insolar/insolar/core/message/logicrunner.go:108.51,110.2 1 0
github.com/insolar/insolar/core/message/logicrunner.go:113.52,114.26 1 0
github.com/insolar/insolar/core/message/logicrunner.go:117.2,117.59 1 0
github.com/insolar/insolar/core/message/logicrunner.go:114.26,116.3 1 0
github.com/insolar/insolar/core/message/logicrunner.go:126.51,128.2 1 0
github.com/insolar/insolar/core/message/logicrunner.go:130.53,132.2 1 0
github.com/insolar/insolar/core/message/logicrunner.go:134.52,136.2 1 0
github.com/insolar/insolar/core/message/logicrunner.go:139.55,141.2 1 0
github.com/insolar/insolar/core/message/logicrunner.go:143.57,145.2 1 0
github.com/insolar/insolar/core/message/logicrunner.go:154.52,156.2 1 0
github.com/insolar/insolar/core/message/logicrunner.go:158.54,160.2 1 0
github.com/insolar/insolar/core/message/logicrunner.go:162.53,164.2 1 0
github.com/insolar/insolar/core/message/logicrunner.go:167.56,169.2 1 0
github.com/insolar/insolar/core/message/logicrunner.go:171.58,173.2 1 0
github.com/insolar/insolar/core/message/logicrunner.go:175.63,177.2 1 0
github.com/insolar/insolar/core/message/logicrunner.go:179.50,181.2 1 0
github.com/insolar/insolar/core/message/logicrunner.go:190.53,192.2 1 0
github.com/insolar/insolar/core/message/logicrunner.go:194.54,196.2 1 0
github.com/insolar/insolar/core/message/logicrunner.go:198.54,200.2 1 0
github.com/insolar/insolar/core/message/logicrunner.go:203.57,205.2 1 0
github.com/insolar/insolar/core/message/logicrunner.go:207.59,209.2 1 0
github.com/insolar/insolar/core/message/signed.go:41.49,43.2 1 2
github.com/insolar/insolar/core/message/signed.go:46.71,50.2 3 1
github.com/insolar/insolar/core/message/signed.go:58.27,59.16 1 0
github.com/insolar/insolar/core/message/signed.go:62.2,62.16 1 0
github.com/insolar/insolar/core/message/signed.go:65.2,66.16 2 0
github.com/insolar/insolar/core/message/signed.go:69.2,75.8 1 0
github.com/insolar/insolar/core/message/signed.go:59.16,61.3 1 0
github.com/insolar/insolar/core/message/signed.go:62.16,64.3 1 0
github.com/insolar/insolar/core/message/signed.go:66.16,68.3 1 0
github.com/insolar/insolar/core/message/signed.go:79.75,81.16 2 0
github.com/insolar/insolar/core/message/signed.go:84.2,85.16 2 0
github.com/insolar/insolar/core/message/signed.go:88.2,88.18 1 0
github.com/insolar/insolar/core/message/signed.go:81.16,83.3 1 0
github.com/insolar/insolar/core/message/signed.go:85.16,87.3 1 0
github.com/insolar/insolar/core/message/signed.go:92.61,94.16 2 0
github.com/insolar/insolar/core/message/signed.go:98.2,99.16 2 0
github.com/insolar/insolar/core/message/signed.go:103.2,104.16 2 0
github.com/insolar/insolar/core/message/signed.go:108.2,108.17 1 0
github.com/insolar/insolar/core/message/signed.go:94.16,97.3 2 0
github.com/insolar/insolar/core/message/signed.go:99.16,102.3 2 0
github.com/insolar/insolar/core/message/signed.go:104.16,107.3 2 0
github.com/insolar/insolar/core/message/signed.go:112.50,114.2 1 1
github.com/insolar/insolar/core/message/signed.go:118.51,120.2 1 0
github.com/insolar/insolar/core/message/signed.go:123.52,125.2 1 0
github.com/insolar/insolar/core/message/signed.go:128.54,130.2 1 0
github.com/insolar/insolar/core/message/signed.go:132.43,134.2 1 0
github.com/insolar/insolar/core/message/signed.go:136.53,138.2 1 0
github.com/insolar/insolar/core/message/base.go:32.65,33.12 1 1
github.com/insolar/insolar/core/message/base.go:35.27,36.28 1 0
github.com/insolar/insolar/core/message/base.go:37.32,38.33 1 0
github.com/insolar/insolar/core/message/base.go:39.32,40.33 1 0
github.com/insolar/insolar/core/message/base.go:41.33,42.34 1 0
github.com/insolar/insolar/core/message/base.go:43.34,44.35 1 0
github.com/insolar/insolar/core/message/base.go:47.28,48.29 1 0
github.com/insolar/insolar/core/message/base.go:49.24,50.25 1 0
github.com/insolar/insolar/core/message/base.go:51.25,52.26 1 0
github.com/insolar/insolar/core/message/base.go:53.26,54.27 1 0
github.com/insolar/insolar/core/message/base.go:55.28,56.29 1 0
github.com/insolar/insolar/core/message/base.go:57.28,58.29 1 0
github.com/insolar/insolar/core/message/base.go:59.28,60.29 1 0
github.com/insolar/insolar/core/message/base.go:61.29,62.30 1 0
github.com/insolar/insolar/core/message/base.go:63.30,64.31 1 0
github.com/insolar/insolar/core/message/base.go:65.24,66.25 1 0
github.com/insolar/insolar/core/message/base.go:67.26,68.27 1 1
github.com/insolar/insolar/core/message/base.go:71.33,72.34 1 0
github.com/insolar/insolar/core/message/base.go:73.10,74.65 1 0
github.com/insolar/insolar/core/message/base.go:79.50,81.16 2 0
github.com/insolar/insolar/core/message/base.go:84.2,85.16 2 0
github.com/insolar/insolar/core/message/base.go:88.2,88.10 1 0
github.com/insolar/insolar/core/message/base.go:81.16,82.13 1 0
github.com/insolar/insolar/core/message/base.go:85.16,86.13 1 0
github.com/insolar/insolar/core/message/base.go:92.53,95.16 3 1
github.com/insolar/insolar/core/message/base.go:99.2,101.18 3 1
github.com/insolar/insolar/core/message/base.go:95.16,97.3 1 0
github.com/insolar/insolar/core/message/base.go:105.62,108.16 3 1
github.com/insolar/insolar/core/message/base.go:112.2,113.16 2 1
github.com/insolar/insolar/core/message/base.go:116.2,117.39 2 1
github.com/insolar/insolar/core/message/base.go:120.2,120.38 1 0
github.com/insolar/insolar/core/message/base.go:108.16,110.3 1 0
github.com/insolar/insolar/core/message/base.go:113.16,115.3 1 0
github.com/insolar/insolar/core/message/base.go:117.39,119.3 1 1
github.com/insolar/insolar/core/message/base.go:124.48,126.16 2 1
github.com/insolar/insolar/core/message/base.go:129.2,129.32 1 1
github.com/insolar/insolar/core/message/base.go:126.16,128.3 1 0
github.com/insolar/insolar/core/message/base.go:133.65,138.2 4 2
github.com/insolar/insolar/core/message/base.go:141.68,146.2 4 2
github.com/insolar/insolar/core/message/base.go:149.60,151.16 2 2
github.com/insolar/insolar/core/message/base.go:154.2,154.32 1 2
github.com/insolar/insolar/core/message/base.go:151.16,153.3 1 0
github.com/insolar/insolar/core/message/base.go:157.13,184.2 20 1
github.com/insolar/insolar/core/message/bootstrap.go:30.50,32.2 1 0
github.com/insolar/insolar/core/message/bootstrap.go:35.53,38.2 2 0
github.com/insolar/insolar/core/message/bootstrap.go:41.52,43.2 1 0
github.com/insolar/insolar/core/message/bootstrap.go:46.54,48.2 1 0
github.com/insolar/insolar/instrumentation/instracer/tracer.go:47.51,48.26 1 1
github.com/insolar/insolar/instrumentation/instracer/tracer.go:48.26,52.3 1 0
github.com/insolar/insolar/instrumentation/instracer/tracer.go:56.58,60.2 3 0
github.com/insolar/insolar/instrumentation/instracer/tracer.go:67.66,69.2 1 2
github.com/insolar/insolar/instrumentation/instracer/tracer.go:72.46,74.16 2 3
github.com/insolar/insolar/instrumentation/instracer/tracer.go:77.2,77.22 1 2
github.com/insolar/insolar/instrumentation/instracer/tracer.go:74.16,76.3 1 1
github.com/insolar/insolar/instrumentation/instracer/tracer.go:81.81,87.16 3 1
github.com/insolar/insolar/instrumentation/instracer/tracer.go:94.2,95.22 2 1
github.com/insolar/insolar/instrumentation/instracer/tracer.go:87.16,91.3 2 0
github.com/insolar/insolar/instrumentation/instracer/tracer.go:91.8,93.3 1 1
github.com/insolar/insolar/instrumentation/instracer/tracer.go:101.75,104.2 2 0
github.com/insolar/insolar/instrumentation/instracer/tracer.go:106.73,108.16 2 1
github.com/insolar/insolar/instrumentation/instracer/tracer.go:111.2,112.8 2 0
github.com/insolar/insolar/instrumentation/instracer/tracer.go:108.16,110.3 1 1
github.com/insolar/insolar/instrumentation/instracer/tracer.go:123.29,124.52 1 1
github.com/insolar/insolar/instrumentation/instracer/tracer.go:127.2,137.16 2 1
github.com/insolar/insolar/instrumentation/instracer/tracer.go:140.2,144.22 3 1
github.com/insolar/insolar/instrumentation/instracer/tracer.go:124.52,126.3 1 0
github.com/insolar/insolar/instrumentation/instracer/tracer.go:137.16,139.3 1 0
github.com/insolar/insolar/instrumentation/instracer/tracer.go:153.20,160.19 3 0
github.com/insolar/insolar/instrumentation/instracer/tracer.go:173.2,173.8 1 0
github.com/insolar/insolar/instrumentation/instracer/tracer.go:160.19,161.20 1 0
github.com/insolar/insolar/instrumentation/instracer/tracer.go:161.20,164.4 2 0
github.com/insolar/insolar/instrumentation/instracer/tracer.go:165.8,166.36 1 0
github.com/insolar/insolar/instrumentation/instracer/tracer.go:171.3,171.20 1 0
github.com/insolar/insolar/instrumentation/instracer/tracer.go:166.36,168.4 1 0
github.com/insolar/insolar/instrumentation/instracer/tracer.go:168.9,170.4 1 0
github.com/insolar/insolar/instrumentation/instracer/tracer.go:171.21,171.22 0 0
github.com/insolar/insolar/instrumentation/instracer/utils.go:23.28,26.2 2 1
github.com/insolar/insolar/instrumentation/instracer/serialize.go:27.48,29.16 2 2
github.com/insolar/insolar/instrumentation/instracer/serialize.go:32.2,32.10 1 2
github.com/insolar/insolar/instrumentation/instracer/serialize.go:29.16,30.13 1 0
github.com/insolar/insolar/instrumentation/instracer/serialize.go:36.53,40.17 3 2
github.com/insolar/insolar/instrumentation/instracer/serialize.go:45.2,46.30 2 2
github.com/insolar/insolar/instrumentation/instracer/serialize.go:40.17,44.3 3 2
github.com/insolar/insolar/instrumentation/instracer/serialize.go:50.42,52.16 2 2
github.com/insolar/insolar/instrumentation/instracer/serialize.go:55.2,55.11 1 2
github.com/insolar/insolar/instrumentation/instracer/serialize.go:52.16,53.13 1 0
github.com/insolar/insolar/instrumentation/instracer/serialize.go:59.47,64.2 4 2
github.com/insolar/insolar/instrumentation/instracer/serialize.go:67.55,71.2 3 2
github.com/insolar/insolar/cmd/insolard/components.go:38.126,42.17 3 1
github.com/insolar/insolar/cmd/insolard/components.go:50.2,107.80 24 1
github.com/insolar/insolar/cmd/insolard/components.go:42.17,45.3 2 0
github.com/insolar/insolar/cmd/insolard/components.go:45.8,48.3 2 1
github.com/insolar/insolar/cmd/insolard/interactive.go:39.24,46.16 5 0
github.com/insolar/insolar/cmd/insolard/interactive.go:49.2,49.15 1 0
github.com/insolar/insolar/cmd/insolard/interactive.go:55.2,55.6 1 0
github.com/insolar/insolar/cmd/insolard/interactive.go:46.16,47.13 1 0
github.com/insolar/insolar/cmd/insolard/interactive.go:49.15,51.24 2 0
github.com/insolar/insolar/cmd/insolard/interactive.go:51.24,52.21 1 0
github.com/insolar/insolar/cmd/insolard/interactive.go:55.6,57.17 2 0
github.com/insolar/insolar/cmd/insolard/interactive.go:60.3,62.19 2 0
github.com/insolar/insolar/cmd/insolard/interactive.go:57.17,58.9 1 0
github.com/insolar/insolar/cmd/insolard/interactive.go:63.15,64.15 1 0
github.com/insolar/insolar/cmd/insolard/interactive.go:65.15,66.10 1 0
github.com/insolar/insolar/cmd/insolard/interactive.go:67.15,68.28 1 0
github.com/insolar/insolar/cmd/insolard/interactive.go:69.19,70.38 1 0
github.com/insolar/insolar/cmd/insolard/interactive.go:71.15,72.38 1 0
github.com/insolar/insolar/cmd/insolard/interactive.go:73.16,74.52 1 0
github.com/insolar/insolar/cmd/insolard/interactive.go:75.14,77.33 2 0
github.com/insolar/insolar/cmd/insolard/interactive.go:78.22,79.29 1 0
github.com/insolar/insolar/cmd/insolard/interactive.go:80.16,81.22 1 0
github.com/insolar/insolar/cmd/insolard/interactive.go:82.11,83.28 1 0
github.com/insolar/insolar/cmd/insolard/interactive.go:88.36,90.16 2 0
github.com/insolar/insolar/cmd/insolard/interactive.go:90.16,92.3 1 0
github.com/insolar/insolar/cmd/insolard/interactive.go:92.8,94.3 1 0
github.com/insolar/insolar/cmd/insolard/interactive.go:98.56,101.26 3 0
github.com/insolar/insolar/cmd/insolard/interactive.go:101.26,103.3 1 0
github.com/insolar/insolar/cmd/insolard/interactive.go:106.94,107.21 1 0
github.com/insolar/insolar/cmd/insolard/interactive.go:111.2,113.16 3 0
github.com/insolar/insolar/cmd/insolard/interactive.go:116.2,116.12 1 0
github.com/insolar/insolar/cmd/insolard/interactive.go:107.21,110.3 2 0
github.com/insolar/insolar/cmd/insolard/interactive.go:113.16,115.3 1 0
github.com/insolar/insolar/cmd/insolard/interactive.go:116.12,118.3 1 0
github.com/insolar/insolar/cmd/insolard/interactive.go:118.8,120.3 1 0
github.com/insolar/insolar/cmd/insolard/interactive.go:123.96,130.2 6 0
github.com/insolar/insolar/cmd/insolard/interactive.go:132.106,134.16 2 0
github.com/insolar/insolar/cmd/insolard/interactive.go:134.16,136.3 1 0
github.com/insolar/insolar/cmd/insolard/interactive.go:139.89,140.64 1 0
github.com/insolar/insolar/cmd/insolard/interactive.go:147.2,149.32 3 0
github.com/insolar/insolar/cmd/insolard/interactive.go:153.2,156.16 3 0
github.com/insolar/insolar/cmd/insolard/interactive.go:140.64,141.42 1 0
github.com/insolar/insolar/cmd/insolard/interactive.go:144.3,144.9 1 0
github.com/insolar/insolar/cmd/insolard/interactive.go:141.42,143.4 1 0
github.com/insolar/insolar/cmd/insolard/interactive.go:149.32,151.3 1 0
github.com/insolar/insolar/cmd/insolard/interactive.go:156.16,158.3 1 0
github.com/insolar/insolar/cmd/insolard/interactive.go:158.8,160.3 1 0
github.com/insolar/insolar/cmd/insolard/interactive.go:163.31,173.2 1 0
github.com/insolar/insolar/cmd/insolard/main.go:46.58,48.36 2 0
github.com/insolar/insolar/cmd/insolard/main.go:48.36,50.67 1 0
github.com/insolar/insolar/cmd/insolard/main.go:50.67,54.18 4 0
github.com/insolar/insolar/cmd/insolard/main.go:57.4,57.94 1 0
github.com/insolar/insolar/cmd/insolard/main.go:54.18,56.5 1 0
github.com/insolar/insolar/cmd/insolard/main.go:69.37,77.16 8 0
github.com/insolar/insolar/cmd/insolard/main.go:81.2,81.69 1 0
github.com/insolar/insolar/cmd/insolard/main.go:84.2,84.15 1 0
github.com/insolar/insolar/cmd/insolard/main.go:77.16,79.3 1 0
github.com/insolar/insolar/cmd/insolard/main.go:81.69,83.3 1 0
github.com/insolar/insolar/cmd/insolard/main.go:87.123,98.2 8 0
github.com/insolar/insolar/cmd/insolard/main.go:100.40,101.16 1 11
github.com/insolar/insolar/cmd/insolard/main.go:101.16,104.3 2 0
github.com/insolar/insolar/cmd/insolard/main.go:107.66,108.35 1 0
github.com/insolar/insolar/cmd/insolard/main.go:112.2,116.41 4 0
github.com/insolar/insolar/cmd/insolard/main.go:119.2,123.73 3 0
github.com/insolar/insolar/cmd/insolard/main.go:108.35,111.3 2 0
github.com/insolar/insolar/cmd/insolard/main.go:116.41,118.3 1 0
github.com/insolar/insolar/cmd/insolard/main.go:126.13,132.33 5 0
github.com/insolar/insolar/cmd/insolard/main.go:137.2,137.16 1 0
github.com/insolar/insolar/cmd/insolard/main.go:141.2,142.16 2 0
github.com/insolar/insolar/cmd/insolard/main.go:146.2,146.25 1 0
github.com/insolar/insolar/cmd/insolard/main.go:150.2,157.24 5 0
github.com/insolar/insolar/cmd/insolard/main.go:158.2,158.25 1 0
github.com/insolar/insolar/cmd/insolard/main.go:163.2,173.15 7 0
github.com/insolar/insolar/cmd/insolard/main.go:179.2,183.12 4 0
github.com/insolar/insolar/cmd/insolard/main.go:195.2,195.24 1 0
github.com/insolar/insolar/cmd/insolard/main.go:205.2,207.14 3 0
github.com/insolar/insolar/cmd/insolard/main.go:132.33,134.3 1 0
github.com/insolar/insolar/cmd/insolard/main.go:134.8,136.3 1 0
github.com/insolar/insolar/cmd/insolard/main.go:137.16,139.3 1 0
github.com/insolar/insolar/cmd/insolard/main.go:142.16,144.3 1 0
github.com/insolar/insolar/cmd/insolard/main.go:146.25,148.3 1 0
github.com/insolar/insolar/cmd/insolard/main.go:157.25,157.26 0 0
github.com/insolar/insolar/cmd/insolard/main.go:158.25,162.3 3 0
github.com/insolar/insolar/cmd/insolard/main.go:173.15,177.3 3 0
github.com/insolar/insolar/cmd/insolard/main.go:183.12,192.3 7 0
github.com/insolar/insolar/cmd/insolard/main.go:195.24,203.3 3 0
github.com/insolar/insolar/cmd/insolard/main.go:210.40,212.16 2 0
github.com/insolar/insolar/cmd/insolard/main.go:212.16,214.3 1 0
github.com/insolar/insolar/ledger/ledger.go:41.54,43.2 1 0
github.com/insolar/insolar/ledger/ledger.go:46.58,48.2 1 0
github.com/insolar/insolar/ledger/ledger.go:51.60,53.2 1 0
github.com/insolar/insolar/ledger/ledger.go:56.60,59.16 3 0
github.com/insolar/insolar/ledger/ledger.go:62.2,63.16 2 0
github.com/insolar/insolar/ledger/ledger.go:66.2,67.16 2 0
github.com/insolar/insolar/ledger/ledger.go:70.2,71.16 2 0
github.com/insolar/insolar/ledger/ledger.go:74.2,75.16 2 0
github.com/insolar/insolar/ledger/ledger.go:79.2,80.16 2 0
github.com/insolar/insolar/ledger/ledger.go:84.2,92.21 2 0
github.com/insolar/insolar/ledger/ledger.go:59.16,61.3 1 0
github.com/insolar/insolar/ledger/ledger.go:63.16,65.3 1 0
github.com/insolar/insolar/ledger/ledger.go:67.16,69.3 1 0
github.com/insolar/insolar/ledger/ledger.go:71.16,73.3 1 0
github.com/insolar/insolar/ledger/ledger.go:75.16,77.3 1 0
github.com/insolar/insolar/ledger/ledger.go:80.16,82.3 1 0
github.com/insolar/insolar/ledger/ledger.go:103.11,111.2 1 0
github.com/insolar/insolar/ledger/ledger.go:114.70,116.36 2 0
github.com/insolar/insolar/ledger/ledger.go:119.2,119.36 1 0
github.com/insolar/insolar/ledger/ledger.go:122.2,122.41 1 0
github.com/insolar/insolar/ledger/ledger.go:125.2,125.36 1 0
github.com/insolar/insolar/ledger/ledger.go:129.2,129.12 1 0
github.com/insolar/insolar/ledger/ledger.go:116.36,118.3 1 0
github.com/insolar/insolar/ledger/ledger.go:119.36,121.3 1 0
github.com/insolar/insolar/ledger/ledger.go:122.41,124.3 1 0
github.com/insolar/insolar/ledger/ledger.go:125.36,127.3 1 0
github.com/insolar/insolar/ledger/ledger.go:133.50,135.2 1 0
github.com/insolar/insolar/ledger/jetdrop/serialize.go:26.44,30.16 4 2
github.com/insolar/insolar/ledger/jetdrop/serialize.go:33.2,33.25 1 2
github.com/insolar/insolar/ledger/jetdrop/serialize.go:30.16,32.3 1 0
github.com/insolar/insolar/ledger/jetdrop/serialize.go:37.43,41.16 4 2
github.com/insolar/insolar/ledger/jetdrop/serialize.go:44.2,44.19 1 2
github.com/insolar/insolar/ledger/jetdrop/serialize.go:41.16,43.3 1 0
github.com/insolar/insolar/ledger/record/request.go:35.63,37.2 1 3
github.com/insolar/insolar/ledger/record/request.go:40.37,40.63 1 1
github.com/insolar/insolar/ledger/record/request.go:43.43,45.2 1 0
github.com/insolar/insolar/ledger/record/result.go:68.35,70.2 1 0
github.com/insolar/insolar/ledger/record/result.go:73.64,75.2 1 0
github.com/insolar/insolar/ledger/record/result.go:91.36,91.55 1 4
github.com/insolar/insolar/ledger/record/result.go:94.62,96.2 1 3
github.com/insolar/insolar/ledger/record/result.go:107.36,107.55 1 7
github.com/insolar/insolar/ledger/record/result.go:110.62,112.2 1 6
github.com/insolar/insolar/ledger/record/result.go:121.62,123.2 1 0
github.com/insolar/insolar/ledger/record/result.go:126.54,128.2 1 0
github.com/insolar/insolar/ledger/record/result.go:137.60,139.2 1 0
github.com/insolar/insolar/ledger/record/result.go:142.45,144.2 1 0
github.com/insolar/insolar/ledger/record/result.go:147.45,147.73 1 4
github.com/insolar/insolar/ledger/record/result.go:150.71,152.2 1 3
github.com/insolar/insolar/ledger/record/result.go:163.57,165.2 1 0
github.com/insolar/insolar/ledger/record/result.go:168.42,170.2 1 0
github.com/insolar/insolar/ledger/record/result.go:173.42,173.67 1 4
github.com/insolar/insolar/ledger/record/result.go:176.68,178.2 1 3
github.com/insolar/insolar/ledger/record/result.go:186.48,188.2 1 0
github.com/insolar/insolar/ledger/record/result.go:201.61,203.2 1 0
github.com/insolar/insolar/ledger/record/result.go:206.46,208.2 1 0
github.com/insolar/insolar/ledger/record/result.go:211.46,211.75 1 5
github.com/insolar/insolar/ledger/record/result.go:214.72,216.2 1 3
github.com/insolar/insolar/ledger/record/result.go:227.58,229.2 1 0
github.com/insolar/insolar/ledger/record/result.go:232.43,234.2 1 0
github.com/insolar/insolar/ledger/record/result.go:237.43,237.69 1 4
github.com/insolar/insolar/ledger/record/result.go:240.69,242.2 1 3
github.com/insolar/insolar/ledger/record/result.go:251.59,253.2 1 0
github.com/insolar/insolar/ledger/record/result.go:256.44,258.2 1 0
github.com/insolar/insolar/ledger/record/result.go:261.44,261.69 1 4
github.com/insolar/insolar/ledger/record/result.go:264.70,266.2 1 3
github.com/insolar/insolar/ledger/record/result.go:269.62,271.2 1 0
github.com/insolar/insolar/ledger/record/result.go:274.47,276.2 1 0
github.com/insolar/insolar/ledger/record/result.go:279.54,281.2 1 0
github.com/insolar/insolar/ledger/record/serialize.go:52.42,53.12 1 12
github.com/insolar/insolar/ledger/record/serialize.go:55.23,56.24 1 1
github.com/insolar/insolar/ledger/record/serialize.go:57.25,58.32 1 1
github.com/insolar/insolar/ledger/record/serialize.go:59.26,60.33 1 2
github.com/insolar/insolar/ledger/record/serialize.go:61.16,62.23 1 1
github.com/insolar/insolar/ledger/record/serialize.go:63.22,64.29 1 1
github.com/insolar/insolar/ledger/record/serialize.go:65.22,66.31 1 1
github.com/insolar/insolar/ledger/record/serialize.go:67.23,68.30 1 1
github.com/insolar/insolar/ledger/record/serialize.go:69.16,70.23 1 1
github.com/insolar/insolar/ledger/record/serialize.go:71.17,72.24 1 1
github.com/insolar/insolar/ledger/record/serialize.go:73.19,74.26 1 1
github.com/insolar/insolar/ledger/record/serialize.go:75.18,76.25 1 0
github.com/insolar/insolar/ledger/record/serialize.go:77.10,78.53 1 1
github.com/insolar/insolar/ledger/record/serialize.go:83.38,87.2 3 31
github.com/insolar/insolar/ledger/record/serialize.go:90.41,92.2 1 1
github.com/insolar/insolar/ledger/record/serialize.go:95.41,101.2 5 31
github.com/insolar/insolar/ledger/record/serialize.go:104.43,110.2 5 1
github.com/insolar/insolar/ledger/record/meta.go:30.54,32.2 1 0
github.com/insolar/insolar/ledger/record/meta.go:35.39,37.2 1 0
github.com/insolar/insolar/ledger/record/meta.go:40.39,40.61 1 4
github.com/insolar/insolar/ledger/record/meta.go:43.65,45.2 1 3
github.com/insolar/insolar/ledger/record/meta.go:48.42,50.2 1 0
github.com/insolar/insolar/ledger/record/meta.go:53.49,55.2 1 0
github.com/insolar/insolar/ledger/record/meta.go:65.37,65.57 1 4
github.com/insolar/insolar/ledger/record/meta.go:68.63,70.2 1 3
github.com/insolar/insolar/log/log.go:31.57,33.21 2 3
github.com/insolar/insolar/log/log.go:40.2,41.16 2 2
github.com/insolar/insolar/log/log.go:45.2,45.20 1 1
github.com/insolar/insolar/log/log.go:34.16,35.30 1 2
github.com/insolar/insolar/log/log.go:36.10,37.50 1 1
github.com/insolar/insolar/log/log.go:41.16,43.3 1 1
github.com/insolar/insolar/log/log.go:50.39,54.72 4 1
github.com/insolar/insolar/log/log.go:57.2,57.15 1 1
github.com/insolar/insolar/log/log.go:54.72,56.3 1 0
github.com/insolar/insolar/log/log.go:61.35,63.2 1 4
github.com/insolar/insolar/log/log.go:66.24,68.2 1 3
github.com/insolar/insolar/log/log.go:71.33,73.2 1 1
github.com/insolar/insolar/log/log.go:76.35,78.2 1 1
github.com/insolar/insolar/log/log.go:81.49,83.2 1 1
github.com/insolar/insolar/log/log.go:86.32,88.2 1 1
github.com/insolar/insolar/log/log.go:91.34,93.2 1 1
github.com/insolar/insolar/log/log.go:96.48,98.2 1 1
github.com/insolar/insolar/log/log.go:101.32,103.2 1 1
github.com/insolar/insolar/log/log.go:106.34,108.2 1 1
github.com/insolar/insolar/log/log.go:111.48,113.2 1 1
github.com/insolar/insolar/log/log.go:116.33,118.2 1 1
github.com/insolar/insolar/log/log.go:121.35,123.2 1 1
github.com/insolar/insolar/log/log.go:126.49,128.2 1 1
github.com/insolar/insolar/log/log.go:131.33,133.2 1 0
github.com/insolar/insolar/log/log.go:136.35,138.2 1 0
github.com/insolar/insolar/log/log.go:141.49,143.2 1 0
github.com/insolar/insolar/log/log.go:146.33,148.2 1 1
github.com/insolar/insolar/log/log.go:151.35,153.2 1 1
github.com/insolar/insolar/log/log.go:156.49,158.2 1 1
github.com/insolar/insolar/log/log.go:161.29,163.2 1 24
github.com/insolar/insolar/log/logrus.go:32.39,34.2 1 5
github.com/insolar/insolar/log/logrus.go:38.48,45.2 2 19
github.com/insolar/insolar/log/logrus.go:48.78,52.2 3 1
github.com/insolar/insolar/log/logrus.go:55.77,59.2 3 1
github.com/insolar/insolar/log/logrus.go:62.51,64.2 1 1
github.com/insolar/insolar/log/logrus.go:67.53,69.2 1 1
github.com/insolar/insolar/log/logrus.go:72.67,74.2 1 1
github.com/insolar/insolar/log/logrus.go:77.50,79.2 1 1
github.com/insolar/insolar/log/logrus.go:82.52,84.2 1 1
github.com/insolar/insolar/log/logrus.go:87.66,89.2 1 1
github.com/insolar/insolar/log/logrus.go:92.50,94.2 1 1
github.com/insolar/insolar/log/logrus.go:97.52,99.2 1 1
github.com/insolar/insolar/log/logrus.go:102.66,104.2 1 1
github.com/insolar/insolar/log/logrus.go:107.51,109.2 1 5
github.com/insolar/insolar/log/logrus.go:112.53,114.2 1 1
github.com/insolar/insolar/log/logrus.go:117.67,119.2 1 1
github.com/insolar/insolar/log/logrus.go:122.51,124.2 1 0
github.com/insolar/insolar/log/logrus.go:127.53,129.2 1 0
github.com/insolar/insolar/log/logrus.go:132.67,134.2 1 0
github.com/insolar/insolar/log/logrus.go:137.51,139.2 1 1
github.com/insolar/insolar/log/logrus.go:142.53,144.2 1 1
github.com/insolar/insolar/log/logrus.go:147.67,149.2 1 1
github.com/insolar/insolar/log/logrus.go:152.53,154.16 2 7
github.com/insolar/insolar/log/logrus.go:158.2,159.12 2 5
github.com/insolar/insolar/log/logrus.go:154.16,156.3 1 2
github.com/insolar/insolar/log/logrus.go:163.42,165.2 1 3
github.com/insolar/insolar/log/logrus.go:168.47,170.2 1 26
github.com/insolar/insolar/log/sourceinfo.go:34.48,42.27 7 20
github.com/insolar/insolar/log/sourceinfo.go:49.2,54.3 1 20
github.com/insolar/insolar/log/sourceinfo.go:42.27,45.3 2 0
github.com/insolar/insolar/log/sourceinfo.go:45.8,47.3 1 20
github.com/insolar/insolar/log/sourceinfo.go:57.50,60.38 3 22
github.com/insolar/insolar/log/sourceinfo.go:63.2,63.19 1 19
github.com/insolar/insolar/log/sourceinfo.go:60.38,62.3 1 3
github.com/insolar/insolar/ledger/jetcoordinator/jetcoordinator.go:35.100,53.2 3 1
github.com/insolar/insolar/ledger/jetcoordinator/jetcoordinator.go:55.73,58.46 2 1
github.com/insolar/insolar/ledger/jetcoordinator/jetcoordinator.go:58.46,61.3 2 5
github.com/insolar/insolar/ledger/jetcoordinator/jetcoordinator.go:67.17,69.16 2 0
github.com/insolar/insolar/ledger/jetcoordinator/jetcoordinator.go:72.2,72.26 1 0
github.com/insolar/insolar/ledger/jetcoordinator/jetcoordinator.go:77.2,77.19 1 0
github.com/insolar/insolar/ledger/jetcoordinator/jetcoordinator.go:69.16,71.3 1 0
github.com/insolar/insolar/ledger/jetcoordinator/jetcoordinator.go:72.26,73.16 1 0
github.com/insolar/insolar/ledger/jetcoordinator/jetcoordinator.go:73.16,75.4 1 0
github.com/insolar/insolar/ledger/jetcoordinator/jetcoordinator.go:83.29,85.16 2 3
github.com/insolar/insolar/ledger/jetcoordinator/jetcoordinator.go:88.2,89.26 2 3
github.com/insolar/insolar/ledger/jetcoordinator/jetcoordinator.go:92.2,93.9 2 2
github.com/insolar/insolar/ledger/jetcoordinator/jetcoordinator.go:97.2,98.16 2 2
github.com/insolar/insolar/ledger/jetcoordinator/jetcoordinator.go:102.2,102.22 1 2
github.com/insolar/insolar/ledger/jetcoordinator/jetcoordinator.go:85.16,87.3 1 0
github.com/insolar/insolar/ledger/jetcoordinator/jetcoordinator.go:89.26,91.3 1 1
github.com/insolar/insolar/ledger/jetcoordinator/jetcoordinator.go:93.9,95.3 1 0
github.com/insolar/insolar/ledger/jetcoordinator/jetcoordinator.go:98.16,100.3 1 0
github.com/insolar/insolar/ledger/jetcoordinator/jetcoordinator.go:105.66,106.35 1 1
github.com/insolar/insolar/ledger/jetcoordinator/jetcoordinator.go:109.2,110.12 2 1
github.com/insolar/insolar/ledger/jetcoordinator/jetcoordinator.go:106.35,108.3 1 0
github.com/insolar/insolar/ledger/jetcoordinator/jetcoordinator.go:113.73,115.2 1 0
github.com/insolar/insolar/ledger/jetcoordinator/jetnode.go:33.74,34.39 1 0
github.com/insolar/insolar/ledger/jetcoordinator/jetnode.go:39.2,39.79 1 0
github.com/insolar/insolar/ledger/jetcoordinator/jetnode.go:42.2,42.39 1 0
github.com/insolar/insolar/ledger/jetcoordinator/jetnode.go:34.39,36.3 1 0
github.com/insolar/insolar/ledger/jetcoordinator/jetnode.go:39.79,41.3 1 0
github.com/insolar/insolar/ledger/jetcoordinator/utils.go:28.106,34.25 2 2
github.com/insolar/insolar/ledger/jetcoordinator/utils.go:38.2,39.31 2 2
github.com/insolar/insolar/ledger/jetcoordinator/utils.go:55.2,55.47 1 2
github.com/insolar/insolar/ledger/jetcoordinator/utils.go:57.2,58.29 2 2
github.com/insolar/insolar/ledger/jetcoordinator/utils.go:61.2,61.22 1 2
github.com/insolar/insolar/ledger/jetcoordinator/utils.go:34.25,36.3 1 0
github.com/insolar/insolar/ledger/jetcoordinator/utils.go:39.31,42.17 3 2
github.com/insolar/insolar/ledger/jetcoordinator/utils.go:45.3,46.17 2 2
github.com/insolar/insolar/ledger/jetcoordinator/utils.go:49.3,52.5 1 2
github.com/insolar/insolar/ledger/jetcoordinator/utils.go:42.17,44.4 1 0
github.com/insolar/insolar/ledger/jetcoordinator/utils.go:46.17,48.4 1 0
github.com/insolar/insolar/ledger/jetcoordinator/utils.go:55.47,55.107 1 0
github.com/insolar/insolar/ledger/jetcoordinator/utils.go:58.29,60.3 1 2
github.com/insolar/insolar/logicrunner/goplugin/goplugin.go:56.115,64.2 2 0
github.com/insolar/insolar/logicrunner/goplugin/goplugin.go:67.34,69.2 1 0
github.com/insolar/insolar/logicrunner/goplugin/goplugin.go:72.55,73.22 1 0
github.com/insolar/insolar/logicrunner/goplugin/goplugin.go:77.2,78.16 2 0
github.com/insolar/insolar/logicrunner/goplugin/goplugin.go:85.2,86.23 2 0
github.com/insolar/insolar/logicrunner/goplugin/goplugin.go:73.22,75.3 1 0
github.com/insolar/insolar/logicrunner/goplugin/goplugin.go:78.16,83.3 1 0
github.com/insolar/insolar/logicrunner/goplugin/goplugin.go:92.162,95.16 3 0
github.com/insolar/insolar/logicrunner/goplugin/goplugin.go:99.2,108.9 3 0
github.com/insolar/insolar/logicrunner/goplugin/goplugin.go:117.2,117.31 1 0
github.com/insolar/insolar/logicrunner/goplugin/goplugin.go:95.16,97.3 1 0
github.com/insolar/insolar/logicrunner/goplugin/goplugin.go:109.66,111.24 2 0
github.com/insolar/insolar/logicrunner/goplugin/goplugin.go:114.29,115.63 1 0
github.com/insolar/insolar/logicrunner/goplugin/goplugin.go:111.24,113.4 1 0
github.com/insolar/insolar/logicrunner/goplugin/goplugin.go:121.136,123.16 2 0
github.com/insolar/insolar/logicrunner/goplugin/goplugin.go:127.2,130.9 3 0
github.com/insolar/insolar/logicrunner/goplugin/goplugin.go:138.2,138.21 1 0
github.com/insolar/insolar/logicrunner/goplugin/goplugin.go:123.16,125.3 1 0
github.com/insolar/insolar/logicrunner/goplugin/goplugin.go:131.71,132.24 1 0
github.com/insolar/insolar/logicrunner/goplugin/goplugin.go:135.29,136.58 1 0
github.com/insolar/insolar/logicrunner/goplugin/goplugin.go:132.24,134.4 1 0
github.com/insolar/insolar/ledger/pulsemanager/pulsemanager.go:36.55,38.16 2 1
github.com/insolar/insolar/ledger/pulsemanager/pulsemanager.go:41.2,42.16 2 1
github.com/insolar/insolar/ledger/pulsemanager/pulsemanager.go:45.2,50.19 2 1
github.com/insolar/insolar/ledger/pulsemanager/pulsemanager.go:38.16,40.3 1 0
github.com/insolar/insolar/ledger/pulsemanager/pulsemanager.go:42.16,44.3 1 0
github.com/insolar/insolar/ledger/pulsemanager/pulsemanager.go:54.52,56.16 2 0
github.com/insolar/insolar/ledger/pulsemanager/pulsemanager.go:59.2,60.16 2 0
github.com/insolar/insolar/ledger/pulsemanager/pulsemanager.go:63.2,64.16 2 0
github.com/insolar/insolar/ledger/pulsemanager/pulsemanager.go:67.2,68.16 2 0
github.com/insolar/insolar/ledger/pulsemanager/pulsemanager.go:71.2,72.16 2 0
github.com/insolar/insolar/ledger/pulsemanager/pulsemanager.go:76.2,77.16 2 0
github.com/insolar/insolar/ledger/pulsemanager/pulsemanager.go:81.2,87.16 3 0
github.com/insolar/insolar/ledger/pulsemanager/pulsemanager.go:91.2,92.16 2 0
github.com/insolar/insolar/ledger/pulsemanager/pulsemanager.go:96.2,96.28 1 0
github.com/insolar/insolar/ledger/pulsemanager/pulsemanager.go:56.16,58.3 1 0
github.com/insolar/insolar/ledger/pulsemanager/pulsemanager.go:60.16,62.3 1 0
github.com/insolar/insolar/ledger/pulsemanager/pulsemanager.go:64.16,66.3 1 0
github.com/insolar/insolar/ledger/pulsemanager/pulsemanager.go:68.16,70.3 1 0
github.com/insolar/insolar/ledger/pulsemanager/pulsemanager.go:72.16,74.3 1 0
github.com/insolar/insolar/ledger/pulsemanager/pulsemanager.go:77.16,79.3 1 0
github.com/insolar/insolar/ledger/pulsemanager/pulsemanager.go:87.16,89.3 1 0
github.com/insolar/insolar/ledger/pulsemanager/pulsemanager.go:92.16,94.3 1 0
github.com/insolar/insolar/ledger/pulsemanager/pulsemanager.go:100.61,103.2 2 1
github.com/insolar/insolar/ledger/pulsemanager/pulsemanager.go:106.63,110.2 3 1
github.com/insolar/insolar/ledger/artifactmanager/artifactmanager.go:42.72,44.2 1 0
github.com/insolar/insolar/ledger/artifactmanager/artifactmanager.go:47.72,51.2 2 0
github.com/insolar/insolar/ledger/artifactmanager/artifactmanager.go:56.62,58.2 1 1
github.com/insolar/insolar/ledger/artifactmanager/artifactmanager.go:64.27,71.2 1 2
github.com/insolar/insolar/ledger/artifactmanager/artifactmanager.go:78.32,84.16 2 0
github.com/insolar/insolar/ledger/artifactmanager/artifactmanager.go:88.2,89.9 2 0
github.com/insolar/insolar/ledger/artifactmanager/artifactmanager.go:92.2,98.19 3 0
github.com/insolar/insolar/ledger/artifactmanager/artifactmanager.go:84.16,86.3 1 0
github.com/insolar/insolar/ledger/artifactmanager/artifactmanager.go:89.9,91.3 1 0
github.com/insolar/insolar/ledger/artifactmanager/artifactmanager.go:107.33,116.16 2 1
github.com/insolar/insolar/ledger/artifactmanager/artifactmanager.go:120.2,121.9 2 1
github.com/insolar/insolar/ledger/artifactmanager/artifactmanager.go:124.2,131.19 2 1
github.com/insolar/insolar/ledger/artifactmanager/artifactmanager.go:116.16,118.3 1 0
github.com/insolar/insolar/ledger/artifactmanager/artifactmanager.go:121.9,123.3 1 0
github.com/insolar/insolar/ledger/artifactmanager/artifactmanager.go:140.34,150.16 2 10
github.com/insolar/insolar/ledger/artifactmanager/artifactmanager.go:154.2,154.34 1 9
github.com/insolar/insolar/ledger/artifactmanager/artifactmanager.go:169.2,169.32 1 0
github.com/insolar/insolar/ledger/artifactmanager/artifactmanager.go:150.16,152.3 1 1
github.com/insolar/insolar/ledger/artifactmanager/artifactmanager.go:155.21,164.20 2 7
github.com/insolar/insolar/ledger/artifactmanager/artifactmanager.go:165.20,166.24 1 2
github.com/insolar/insolar/ledger/artifactmanager/artifactmanager.go:178.28,187.16 2 0
github.com/insolar/insolar/ledger/artifactmanager/artifactmanager.go:191.2,192.9 2 0
github.com/insolar/insolar/ledger/artifactmanager/artifactmanager.go:195.2,195.25 1 0
github.com/insolar/insolar/ledger/artifactmanager/artifactmanager.go:187.16,189.3 1 0
github.com/insolar/insolar/ledger/artifactmanager/artifactmanager.go:192.9,194.3 1 0
github.com/insolar/insolar/ledger/artifactmanager/artifactmanager.go:203.29,205.2 1 4
github.com/insolar/insolar/ledger/artifactmanager/artifactmanager.go:212.27,223.2 1 1
github.com/insolar/insolar/ledger/artifactmanager/artifactmanager.go:234.27,246.2 1 1
github.com/insolar/insolar/ledger/artifactmanager/artifactmanager.go:253.27,267.2 1 1
github.com/insolar/insolar/ledger/artifactmanager/artifactmanager.go:276.27,287.2 1 2
github.com/insolar/insolar/ledger/artifactmanager/artifactmanager.go:297.27,312.2 1 2
github.com/insolar/insolar/ledger/artifactmanager/artifactmanager.go:326.34,328.16 2 2
github.com/insolar/insolar/ledger/artifactmanager/artifactmanager.go:332.2,348.16 2 2
github.com/insolar/insolar/ledger/artifactmanager/artifactmanager.go:352.2,356.38 2 2
github.com/insolar/insolar/ledger/artifactmanager/artifactmanager.go:359.2,359.16 1 2
github.com/insolar/insolar/ledger/artifactmanager/artifactmanager.go:362.2,371.16 2 2
github.com/insolar/insolar/ledger/artifactmanager/artifactmanager.go:375.2,382.8 1 2
github.com/insolar/insolar/ledger/artifactmanager/artifactmanager.go:328.16,330.3 1 0
github.com/insolar/insolar/ledger/artifactmanager/artifactmanager.go:348.16,350.3 1 0
github.com/insolar/insolar/ledger/artifactmanager/artifactmanager.go:356.38,358.3 1 0
github.com/insolar/insolar/ledger/artifactmanager/artifactmanager.go:359.16,361.3 1 0
github.com/insolar/insolar/ledger/artifactmanager/artifactmanager.go:371.16,373.3 1 0
github.com/insolar/insolar/ledger/artifactmanager/artifactmanager.go:391.27,403.16 2 1
github.com/insolar/insolar/ledger/artifactmanager/artifactmanager.go:406.2,406.25 1 1
github.com/insolar/insolar/ledger/artifactmanager/artifactmanager.go:403.16,405.3 1 0
github.com/insolar/insolar/ledger/artifactmanager/artifactmanager.go:418.34,433.16 2 3
github.com/insolar/insolar/ledger/artifactmanager/artifactmanager.go:437.2,444.8 1 3
github.com/insolar/insolar/ledger/artifactmanager/artifactmanager.go:433.16,435.3 1 0
github.com/insolar/insolar/ledger/artifactmanager/artifactmanager.go:452.9,460.16 3 1
github.com/insolar/insolar/ledger/artifactmanager/artifactmanager.go:464.2,464.12 1 1
github.com/insolar/insolar/ledger/artifactmanager/artifactmanager.go:460.16,462.3 1 0
github.com/insolar/insolar/ledger/artifactmanager/artifactmanager.go:470.27,478.2 1 1
github.com/insolar/insolar/ledger/artifactmanager/artifactmanager.go:480.109,489.16 2 5
github.com/insolar/insolar/ledger/artifactmanager/artifactmanager.go:493.2,494.9 2 5
github.com/insolar/insolar/ledger/artifactmanager/artifactmanager.go:498.2,498.23 1 5
github.com/insolar/insolar/ledger/artifactmanager/artifactmanager.go:489.16,491.3 1 0
github.com/insolar/insolar/ledger/artifactmanager/artifactmanager.go:494.9,496.3 1 0
github.com/insolar/insolar/ledger/artifactmanager/artifactmanager.go:501.110,510.16 2 5
github.com/insolar/insolar/ledger/artifactmanager/artifactmanager.go:514.2,515.9 2 5
github.com/insolar/insolar/ledger/artifactmanager/artifactmanager.go:519.2,519.23 1 3
github.com/insolar/insolar/ledger/artifactmanager/artifactmanager.go:510.16,512.3 1 0
github.com/insolar/insolar/ledger/artifactmanager/artifactmanager.go:515.9,517.3 1 2
github.com/insolar/insolar/ledger/artifactmanager/artifactmanager.go:524.26,534.16 2 6
github.com/insolar/insolar/ledger/artifactmanager/artifactmanager.go:538.2,539.9 2 6
github.com/insolar/insolar/ledger/artifactmanager/artifactmanager.go:543.2,543.17 1 6
github.com/insolar/insolar/ledger/artifactmanager/artifactmanager.go:534.16,536.3 1 0
github.com/insolar/insolar/ledger/artifactmanager/artifactmanager.go:539.9,541.3 1 0
github.com/insolar/insolar/ledger/artifactmanager/artifactmanager.go:548.27,558.16 2 2
github.com/insolar/insolar/ledger/artifactmanager/artifactmanager.go:562.2,563.9 2 2
github.com/insolar/insolar/ledger/artifactmanager/artifactmanager.go:567.2,567.23 1 2
github.com/insolar/insolar/ledger/artifactmanager/artifactmanager.go:558.16,560.3 1 0
github.com/insolar/insolar/ledger/artifactmanager/artifactmanager.go:563.9,565.3 1 0
github.com/insolar/insolar/ledger/artifactmanager/descriptors.go:40.48,42.2 1 0
github.com/insolar/insolar/ledger/artifactmanager/descriptors.go:45.57,47.2 1 0
github.com/insolar/insolar/ledger/artifactmanager/descriptors.go:50.49,52.25 2 0
github.com/insolar/insolar/ledger/artifactmanager/descriptors.go:64.2,64.26 1 0
github.com/insolar/insolar/ledger/artifactmanager/descriptors.go:52.25,54.17 2 0
github.com/insolar/insolar/ledger/artifactmanager/descriptors.go:57.3,58.17 2 0
github.com/insolar/insolar/ledger/artifactmanager/descriptors.go:61.3,61.22 1 0
github.com/insolar/insolar/ledger/artifactmanager/descriptors.go:54.17,56.4 1 0
github.com/insolar/insolar/ledger/artifactmanager/descriptors.go:58.17,60.4 1 0
github.com/insolar/insolar/ledger/artifactmanager/descriptors.go:82.53,84.2 1 0
github.com/insolar/insolar/ledger/artifactmanager/descriptors.go:87.52,89.2 1 0
github.com/insolar/insolar/ledger/artifactmanager/descriptors.go:92.64,93.35 1 0
github.com/insolar/insolar/ledger/artifactmanager/descriptors.go:100.2,100.31 1 0
github.com/insolar/insolar/ledger/artifactmanager/descriptors.go:93.35,98.3 1 0
github.com/insolar/insolar/ledger/artifactmanager/descriptors.go:118.54,120.2 1 4
github.com/insolar/insolar/ledger/artifactmanager/descriptors.go:123.53,125.2 1 13
github.com/insolar/insolar/ledger/artifactmanager/descriptors.go:128.58,130.2 1 2
github.com/insolar/insolar/ledger/artifactmanager/descriptors.go:133.44,135.2 1 0
github.com/insolar/insolar/ledger/artifactmanager/descriptors.go:138.88,141.2 2 0
github.com/insolar/insolar/ledger/artifactmanager/descriptors.go:144.52,146.2 1 0
github.com/insolar/insolar/ledger/artifactmanager/descriptors.go:165.27,174.16 3 4
github.com/insolar/insolar/ledger/artifactmanager/descriptors.go:177.2,177.19 1 4
github.com/insolar/insolar/ledger/artifactmanager/descriptors.go:174.16,176.3 1 0
github.com/insolar/insolar/ledger/artifactmanager/descriptors.go:181.40,183.2 1 4
github.com/insolar/insolar/ledger/artifactmanager/descriptors.go:186.57,188.36 1 15
github.com/insolar/insolar/ledger/artifactmanager/descriptors.go:195.2,196.16 2 15
github.com/insolar/insolar/ledger/artifactmanager/descriptors.go:200.2,200.17 1 11
github.com/insolar/insolar/ledger/artifactmanager/descriptors.go:188.36,190.17 2 4
github.com/insolar/insolar/ledger/artifactmanager/descriptors.go:190.17,192.4 1 0
github.com/insolar/insolar/ledger/artifactmanager/descriptors.go:196.16,198.3 1 4
github.com/insolar/insolar/ledger/artifactmanager/descriptors.go:203.58,204.22 1 15
github.com/insolar/insolar/ledger/artifactmanager/descriptors.go:207.2,209.13 3 11
github.com/insolar/insolar/ledger/artifactmanager/descriptors.go:204.22,206.3 1 4
github.com/insolar/insolar/ledger/artifactmanager/descriptors.go:212.39,213.17 1 8
github.com/insolar/insolar/ledger/artifactmanager/descriptors.go:216.2,225.16 2 8
github.com/insolar/insolar/ledger/artifactmanager/descriptors.go:228.2,229.9 2 8
github.com/insolar/insolar/ledger/artifactmanager/descriptors.go:233.2,233.25 1 8
github.com/insolar/insolar/ledger/artifactmanager/descriptors.go:236.2,240.12 4 8
github.com/insolar/insolar/ledger/artifactmanager/descriptors.go:213.17,215.3 1 0
github.com/insolar/insolar/ledger/artifactmanager/descriptors.go:225.16,227.3 1 0
github.com/insolar/insolar/ledger/artifactmanager/descriptors.go:229.9,231.3 1 0
github.com/insolar/insolar/ledger/artifactmanager/descriptors.go:233.25,235.3 1 4
github.com/insolar/insolar/ledger/artifactmanager/descriptors.go:243.44,245.2 1 34
github.com/insolar/insolar/ledger/artifactmanager/handler.go:42.65,47.2 1 0
github.com/insolar/insolar/ledger/artifactmanager/handler.go:50.65,77.2 23 18
github.com/insolar/insolar/ledger/artifactmanager/handler.go:79.96,80.90 1 180
github.com/insolar/insolar/ledger/artifactmanager/handler.go:80.90,82.17 2 38
github.com/insolar/insolar/ledger/artifactmanager/handler.go:86.3,87.17 2 38
github.com/insolar/insolar/ledger/artifactmanager/handler.go:91.3,91.55 1 38
github.com/insolar/insolar/ledger/artifactmanager/handler.go:82.17,84.4 1 0
github.com/insolar/insolar/ledger/artifactmanager/handler.go:87.17,89.4 1 0
github.com/insolar/insolar/ledger/artifactmanager/handler.go:95.144,98.16 3 6
github.com/insolar/insolar/ledger/artifactmanager/handler.go:102.2,102.32 1 6
github.com/insolar/insolar/ledger/artifactmanager/handler.go:98.16,100.3 1 0
github.com/insolar/insolar/ledger/artifactmanager/handler.go:105.142,109.16 3 0
github.com/insolar/insolar/ledger/artifactmanager/handler.go:113.2,118.18 2 0
github.com/insolar/insolar/ledger/artifactmanager/handler.go:109.16,111.3 1 0
github.com/insolar/insolar/ledger/artifactmanager/handler.go:121.143,125.16 3 1
github.com/insolar/insolar/ledger/artifactmanager/handler.go:129.2,130.28 2 1
github.com/insolar/insolar/ledger/artifactmanager/handler.go:136.2,143.18 2 1
github.com/insolar/insolar/ledger/artifactmanager/handler.go:125.16,127.3 1 0
[...]
github.com/insolar/insolar/network/dhtnetwork/dht.go:495.2,496.41 2 0
github.com/insolar/insolar/network/dhtnetwork/dht.go:504.2,504.29 1 0
github.com/insolar/insolar/network/dhtnetwork/dht.go:507.2,507.12 1 0
github.com/insolar/insolar/network/dhtnetwork/dht.go:456.42,458.3 1 0
github.com/insolar/insolar/network/dhtnetwork/dht.go:462.47,463.47 1 0
github.com/insolar/insolar/network/dhtnetwork/dht.go:463.47,465.18 2 0
github.com/insolar/insolar/network/dhtnetwork/dht.go:469.4,470.21 2 0
github.com/insolar/insolar/network/dhtnetwork/dht.go:465.18,468.5 2 0
github.com/insolar/insolar/network/dhtnetwork/dht.go:477.6,478.10 1 0
github.com/insolar/insolar/network/dhtnetwork/dht.go:479.31,482.32 3 0
github.com/insolar/insolar/network/dhtnetwork/dht.go:485.34,487.14 2 0
github.com/insolar/insolar/network/dhtnetwork/dht.go:482.32,483.15 1 0
github.com/insolar/insolar/network/dhtnetwork/dht.go:491.31,493.3 1 0
github.com/insolar/insolar/network/dhtnetwork/dht.go:496.41,498.17 2 0
github.com/insolar/insolar/network/dhtnetwork/dht.go:498.17,500.4 1 0
github.com/insolar/insolar/network/dhtnetwork/dht.go:500.9,502.4 1 0
github.com/insolar/insolar/network/dhtnetwork/dht.go:504.29,506.3 1 0
github.com/insolar/insolar/network/dhtnetwork/dht.go:511.76,514.2 1 0
github.com/insolar/insolar/network/dhtnetwork/dht.go:517.30,519.2 1 242
github.com/insolar/insolar/network/dhtnetwork/dht.go:527.149,543.25 5 598
github.com/insolar/insolar/network/dhtnetwork/dht.go:547.2,553.6 4 276
github.com/insolar/insolar/network/dhtnetwork/dht.go:543.25,545.3 1 322
github.com/insolar/insolar/network/dhtnetwork/dht.go:553.6,567.70 9 560
github.com/insolar/insolar/network/dhtnetwork/dht.go:571.3,577.17 6 560
github.com/insolar/insolar/network/dhtnetwork/dht.go:567.70,569.4 1 0
github.com/insolar/insolar/network/dhtnetwork/dht.go:577.17,579.4 1 276
github.com/insolar/insolar/network/dhtnetwork/dht.go:579.9,579.28 1 284
github.com/insolar/insolar/network/dhtnetwork/dht.go:579.28,581.4 1 10
github.com/insolar/insolar/network/dhtnetwork/dht.go:592.69,594.75 1 560
github.com/insolar/insolar/network/dhtnetwork/dht.go:628.2,629.27 2 0
github.com/insolar/insolar/network/dhtnetwork/dht.go:594.75,595.12 1 550
github.com/insolar/insolar/network/dhtnetwork/dht.go:596.33,597.21 1 548
github.com/insolar/insolar/network/dhtnetwork/dht.go:602.4,602.42 1 274
github.com/insolar/insolar/network/dhtnetwork/dht.go:603.58,604.42 1 0
github.com/insolar/insolar/network/dhtnetwork/dht.go:605.29,606.46 1 2
github.com/insolar/insolar/network/dhtnetwork/dht.go:622.4,622.29 1 2
github.com/insolar/insolar/network/dhtnetwork/dht.go:597.21,601.5 3 274
github.com/insolar/insolar/network/dhtnetwork/dht.go:606.46,607.41 1 2
github.com/insolar/insolar/network/dhtnetwork/dht.go:611.5,616.19 3 2
github.com/insolar/insolar/network/dhtnetwork/dht.go:620.5,620.20 1 2
github.com/insolar/insolar/network/dhtnetwork/dht.go:607.41,609.6 1 0
github.com/insolar/insolar/network/dhtnetwork/dht.go:616.19,618.6 1 0
github.com/insolar/insolar/network/dhtnetwork/dht.go:624.8,627.3 2 10
github.com/insolar/insolar/network/dhtnetwork/dht.go:640.33,645.22 4 560
github.com/insolar/insolar/network/dhtnetwork/dht.go:660.2,660.40 1 560
github.com/insolar/insolar/network/dhtnetwork/dht.go:663.2,664.24 2 560
github.com/insolar/insolar/network/dhtnetwork/dht.go:645.22,647.7 1 297
github.com/insolar/insolar/network/dhtnetwork/dht.go:654.3,655.19 2 297
github.com/insolar/insolar/network/dhtnetwork/dht.go:647.7,649.16 2 328
github.com/insolar/insolar/network/dhtnetwork/dht.go:649.16,650.15 1 297
github.com/insolar/insolar/network/dhtnetwork/dht.go:655.19,657.4 1 0
github.com/insolar/insolar/network/dhtnetwork/dht.go:660.40,662.3 1 0
github.com/insolar/insolar/network/dhtnetwork/dht.go:672.51,674.33 1 297
github.com/insolar/insolar/network/dhtnetwork/dht.go:697.2,697.22 1 297
github.com/insolar/insolar/network/dhtnetwork/dht.go:674.33,675.26 1 327
github.com/insolar/insolar/network/dhtnetwork/dht.go:679.3,679.12 1 327
github.com/insolar/insolar/network/dhtnetwork/dht.go:675.26,677.12 2 0
github.com/insolar/insolar/network/dhtnetwork/dht.go:680.80,682.81 2 327
github.com/insolar/insolar/network/dhtnetwork/dht.go:685.4,685.69 1 327
github.com/insolar/insolar/network/dhtnetwork/dht.go:686.33,689.33 3 0
github.com/insolar/insolar/network/dhtnetwork/dht.go:682.81,684.5 1 0
github.com/insolar/insolar/network/dhtnetwork/dht.go:689.33,694.5 1 0
github.com/insolar/insolar/network/dhtnetwork/dht.go:700.96,701.35 1 276
github.com/insolar/insolar/network/dhtnetwork/dht.go:701.35,704.3 2 274
github.com/insolar/insolar/network/dhtnetwork/dht.go:711.28,712.9 1 328
github.com/insolar/insolar/network/dhtnetwork/dht.go:727.2,727.23 1 31
github.com/insolar/insolar/network/dhtnetwork/dht.go:713.30,714.20 1 327
github.com/insolar/insolar/network/dhtnetwork/dht.go:719.3,719.36 1 327
github.com/insolar/insolar/network/dhtnetwork/dht.go:723.47,725.23 2 1
github.com/insolar/insolar/network/dhtnetwork/dht.go:714.20,716.4 1 327
github.com/insolar/insolar/network/dhtnetwork/dht.go:716.9,718.4 1 0
github.com/insolar/insolar/network/dhtnetwork/dht.go:719.36,722.4 2 296
github.com/insolar/insolar/network/dhtnetwork/dht.go:730.118,731.28 1 560
github.com/insolar/insolar/network/dhtnetwork/dht.go:731.28,732.93 1 328
github.com/insolar/insolar/network/dhtnetwork/dht.go:732.93,734.18 2 328
github.com/insolar/insolar/network/dhtnetwork/dht.go:738.4,739.24 2 327
github.com/insolar/insolar/network/dhtnetwork/dht.go:734.18,737.5 2 1
github.com/insolar/insolar/network/dhtnetwork/dht.go:753.67,757.44 1 560
github.com/insolar/insolar/network/dhtnetwork/dht.go:786.2,786.36 1 560
github.com/insolar/insolar/network/dhtnetwork/dht.go:757.44,759.47 1 645
github.com/insolar/insolar/network/dhtnetwork/dht.go:764.3,764.47 1 637
github.com/insolar/insolar/network/dhtnetwork/dht.go:768.3,776.17 6 328
github.com/insolar/insolar/network/dhtnetwork/dht.go:784.3,784.33 1 328
github.com/insolar/insolar/network/dhtnetwork/dht.go:759.47,760.9 1 8
github.com/insolar/insolar/network/dhtnetwork/dht.go:764.47,765.12 1 309
github.com/insolar/insolar/network/dhtnetwork/dht.go:776.17,781.12 2 0
github.com/insolar/insolar/network/dhtnetwork/dht.go:789.106,790.11 1 328
github.com/insolar/insolar/network/dhtnetwork/dht.go:791.57,792.101 1 326
github.com/insolar/insolar/network/dhtnetwork/dht.go:793.32,794.103 1 0
github.com/insolar/insolar/network/dhtnetwork/dht.go:795.28,796.101 1 2
github.com/insolar/insolar/network/dhtnetwork/dht.go:797.10,798.32 1 0
github.com/insolar/insolar/network/dhtnetwork/dht.go:802.57,805.6 2 243
github.com/insolar/insolar/network/dhtnetwork/dht.go:805.6,806.10 1 723
github.com/insolar/insolar/network/dhtnetwork/dht.go:807.16,808.20 1 480
github.com/insolar/insolar/network/dhtnetwork/dht.go:809.34,810.40 1 241
github.com/insolar/insolar/network/dhtnetwork/dht.go:813.4,814.10 2 241
github.com/insolar/insolar/network/dhtnetwork/dht.go:810.40,812.5 1 476
github.com/insolar/insolar/network/dhtnetwork/dht.go:819.58,824.6 4 243
github.com/insolar/insolar/network/dhtnetwork/dht.go:824.6,826.3 1 856
github.com/insolar/insolar/network/dhtnetwork/dht.go:829.87,830.9 1 856
github.com/insolar/insolar/network/dhtnetwork/dht.go:831.18,833.33 2 378
github.com/insolar/insolar/network/dhtnetwork/dht.go:861.3,861.25 1 378
github.com/insolar/insolar/network/dhtnetwork/dht.go:862.14,864.9 2 238
github.com/insolar/insolar/network/dhtnetwork/dht.go:833.33,836.18 2 378
github.com/insolar/insolar/network/dhtnetwork/dht.go:840.4,840.44 1 378
github.com/insolar/insolar/network/dhtnetwork/dht.go:851.4,851.29 1 378
github.com/insolar/insolar/network/dhtnetwork/dht.go:836.18,838.5 1 0
github.com/insolar/insolar/network/dhtnetwork/dht.go:840.44,841.76 1 60480
github.com/insolar/insolar/network/dhtnetwork/dht.go:841.76,844.20 3 474
github.com/insolar/insolar/network/dhtnetwork/dht.go:844.20,845.15 1 0
github.com/insolar/insolar/network/dhtnetwork/dht.go:851.29,854.20 3 1
github.com/insolar/insolar/network/dhtnetwork/dht.go:854.20,855.14 1 0
github.com/insolar/insolar/network/dhtnetwork/dht.go:868.54,872.6 3 243
github.com/insolar/insolar/network/dhtnetwork/dht.go:872.6,873.10 1 540
github.com/insolar/insolar/network/dhtnetwork/dht.go:874.41,876.32 1 300
github.com/insolar/insolar/network/dhtnetwork/dht.go:903.15,904.10 1 238
github.com/insolar/insolar/network/dhtnetwork/dht.go:876.32,877.48 1 300
github.com/insolar/insolar/network/dhtnetwork/dht.go:881.5,884.107 3 290
github.com/insolar/insolar/network/dhtnetwork/dht.go:877.48,879.6 1 10
github.com/insolar/insolar/network/dhtnetwork/dht.go:884.107,886.6 1 290
github.com/insolar/insolar/network/dhtnetwork/dht.go:886.11,888.20 2 0
github.com/insolar/insolar/network/dhtnetwork/dht.go:888.20,890.7 1 0
github.com/insolar/insolar/network/dhtnetwork/dht.go:890.12,890.23 1 0
github.com/insolar/insolar/network/dhtnetwork/dht.go:890.23,892.7 1 0
github.com/insolar/insolar/network/dhtnetwork/dht.go:892.12,900.7 2 0
github.com/insolar/insolar/network/dhtnetwork/dht.go:909.104,913.16 3 290
github.com/insolar/insolar/network/dhtnetwork/dht.go:913.16,915.3 1 0
github.com/insolar/insolar/network/dhtnetwork/dht.go:915.8,915.28 1 290
github.com/insolar/insolar/network/dhtnetwork/dht.go:915.28,917.17 2 290
github.com/insolar/insolar/network/dhtnetwork/dht.go:917.17,919.4 1 0
github.com/insolar/insolar/network/dhtnetwork/dht.go:924.54,927.41 2 1
github.com/insolar/insolar/network/dhtnetwork/dht.go:932.2,932.12 1 1
github.com/insolar/insolar/network/dhtnetwork/dht.go:927.41,929.3 1 1
github.com/insolar/insolar/network/dhtnetwork/dht.go:929.8,931.3 1 0
github.com/insolar/insolar/network/dhtnetwork/dht.go:936.83,937.63 1 1
github.com/insolar/insolar/network/dhtnetwork/dht.go:941.2,941.43 1 1
github.com/insolar/insolar/network/dhtnetwork/dht.go:937.63,939.3 1 1
github.com/insolar/insolar/network/dhtnetwork/dht.go:945.34,946.35 1 1
github.com/insolar/insolar/network/dhtnetwork/dht.go:956.2,956.12 1 1
github.com/insolar/insolar/network/dhtnetwork/dht.go:946.35,947.37 1 1
github.com/insolar/insolar/network/dhtnetwork/dht.go:947.37,948.41 1 160
github.com/insolar/insolar/network/dhtnetwork/dht.go:948.41,950.19 2 0
github.com/insolar/insolar/network/dhtnetwork/dht.go:950.19,952.6 1 0
github.com/insolar/insolar/network/dhtnetwork/dht.go:960.74,962.2 1 5
github.com/insolar/insolar/network/dhtnetwork/dht.go:964.75,966.48 2 1
github.com/insolar/insolar/network/dhtnetwork/dht.go:987.2,987.20 1 1
github.com/insolar/insolar/network/dhtnetwork/dht.go:966.48,972.30 6 0
github.com/insolar/insolar/network/dhtnetwork/dht.go:972.30,974.18 2 0
github.com/insolar/insolar/network/dhtnetwork/dht.go:979.4,979.60 1 0
github.com/insolar/insolar/network/dhtnetwork/dht.go:974.18,976.5 1 0
github.com/insolar/insolar/network/dhtnetwork/dht.go:976.10,976.21 1 0
github.com/insolar/insolar/network/dhtnetwork/dht.go:976.21,978.5 1 0
github.com/insolar/insolar/network/dhtnetwork/dht.go:979.60,981.10 2 0
github.com/insolar/insolar/network/dhtnetwork/dht.go:982.10,984.5 1 0
github.com/insolar/insolar/network/dhtnetwork/dht.go:990.35,991.35 1 1
github.com/insolar/insolar/network/dhtnetwork/dht.go:991.35,992.48 1 0
github.com/insolar/insolar/network/dhtnetwork/dht.go:992.48,993.39 1 0
github.com/insolar/insolar/network/dhtnetwork/dht.go:996.4,996.63 1 0
github.com/insolar/insolar/network/dhtnetwork/dht.go:993.39,994.13 1 0
github.com/insolar/insolar/network/dhtnetwork/dht.go:1002.63,1005.16 3 1
github.com/insolar/insolar/network/dhtnetwork/dht.go:1008.2,1011.28 4 1
github.com/insolar/insolar/network/dhtnetwork/dht.go:1017.2,1017.36 1 1
github.com/insolar/insolar/network/dhtnetwork/dht.go:1025.2,1025.12 1 1
github.com/insolar/insolar/network/dhtnetwork/dht.go:1005.16,1007.3 1 0
github.com/insolar/insolar/network/dhtnetwork/dht.go:1011.28,1013.17 2 0
github.com/insolar/insolar/network/dhtnetwork/dht.go:1013.17,1015.4 1 0
github.com/insolar/insolar/network/dhtnetwork/dht.go:1017.36,1018.37 1 0
github.com/insolar/insolar/network/dhtnetwork/dht.go:1018.37,1019.51 1 0
github.com/insolar/insolar/network/dhtnetwork/dht.go:1019.51,1021.5 1 0
github.com/insolar/insolar/network/dhtnetwork/dht.go:1029.51,1031.2 1 0
github.com/insolar/insolar/network/dhtnetwork/dht.go:1034.64,1036.16 2 0
github.com/insolar/insolar/network/dhtnetwork/dht.go:1039.2,1039.52 1 0
github.com/insolar/insolar/network/dhtnetwork/dht.go:1055.2,1055.12 1 0
github.com/insolar/insolar/network/dhtnetwork/dht.go:1036.16,1038.3 1 0
github.com/insolar/insolar/network/dhtnetwork/dht.go:1039.52,1041.17 2 0
github.com/insolar/insolar/network/dhtnetwork/dht.go:1044.3,1045.17 2 0
github.com/insolar/insolar/network/dhtnetwork/dht.go:1048.3,1048.41 1 0
github.com/insolar/insolar/network/dhtnetwork/dht.go:1041.17,1043.4 1 0
github.com/insolar/insolar/network/dhtnetwork/dht.go:1045.17,1047.4 1 0
github.com/insolar/insolar/network/dhtnetwork/dht.go:1048.41,1051.4 1 0
github.com/insolar/insolar/network/dhtnetwork/dht.go:1052.8,1054.3 1 0
github.com/insolar/insolar/network/dhtnetwork/dht.go:1059.71,1062.2 2 2148
github.com/insolar/insolar/network/dhtnetwork/dht.go:1065.54,1068.2 1 1
github.com/insolar/insolar/network/dhtnetwork/dht.go:1071.108,1073.2 1 0
github.com/insolar/insolar/network/dhtnetwork/dht.go:1076.89,1078.50 2 2
github.com/insolar/insolar/network/dhtnetwork/dht.go:1081.2,1083.34 2 2
github.com/insolar/insolar/network/dhtnetwork/dht.go:1087.2,1091.67 4 2
github.com/insolar/insolar/network/dhtnetwork/dht.go:1120.2,1120.32 1 2
github.com/insolar/insolar/network/dhtnetwork/dht.go:1078.50,1080.3 1 0
github.com/insolar/insolar/network/dhtnetwork/dht.go:1083.34,1085.3 1 0
github.com/insolar/insolar/network/dhtnetwork/dht.go:1091.67,1094.3 2 2
github.com/insolar/insolar/network/dhtnetwork/dht.go:1094.8,1094.44 1 0
github.com/insolar/insolar/network/dhtnetwork/dht.go:1094.44,1096.17 2 0
github.com/insolar/insolar/network/dhtnetwork/dht.go:1100.3,1101.17 2 0
github.com/insolar/insolar/network/dhtnetwork/dht.go:1104.3,1105.31 2 0
github.com/insolar/insolar/network/dhtnetwork/dht.go:1096.17,1098.4 1 0
github.com/insolar/insolar/network/dhtnetwork/dht.go:1101.17,1103.4 1 0
github.com/insolar/insolar/network/dhtnetwork/dht.go:1106.8,1109.17 3 0
github.com/insolar/insolar/network/dhtnetwork/dht.go:1112.3,1112.26 1 0
github.com/insolar/insolar/network/dhtnetwork/dht.go:1109.17,1111.4 1 0
github.com/insolar/insolar/network/dhtnetwork/dht.go:1112.26,1113.37 1 0
github.com/insolar/insolar/network/dhtnetwork/dht.go:1113.37,1116.5 2 0
github.com/insolar/insolar/network/dhtnetwork/dht.go:1124.92,1126.2 1 1
github.com/insolar/insolar/network/dhtnetwork/dht.go:1129.51,1131.2 1 0
github.com/insolar/insolar/network/dhtnetwork/dht.go:1136.75,1142.54 3 622
github.com/insolar/insolar/network/dhtnetwork/dht.go:1147.2,1152.48 4 339
github.com/insolar/insolar/network/dhtnetwork/dht.go:1174.2,1174.33 1 339
github.com/insolar/insolar/network/dhtnetwork/dht.go:1142.54,1145.3 2 283
github.com/insolar/insolar/network/dhtnetwork/dht.go:1152.48,1159.17 4 0
github.com/insolar/insolar/network/dhtnetwork/dht.go:1159.17,1162.4 2 0
github.com/insolar/insolar/network/dhtnetwork/dht.go:1162.9,1164.18 2 0
github.com/insolar/insolar/network/dhtnetwork/dht.go:1167.4,1168.33 2 0
github.com/insolar/insolar/network/dhtnetwork/dht.go:1164.18,1166.5 1 0
github.com/insolar/insolar/network/dhtnetwork/dht.go:1170.8,1172.3 1 339
github.com/insolar/insolar/network/dhtnetwork/dht.go:1178.52,1180.2 1 0
github.com/insolar/insolar/network/dhtnetwork/dht.go:1183.82,1188.30 4 2
github.com/insolar/insolar/network/dhtnetwork/dht.go:1191.2,1194.16 3 2
github.com/insolar/insolar/network/dhtnetwork/dht.go:1198.2,1198.41 1 2
github.com/insolar/insolar/network/dhtnetwork/dht.go:1202.2,1205.28 4 2
github.com/insolar/insolar/network/dhtnetwork/dht.go:1188.30,1190.3 1 318
github.com/insolar/insolar/network/dhtnetwork/dht.go:1194.16,1196.3 1 1
github.com/insolar/insolar/network/dhtnetwork/dht.go:1198.41,1200.3 1 0
github.com/insolar/insolar/network/dhtnetwork/dht.go:1208.61,1209.35 1 0
github.com/insolar/insolar/network/dhtnetwork/dht.go:1213.2,1214.35 2 0
github.com/insolar/insolar/network/dhtnetwork/dht.go:1222.2,1222.30 1 0
github.com/insolar/insolar/network/dhtnetwork/dht.go:1226.2,1226.12 1 0
github.com/insolar/insolar/network/dhtnetwork/dht.go:1209.35,1211.3 1 0
github.com/insolar/insolar/network/dhtnetwork/dht.go:1214.35,1215.60 1 0
github.com/insolar/insolar/network/dhtnetwork/dht.go:1215.60,1216.95 1 0
github.com/insolar/insolar/network/dhtnetwork/dht.go:1216.95,1218.5 1 0
github.com/insolar/insolar/network/dhtnetwork/dht.go:1222.30,1224.3 1 0
github.com/insolar/insolar/network/dhtnetwork/dht.go:1230.61,1232.2 1 0
github.com/insolar/insolar/network/dhtnetwork/dht.go:1235.68,1237.2 1 1
github.com/insolar/insolar/network/dhtnetwork/dht.go:1240.78,1243.2 2 1
github.com/insolar/insolar/network/dhtnetwork/dht.go:1247.118,1249.2 1 0
github.com/insolar/insolar/network/dhtnetwork/dht.go:1252.47,1254.2 1 1
github.com/insolar/insolar/network/dhtnetwork/dht.go:1257.47,1259.2 1 1
github.com/insolar/insolar/network/dhtnetwork/dht.go:1262.50,1264.2 1 2
github.com/insolar/insolar/network/dhtnetwork/dht.go:1267.55,1269.2 1 1
github.com/insolar/insolar/network/dhtnetwork/dht.go:1272.55,1274.2 1 1
github.com/insolar/insolar/network/dhtnetwork/dht.go:1277.136,1281.16 3 1
github.com/insolar/insolar/network/dhtnetwork/dht.go:1285.2,1285.13 1 1
github.com/insolar/insolar/network/dhtnetwork/dht.go:1289.2,1300.53 2 1
github.com/insolar/insolar/network/dhtnetwork/dht.go:1305.2,1306.16 2 1
github.com/insolar/insolar/network/dhtnetwork/dht.go:1310.2,1311.16 2 1
github.com/insolar/insolar/network/dhtnetwork/dht.go:1314.2,1317.22 3 1
github.com/insolar/insolar/network/dhtnetwork/dht.go:1320.2,1320.40 1 0
github.com/insolar/insolar/network/dhtnetwork/dht.go:1281.16,1283.3 1 0
github.com/insolar/insolar/network/dhtnetwork/dht.go:1285.13,1287.3 1 0
github.com/insolar/insolar/network/dhtnetwork/dht.go:1300.53,1302.3 1 0
github.com/insolar/insolar/network/dhtnetwork/dht.go:1306.16,1308.3 1 0
github.com/insolar/insolar/network/dhtnetwork/dht.go:1311.16,1313.3 1 0
github.com/insolar/insolar/network/dhtnetwork/dht.go:1317.22,1319.3 1 1
github.com/insolar/insolar/network/dhtnetwork/dht.go:1324.59,1326.2 1 1
github.com/insolar/insolar/network/dhtnetwork/dht.go:1329.44,1331.2 1 1
github.com/insolar/insolar/network/dhtnetwork/dht.go:1334.50,1336.2 1 1
github.com/insolar/insolar/network/dhtnetwork/dht.go:1339.50,1340.52 1 1
github.com/insolar/insolar/network/dhtnetwork/dht.go:1340.52,1341.18 1 1
github.com/insolar/insolar/network/dhtnetwork/dht.go:1341.18,1344.4 2 0
github.com/insolar/insolar/network/dhtnetwork/dht.go:1349.53,1351.2 1 1
github.com/insolar/insolar/network/dhtnetwork/dht.go:1354.58,1356.2 1 1
github.com/insolar/insolar/network/dhtnetwork/dht.go:1359.47,1361.2 1 1
github.com/insolar/insolar/network/dhtnetwork/dht.go:1364.47,1366.2 1 1
github.com/insolar/insolar/network/dhtnetwork/dht.go:1369.61,1371.2 1 1
github.com/insolar/insolar/network/dhtnetwork/dht.go:1374.42,1376.2 1 1
github.com/insolar/insolar/network/dhtnetwork/dht.go:1379.42,1381.2 1 1
github.com/insolar/insolar/network/dhtnetwork/dht.go:1384.46,1386.2 1 1
github.com/insolar/insolar/network/dhtnetwork/dht.go:1389.45,1391.2 1 1
github.com/insolar/insolar/network/dhtnetwork/dht.go:1394.50,1396.2 1 1
github.com/insolar/insolar/network/dhtnetwork/dht.go:1399.44,1401.2 1 0
github.com/insolar/insolar/network/dhtnetwork/dht.go:1404.58,1405.47 1 2
github.com/insolar/insolar/network/dhtnetwork/dht.go:1408.2,1408.19 1 1
github.com/insolar/insolar/network/dhtnetwork/dht.go:1405.47,1407.3 1 1
github.com/insolar/insolar/network/dhtnetwork/dht.go:1412.59,1413.56 1 2
github.com/insolar/insolar/network/dhtnetwork/dht.go:1416.2,1416.14 1 1
github.com/insolar/insolar/network/dhtnetwork/dht.go:1413.56,1415.3 1 1
github.com/insolar/insolar/network/dhtnetwork/dht.go:1420.47,1422.2 1 1
github.com/insolar/insolar/network/dhtnetwork/dht.go:1425.46,1427.2 1 805
