mode: atomic
github.com/insolar/insolar/api/seedmanager/seedgenerator.go:36.48,39.16 3 7504
github.com/insolar/insolar/api/seedmanager/seedgenerator.go:43.2,43.19 1 7504
github.com/insolar/insolar/api/seedmanager/seedgenerator.go:39.16,41.3 1 0
github.com/insolar/insolar/api/seedmanager/seedmanager.go:42.25,44.2 1 1
github.com/insolar/insolar/api/seedmanager/seedmanager.go:47.78,49.12 2 6
github.com/insolar/insolar/api/seedmanager/seedmanager.go:55.2,55.12 1 6
github.com/insolar/insolar/api/seedmanager/seedmanager.go:49.12,50.36 1 6
github.com/insolar/insolar/api/seedmanager/seedmanager.go:50.36,52.4 1 73
github.com/insolar/insolar/api/seedmanager/seedmanager.go:59.39,66.2 4 7504
github.com/insolar/insolar/api/seedmanager/seedmanager.go:68.59,70.2 1 21942
github.com/insolar/insolar/api/seedmanager/seedmanager.go:73.47,79.14 5 7505
github.com/insolar/insolar/api/seedmanager/seedmanager.go:85.2,85.17 1 7505
github.com/insolar/insolar/api/seedmanager/seedmanager.go:79.14,83.3 3 410
github.com/insolar/insolar/api/seedmanager/seedmanager.go:88.40,92.41 3 74
github.com/insolar/insolar/api/seedmanager/seedmanager.go:92.41,93.28 1 21476
github.com/insolar/insolar/api/seedmanager/seedmanager.go:93.28,95.4 1 7093
github.com/insolar/insolar/api/seedmanager/seedmanager.go:100.40,101.33 1 2
github.com/insolar/insolar/api/seedmanager/seedmanager.go:104.2,106.16 3 1
github.com/insolar/insolar/api/seedmanager/seedmanager.go:101.33,103.3 1 1
github.com/insolar/insolar/cmd/insgocc/insgocc.go:38.45,40.2 1 0
github.com/insolar/insolar/cmd/insgocc/insgocc.go:42.38,44.2 1 0
github.com/insolar/insolar/cmd/insgocc/insgocc.go:46.44,48.16 2 0
github.com/insolar/insolar/cmd/insgocc/insgocc.go:57.2,59.12 3 0
github.com/insolar/insolar/cmd/insgocc/insgocc.go:48.16,50.3 1 0
github.com/insolar/insolar/cmd/insgocc/insgocc.go:50.8,53.17 3 0
github.com/insolar/insolar/cmd/insgocc/insgocc.go:53.17,55.4 1 0
github.com/insolar/insolar/cmd/insgocc/insgocc.go:62.36,64.2 1 0
github.com/insolar/insolar/cmd/insgocc/insgocc.go:66.13,75.48 4 0
github.com/insolar/insolar/cmd/insgocc/insgocc.go:124.2,130.48 3 0
github.com/insolar/insolar/cmd/insgocc/insgocc.go:148.2,153.48 2 0
github.com/insolar/insolar/cmd/insgocc/insgocc.go:171.2,176.48 2 0
github.com/insolar/insolar/cmd/insgocc/insgocc.go:242.2,247.16 5 0
github.com/insolar/insolar/cmd/insgocc/insgocc.go:75.48,77.22 1 0
github.com/insolar/insolar/cmd/insgocc/insgocc.go:82.4,83.18 2 0
github.com/insolar/insolar/cmd/insgocc/insgocc.go:88.4,88.31 1 0
github.com/insolar/insolar/cmd/insgocc/insgocc.go:116.4,118.18 2 0
github.com/insolar/insolar/cmd/insgocc/insgocc.go:77.22,80.5 2 0
github.com/insolar/insolar/cmd/insgocc/insgocc.go:83.18,86.5 2 0
github.com/insolar/insolar/cmd/insgocc/insgocc.go:88.31,90.19 2 0
github.com/insolar/insolar/cmd/insgocc/insgocc.go:94.5,95.19 2 0
github.com/insolar/insolar/cmd/insgocc/insgocc.go:100.5,101.19 2 0
github.com/insolar/insolar/cmd/insgocc/insgocc.go:109.5,110.19 2 0
github.com/insolar/insolar/cmd/insgocc/insgocc.go:90.19,93.6 2 0
github.com/insolar/insolar/cmd/insgocc/insgocc.go:95.19,98.6 2 0
github.com/insolar/insolar/cmd/insgocc/insgocc.go:101.19,103.20 2 0
github.com/insolar/insolar/cmd/insgocc/insgocc.go:103.20,106.7 2 0
github.com/insolar/insolar/cmd/insgocc/insgocc.go:110.19,113.6 2 0
github.com/insolar/insolar/cmd/insgocc/insgocc.go:118.18,121.5 2 0
github.com/insolar/insolar/cmd/insgocc/insgocc.go:130.48,131.22 1 0
github.com/insolar/insolar/cmd/insgocc/insgocc.go:135.4,136.18 2 0
github.com/insolar/insolar/cmd/insgocc/insgocc.go:141.4,142.18 2 0
github.com/insolar/insolar/cmd/insgocc/insgocc.go:131.22,134.5 2 0
github.com/insolar/insolar/cmd/insgocc/insgocc.go:136.18,139.5 2 0
github.com/insolar/insolar/cmd/insgocc/insgocc.go:142.18,145.5 2 0
github.com/insolar/insolar/cmd/insgocc/insgocc.go:153.48,154.22 1 0
github.com/insolar/insolar/cmd/insgocc/insgocc.go:158.4,159.18 2 0
github.com/insolar/insolar/cmd/insgocc/insgocc.go:164.4,165.18 2 0
github.com/insolar/insolar/cmd/insgocc/insgocc.go:154.22,157.5 2 0
github.com/insolar/insolar/cmd/insgocc/insgocc.go:159.18,162.5 2 0
github.com/insolar/insolar/cmd/insgocc/insgocc.go:165.18,168.5 2 0
github.com/insolar/insolar/cmd/insgocc/insgocc.go:176.48,178.18 2 0
github.com/insolar/insolar/cmd/insgocc/insgocc.go:182.4,182.22 1 0
github.com/insolar/insolar/cmd/insgocc/insgocc.go:186.4,187.18 2 0
github.com/insolar/insolar/cmd/insgocc/insgocc.go:193.4,194.18 2 0
github.com/insolar/insolar/cmd/insgocc/insgocc.go:198.4,203.18 4 0
github.com/insolar/insolar/cmd/insgocc/insgocc.go:207.4,211.18 4 0
github.com/insolar/insolar/cmd/insgocc/insgocc.go:216.4,217.18 2 0
github.com/insolar/insolar/cmd/insgocc/insgocc.go:221.4,224.18 3 0
github.com/insolar/insolar/cmd/insgocc/insgocc.go:229.4,230.18 2 0
github.com/insolar/insolar/cmd/insgocc/insgocc.go:235.4,236.18 2 0
github.com/insolar/insolar/cmd/insgocc/insgocc.go:178.18,181.5 2 0
github.com/insolar/insolar/cmd/insgocc/insgocc.go:182.22,185.5 2 0
github.com/insolar/insolar/cmd/insgocc/insgocc.go:187.18,190.5 2 0
github.com/insolar/insolar/cmd/insgocc/insgocc.go:194.18,197.5 2 0
github.com/insolar/insolar/cmd/insgocc/insgocc.go:203.18,206.5 2 0
github.com/insolar/insolar/cmd/insgocc/insgocc.go:211.18,214.5 2 0
github.com/insolar/insolar/cmd/insgocc/insgocc.go:217.18,220.5 2 0
github.com/insolar/insolar/cmd/insgocc/insgocc.go:224.18,227.5 2 0
github.com/insolar/insolar/cmd/insgocc/insgocc.go:230.18,233.5 2 0
github.com/insolar/insolar/cmd/insgocc/insgocc.go:236.18,239.5 2 0
github.com/insolar/insolar/cmd/insgocc/insgocc.go:247.16,250.3 2 0
github.com/insolar/insolar/application/extractor/base.go:25.50,29.16 4 6
github.com/insolar/insolar/application/extractor/base.go:32.2,32.24 1 4
github.com/insolar/insolar/application/extractor/base.go:35.2,35.20 1 2
github.com/insolar/insolar/application/extractor/base.go:29.16,31.3 1 2
github.com/insolar/insolar/application/extractor/base.go:32.24,34.3 1 2
github.com/insolar/insolar/application/extractor/member.go:26.72,30.16 4 2
github.com/insolar/insolar/application/extractor/member.go:33.2,33.33 1 1
github.com/insolar/insolar/application/extractor/member.go:30.16,32.3 1 1
github.com/insolar/insolar/application/extractor/member.go:37.53,39.2 1 3
github.com/insolar/insolar/application/extractor/node.go:26.60,33.16 4 3
github.com/insolar/insolar/application/extractor/node.go:36.2,36.24 1 2
github.com/insolar/insolar/application/extractor/node.go:40.2,40.46 1 1
github.com/insolar/insolar/application/extractor/node.go:33.16,35.3 1 1
github.com/insolar/insolar/application/extractor/node.go:36.24,38.3 1 1
github.com/insolar/insolar/application/extractor/rootdomain.go:35.47,39.16 4 3
github.com/insolar/insolar/application/extractor/rootdomain.go:42.2,42.24 1 2
github.com/insolar/insolar/application/extractor/rootdomain.go:46.2,49.16 4 1
github.com/insolar/insolar/application/extractor/rootdomain.go:53.2,53.19 1 1
github.com/insolar/insolar/application/extractor/rootdomain.go:39.16,41.3 1 1
github.com/insolar/insolar/application/extractor/rootdomain.go:42.24,44.3 1 1
github.com/insolar/insolar/application/extractor/rootdomain.go:49.16,51.3 1 0
github.com/insolar/insolar/application/contract/noderecord/noderecord.go:40.75,42.25 1 4
github.com/insolar/insolar/application/contract/noderecord/noderecord.go:45.2,45.23 1 4
github.com/insolar/insolar/application/contract/noderecord/noderecord.go:49.2,50.36 2 4
github.com/insolar/insolar/application/contract/noderecord/noderecord.go:54.2,59.8 1 4
github.com/insolar/insolar/application/contract/noderecord/noderecord.go:42.25,44.3 1 0
github.com/insolar/insolar/application/contract/noderecord/noderecord.go:45.23,47.3 1 0
github.com/insolar/insolar/application/contract/noderecord/noderecord.go:50.36,52.3 1 0
github.com/insolar/insolar/application/contract/noderecord/noderecord.go:65.57,67.2 1 1
github.com/insolar/insolar/application/contract/noderecord/noderecord.go:72.54,74.2 1 1
github.com/insolar/insolar/application/contract/noderecord/noderecord.go:77.58,79.2 1 1
github.com/insolar/insolar/application/contract/noderecord/noderecord.go:82.39,85.2 2 0
github.com/insolar/insolar/api/exporter.go:41.72,43.2 1 2
github.com/insolar/insolar/api/exporter.go:80.120,84.16 4 0
github.com/insolar/insolar/api/exporter.go:88.2,92.12 4 0
github.com/insolar/insolar/api/exporter.go:84.16,86.3 1 0
github.com/insolar/insolar/api/info.go:47.50,49.2 1 2
github.com/insolar/insolar/api/info.go:72.84,78.23 4 0
github.com/insolar/insolar/api/info.go:82.2,83.16 2 0
github.com/insolar/insolar/api/info.go:87.2,87.23 1 0
github.com/insolar/insolar/api/info.go:91.2,92.16 2 0
github.com/insolar/insolar/api/info.go:96.2,96.23 1 0
github.com/insolar/insolar/api/info.go:101.2,106.12 5 0
github.com/insolar/insolar/api/info.go:78.23,81.3 2 0
github.com/insolar/insolar/api/info.go:83.16,86.3 2 0
github.com/insolar/insolar/api/info.go:87.23,90.3 2 0
github.com/insolar/insolar/api/info.go:92.16,95.3 2 0
github.com/insolar/insolar/api/info.go:96.23,99.3 2 0
github.com/insolar/insolar/api/main.go:57.54,58.16 1 6
github.com/insolar/insolar/api/main.go:61.2,61.23 1 5
github.com/insolar/insolar/api/main.go:64.2,64.24 1 4
github.com/insolar/insolar/api/main.go:67.2,67.23 1 3
github.com/insolar/insolar/api/main.go:71.2,71.12 1 2
github.com/insolar/insolar/api/main.go:58.16,60.3 1 1
github.com/insolar/insolar/api/main.go:61.23,63.3 1 1
github.com/insolar/insolar/api/main.go:64.24,66.3 1 1
github.com/insolar/insolar/api/main.go:67.23,69.3 1 1
github.com/insolar/insolar/api/main.go:74.65,76.16 2 2
github.com/insolar/insolar/api/main.go:80.2,81.16 2 2
github.com/insolar/insolar/api/main.go:85.2,86.16 2 2
github.com/insolar/insolar/api/main.go:90.2,91.16 2 2
github.com/insolar/insolar/api/main.go:95.2,96.16 2 2
github.com/insolar/insolar/api/main.go:100.2,100.12 1 2
github.com/insolar/insolar/api/main.go:76.16,78.3 1 0
github.com/insolar/insolar/api/main.go:81.16,83.3 1 0
github.com/insolar/insolar/api/main.go:86.16,88.3 1 0
github.com/insolar/insolar/api/main.go:91.16,93.3 1 0
github.com/insolar/insolar/api/main.go:96.16,98.3 1 0
github.com/insolar/insolar/api/main.go:104.63,106.41 1 6
github.com/insolar/insolar/api/main.go:110.2,122.55 5 2
github.com/insolar/insolar/api/main.go:126.2,126.17 1 2
github.com/insolar/insolar/api/main.go:106.41,108.3 1 4
github.com/insolar/insolar/api/main.go:122.55,124.3 1 0
github.com/insolar/insolar/api/main.go:130.38,132.2 1 0
github.com/insolar/insolar/api/main.go:135.52,143.12 7 1
github.com/insolar/insolar/api/main.go:148.2,148.12 1 1
github.com/insolar/insolar/api/main.go:143.12,144.52 1 1
github.com/insolar/insolar/api/main.go:144.52,146.4 1 0
github.com/insolar/insolar/api/main.go:152.51,159.16 6 0
github.com/insolar/insolar/api/main.go:163.2,163.12 1 0
github.com/insolar/insolar/api/main.go:159.16,161.3 1 0
github.com/insolar/insolar/api/main.go:166.94,170.8 4 0
github.com/insolar/insolar/api/main.go:174.2,176.16 3 0
github.com/insolar/insolar/api/main.go:180.2,181.16 2 0
github.com/insolar/insolar/api/main.go:185.2,187.16 3 0
github.com/insolar/insolar/api/main.go:191.2,194.23 4 0
github.com/insolar/insolar/api/main.go:170.8,172.3 1 0
github.com/insolar/insolar/api/main.go:176.16,178.3 1 0
github.com/insolar/insolar/api/main.go:181.16,183.3 1 0
github.com/insolar/insolar/api/main.go:187.16,189.3 1 0
github.com/insolar/insolar/api/node_cert.go:45.58,47.2 1 2
github.com/insolar/insolar/api/node_cert.go:50.96,54.16 3 0
github.com/insolar/insolar/api/node_cert.go:58.2,59.12 2 0
github.com/insolar/insolar/api/node_cert.go:54.16,56.3 1 0
github.com/insolar/insolar/api/seed.go:41.50,43.2 1 2
github.com/insolar/insolar/api/seed.go:64.84,66.16 2 0
github.com/insolar/insolar/api/seed.go:69.2,74.12 4 0
github.com/insolar/insolar/api/seed.go:66.16,68.3 1 0
github.com/insolar/insolar/api/status.go:34.54,36.2 1 2
github.com/insolar/insolar/api/status.go:39.91,43.2 2 0
github.com/insolar/insolar/api/call.go:54.78,56.16 2 1
github.com/insolar/insolar/api/call.go:59.2,59.20 1 1
github.com/insolar/insolar/api/call.go:63.2,64.16 2 0
github.com/insolar/insolar/api/call.go:67.2,67.18 1 0
github.com/insolar/insolar/api/call.go:56.16,58.3 1 0
github.com/insolar/insolar/api/call.go:59.20,61.3 1 1
github.com/insolar/insolar/api/call.go:64.16,66.3 1 0
github.com/insolar/insolar/api/call.go:70.78,72.16 2 0
github.com/insolar/insolar/api/call.go:75.2,75.15 1 0
github.com/insolar/insolar/api/call.go:79.2,84.16 2 0
github.com/insolar/insolar/api/call.go:87.2,89.15 3 0
github.com/insolar/insolar/api/call.go:92.2,92.12 1 0
github.com/insolar/insolar/api/call.go:72.16,74.3 1 0
github.com/insolar/insolar/api/call.go:75.15,77.3 1 0
github.com/insolar/insolar/api/call.go:84.16,86.3 1 0
github.com/insolar/insolar/api/call.go:89.15,91.3 1 0
github.com/insolar/insolar/api/call.go:95.54,97.17 2 0
github.com/insolar/insolar/api/call.go:101.2,101.35 1 0
github.com/insolar/insolar/api/call.go:105.2,105.12 1 0
github.com/insolar/insolar/api/call.go:97.17,99.3 1 0
github.com/insolar/insolar/api/call.go:101.35,103.3 1 0
github.com/insolar/insolar/api/call.go:108.86,116.16 3 0
github.com/insolar/insolar/api/call.go:120.2,121.16 2 0
github.com/insolar/insolar/api/call.go:125.2,125.24 1 0
github.com/insolar/insolar/api/call.go:129.2,129.20 1 0
github.com/insolar/insolar/api/call.go:116.16,118.3 1 0
github.com/insolar/insolar/api/call.go:121.16,123.3 1 0
github.com/insolar/insolar/api/call.go:125.24,127.3 1 0
github.com/insolar/insolar/api/call.go:132.81,135.2 2 1
github.com/insolar/insolar/api/call.go:137.74,138.63 1 1
github.com/insolar/insolar/api/call.go:138.63,147.16 6 1
github.com/insolar/insolar/api/call.go:159.3,160.17 2 1
github.com/insolar/insolar/api/call.go:165.3,166.17 2 0
github.com/insolar/insolar/api/call.go:171.3,172.17 2 0
github.com/insolar/insolar/api/call.go:177.3,178.17 2 0
github.com/insolar/insolar/api/call.go:183.3,183.23 1 0
github.com/insolar/insolar/api/call.go:147.16,149.18 2 1
github.com/insolar/insolar/api/call.go:152.4,154.18 3 1
github.com/insolar/insolar/api/call.go:149.18,151.5 1 0
github.com/insolar/insolar/api/call.go:154.18,156.5 1 0
github.com/insolar/insolar/api/call.go:160.17,163.4 2 1
github.com/insolar/insolar/api/call.go:166.17,169.4 2 0
github.com/insolar/insolar/api/call.go:172.17,175.4 2 0
github.com/insolar/insolar/api/call.go:178.17,181.4 2 0
github.com/insolar/insolar/certificate/certificate.go:67.69,69.2 1 0
github.com/insolar/insolar/certificate/certificate.go:72.96,74.2 1 0
github.com/insolar/insolar/certificate/certificate.go:77.72,80.2 2 0
github.com/insolar/insolar/certificate/certificate.go:83.75,85.2 1 0
github.com/insolar/insolar/certificate/certificate.go:100.55,103.2 2 0
github.com/insolar/insolar/certificate/certificate.go:106.58,108.2 1 0
github.com/insolar/insolar/certificate/certificate.go:111.43,113.2 1 0
github.com/insolar/insolar/certificate/certificate.go:116.55,119.2 2 0
github.com/insolar/insolar/certificate/certificate.go:122.58,124.2 1 0
github.com/insolar/insolar/certificate/certificate.go:128.56,135.54 4 0
github.com/insolar/insolar/certificate/certificate.go:139.2,139.43 1 0
github.com/insolar/insolar/certificate/certificate.go:143.2,143.20 1 0
github.com/insolar/insolar/certificate/certificate.go:135.54,137.3 1 0
github.com/insolar/insolar/certificate/certificate.go:139.43,141.3 1 0
github.com/insolar/insolar/certificate/certificate.go:147.81,150.16 3 0
github.com/insolar/insolar/certificate/certificate.go:153.2,153.26 1 0
github.com/insolar/insolar/certificate/certificate.go:150.16,152.3 1 0
github.com/insolar/insolar/certificate/certificate.go:156.53,158.2 1 0
github.com/insolar/insolar/certificate/certificate.go:161.78,164.16 3 0
github.com/insolar/insolar/certificate/certificate.go:167.2,167.26 1 0
github.com/insolar/insolar/certificate/certificate.go:164.16,166.3 1 0
github.com/insolar/insolar/certificate/certificate.go:171.67,173.48 2 0
github.com/insolar/insolar/certificate/certificate.go:177.2,177.15 1 0
github.com/insolar/insolar/certificate/certificate.go:173.48,176.3 1 0
github.com/insolar/insolar/certificate/certificate.go:180.80,182.16 2 3
github.com/insolar/insolar/certificate/certificate.go:185.2,187.50 2 3
github.com/insolar/insolar/certificate/certificate.go:195.2,195.48 1 3
github.com/insolar/insolar/certificate/certificate.go:204.2,204.12 1 2
github.com/insolar/insolar/certificate/certificate.go:182.16,184.3 1 0
github.com/insolar/insolar/certificate/certificate.go:187.50,189.17 2 0
github.com/insolar/insolar/certificate/certificate.go:192.3,192.76 1 0
github.com/insolar/insolar/certificate/certificate.go:189.17,191.4 1 0
github.com/insolar/insolar/certificate/certificate.go:195.48,198.17 3 8
github.com/insolar/insolar/certificate/certificate.go:201.3,201.50 1 7
github.com/insolar/insolar/certificate/certificate.go:198.17,200.4 1 1
github.com/insolar/insolar/certificate/certificate.go:207.116,210.16 3 6
github.com/insolar/insolar/certificate/certificate.go:214.2,215.16 2 4
github.com/insolar/insolar/certificate/certificate.go:219.2,219.35 1 4
github.com/insolar/insolar/certificate/certificate.go:223.2,224.16 2 3
github.com/insolar/insolar/certificate/certificate.go:228.2,228.19 1 2
github.com/insolar/insolar/certificate/certificate.go:210.16,212.3 1 2
github.com/insolar/insolar/certificate/certificate.go:215.16,217.3 1 0
github.com/insolar/insolar/certificate/certificate.go:219.35,221.3 1 1
github.com/insolar/insolar/certificate/certificate.go:224.16,226.3 1 1
github.com/insolar/insolar/certificate/certificate.go:232.121,234.16 2 6
github.com/insolar/insolar/certificate/certificate.go:237.2,238.16 2 5
github.com/insolar/insolar/certificate/certificate.go:241.2,241.18 1 1
github.com/insolar/insolar/certificate/certificate.go:234.16,236.3 1 1
github.com/insolar/insolar/certificate/certificate.go:238.16,240.3 1 4
github.com/insolar/insolar/certificate/certificate.go:245.132,247.16 2 1
github.com/insolar/insolar/certificate/certificate.go:250.2,251.16 2 1
github.com/insolar/insolar/certificate/certificate.go:254.2,254.18 1 1
github.com/insolar/insolar/certificate/certificate.go:247.16,249.3 1 0
github.com/insolar/insolar/certificate/certificate.go:251.16,253.3 1 0
github.com/insolar/insolar/certificate/certificate.go:258.52,260.2 1 0
github.com/insolar/insolar/certificate/certificate.go:263.67,266.2 2 0
github.com/insolar/insolar/certificate/certificate.go:270.112,276.16 4 0
github.com/insolar/insolar/certificate/certificate.go:280.2,282.19 3 0
github.com/insolar/insolar/certificate/certificate.go:276.16,278.3 1 0
github.com/insolar/insolar/certificate/certificate.go:286.49,288.16 2 0
github.com/insolar/insolar/certificate/certificate.go:292.2,292.28 1 0
github.com/insolar/insolar/certificate/certificate.go:288.16,290.3 1 0
github.com/insolar/insolar/certificate/certificate.go:296.105,307.43 2 0
github.com/insolar/insolar/certificate/certificate.go:312.2,312.22 1 0
github.com/insolar/insolar/certificate/certificate.go:307.43,311.3 3 0
github.com/insolar/insolar/certificate/certificate.go:316.79,318.2 1 0
github.com/insolar/insolar/certificate/certificate.go:321.70,324.16 3 1
github.com/insolar/insolar/certificate/certificate.go:327.2,327.19 1 1
github.com/insolar/insolar/certificate/certificate.go:324.16,326.3 1 0
github.com/insolar/insolar/certificate/certificate.go:331.72,333.16 2 1
github.com/insolar/insolar/certificate/certificate.go:336.2,336.18 1 1
github.com/insolar/insolar/certificate/certificate.go:333.16,335.3 1 0
github.com/insolar/insolar/certificate/certificate.go:339.111,341.57 2 0
github.com/insolar/insolar/certificate/certificate.go:344.2,345.43 2 0
github.com/insolar/insolar/certificate/certificate.go:357.2,357.18 1 0
github.com/insolar/insolar/certificate/certificate.go:341.57,343.3 1 0
github.com/insolar/insolar/certificate/certificate.go:345.43,347.42 2 0
github.com/insolar/insolar/certificate/certificate.go:353.3,353.10 1 0
github.com/insolar/insolar/certificate/certificate.go:347.42,349.10 2 0
github.com/insolar/insolar/certificate/certificate.go:349.10,350.13 1 0
github.com/insolar/insolar/certificate/certificate.go:353.10,355.4 1 0
github.com/insolar/insolar/api/requester/requester.go:38.51,39.13 1 8
github.com/insolar/insolar/api/requester/requester.go:39.13,41.3 1 8
github.com/insolar/insolar/api/requester/requester.go:45.28,47.2 1 1
github.com/insolar/insolar/api/requester/requester.go:53.68,55.16 2 10
github.com/insolar/insolar/api/requester/requester.go:59.2,60.16 2 10
github.com/insolar/insolar/api/requester/requester.go:63.2,63.42 1 9
github.com/insolar/insolar/api/requester/requester.go:67.2,69.16 3 7
github.com/insolar/insolar/api/requester/requester.go:73.2,73.18 1 7
github.com/insolar/insolar/api/requester/requester.go:55.16,57.3 1 0
github.com/insolar/insolar/api/requester/requester.go:60.16,62.3 1 1
github.com/insolar/insolar/api/requester/requester.go:63.42,65.3 1 2
github.com/insolar/insolar/api/requester/requester.go:69.16,71.3 1 0
github.com/insolar/insolar/api/requester/requester.go:77.42,83.16 2 2
github.com/insolar/insolar/api/requester/requester.go:87.2,90.16 3 2
github.com/insolar/insolar/api/requester/requester.go:93.2,93.27 1 2
github.com/insolar/insolar/api/requester/requester.go:96.2,97.16 2 2
github.com/insolar/insolar/api/requester/requester.go:101.2,101.22 1 2
github.com/insolar/insolar/api/requester/requester.go:83.16,85.3 1 0
github.com/insolar/insolar/api/requester/requester.go:90.16,92.3 1 0
github.com/insolar/insolar/api/requester/requester.go:93.27,95.3 1 0
github.com/insolar/insolar/api/requester/requester.go:97.16,99.3 1 0
github.com/insolar/insolar/api/requester/requester.go:104.60,106.16 2 3
github.com/insolar/insolar/api/requester/requester.go:109.2,109.18 1 3
github.com/insolar/insolar/api/requester/requester.go:106.16,108.3 1 0
github.com/insolar/insolar/api/requester/requester.go:113.133,114.37 1 4
github.com/insolar/insolar/api/requester/requester.go:118.2,119.16 2 3
github.com/insolar/insolar/api/requester/requester.go:123.2,128.16 2 3
github.com/insolar/insolar/api/requester/requester.go:132.2,135.16 4 3
github.com/insolar/insolar/api/requester/requester.go:138.2,148.16 3 3
github.com/insolar/insolar/api/requester/requester.go:152.2,152.18 1 2
github.com/insolar/insolar/api/requester/requester.go:114.37,116.3 1 1
github.com/insolar/insolar/api/requester/requester.go:119.16,121.3 1 0
github.com/insolar/insolar/api/requester/requester.go:128.16,130.3 1 0
github.com/insolar/insolar/api/requester/requester.go:135.16,137.3 1 0
github.com/insolar/insolar/api/requester/requester.go:148.16,150.3 1 1
github.com/insolar/insolar/api/requester/requester.go:156.112,159.16 3 1
github.com/insolar/insolar/api/requester/requester.go:162.2,165.16 3 1
github.com/insolar/insolar/api/requester/requester.go:169.2,169.22 1 1
github.com/insolar/insolar/api/requester/requester.go:159.16,161.3 1 0
github.com/insolar/insolar/api/requester/requester.go:165.16,167.3 1 0
github.com/insolar/insolar/api/requester/requester.go:172.52,178.2 1 2
github.com/insolar/insolar/api/requester/requester.go:181.46,185.16 3 1
github.com/insolar/insolar/api/requester/requester.go:189.2,192.16 3 1
github.com/insolar/insolar/api/requester/requester.go:195.2,195.27 1 1
github.com/insolar/insolar/api/requester/requester.go:198.2,199.16 2 1
github.com/insolar/insolar/api/requester/requester.go:203.2,203.17 1 1
github.com/insolar/insolar/api/requester/requester.go:185.16,187.3 1 0
github.com/insolar/insolar/api/requester/requester.go:192.16,194.3 1 0
github.com/insolar/insolar/api/requester/requester.go:195.27,197.3 1 0
github.com/insolar/insolar/api/requester/requester.go:199.16,201.3 1 0
github.com/insolar/insolar/api/requester/requester.go:207.50,211.16 3 1
github.com/insolar/insolar/api/requester/requester.go:215.2,218.16 3 1
github.com/insolar/insolar/api/requester/requester.go:221.2,221.29 1 1
github.com/insolar/insolar/api/requester/requester.go:224.2,225.16 2 1
github.com/insolar/insolar/api/requester/requester.go:229.2,229.17 1 1
github.com/insolar/insolar/api/requester/requester.go:211.16,213.3 1 0
github.com/insolar/insolar/api/requester/requester.go:218.16,220.3 1 0
github.com/insolar/insolar/api/requester/requester.go:221.29,223.3 1 0
github.com/insolar/insolar/api/requester/requester.go:225.16,227.3 1 0
github.com/insolar/insolar/api/requester/config.go:43.58,45.16 2 10
github.com/insolar/insolar/api/requester/config.go:49.2,50.16 2 9
github.com/insolar/insolar/api/requester/config.go:54.2,54.12 1 8
github.com/insolar/insolar/api/requester/config.go:45.16,47.3 1 1
github.com/insolar/insolar/api/requester/config.go:50.16,52.3 1 1
github.com/insolar/insolar/api/requester/config.go:58.67,61.16 3 4
github.com/insolar/insolar/api/requester/config.go:65.2,67.16 3 4
github.com/insolar/insolar/api/requester/config.go:71.2,71.21 1 4
github.com/insolar/insolar/api/requester/config.go:61.16,63.3 1 0
github.com/insolar/insolar/api/requester/config.go:67.16,69.3 1 0
github.com/insolar/insolar/api/requester/config.go:75.73,78.16 3 4
github.com/insolar/insolar/api/requester/config.go:82.2,82.21 1 4
github.com/insolar/insolar/api/requester/config.go:78.16,80.3 1 0
github.com/insolar/insolar/api/requester/config.go:86.79,93.2 5 0
github.com/insolar/insolar/component/manager.go:36.55,38.2 1 1
github.com/insolar/insolar/component/manager.go:42.53,45.45 2 1
github.com/insolar/insolar/component/manager.go:45.45,50.49 4 2
github.com/insolar/insolar/component/manager.go:50.49,52.81 2 8
github.com/insolar/insolar/component/manager.go:52.81,55.5 2 2
github.com/insolar/insolar/component/manager.go:60.86,61.45 1 2
github.com/insolar/insolar/component/manager.go:77.2,82.4 1 0
github.com/insolar/insolar/component/manager.go:61.45,64.47 2 3
github.com/insolar/insolar/component/manager.go:64.47,74.4 4 2
github.com/insolar/insolar/component/manager.go:86.52,87.33 1 1
github.com/insolar/insolar/component/manager.go:99.2,99.12 1 1
github.com/insolar/insolar/component/manager.go:87.33,89.31 2 2
github.com/insolar/insolar/component/manager.go:89.31,92.18 3 2
github.com/insolar/insolar/component/manager.go:92.18,94.5 1 0
github.com/insolar/insolar/component/manager.go:95.9,97.4 1 0
github.com/insolar/insolar/component/manager.go:103.51,104.33 1 0
github.com/insolar/insolar/component/manager.go:117.2,117.12 1 0
github.com/insolar/insolar/component/manager.go:104.33,107.10 3 0
github.com/insolar/insolar/component/manager.go:111.3,113.17 3 0
github.com/insolar/insolar/component/manager.go:107.10,109.12 2 0
github.com/insolar/insolar/component/manager.go:113.17,115.4 1 0
github.com/insolar/insolar/component/manager.go:121.51,123.46 1 1
github.com/insolar/insolar/component/manager.go:136.2,136.12 1 1
github.com/insolar/insolar/component/manager.go:123.46,125.45 2 2
github.com/insolar/insolar/component/manager.go:125.45,129.18 3 1
github.com/insolar/insolar/component/manager.go:129.18,131.5 1 0
github.com/insolar/insolar/component/manager.go:132.9,134.4 1 1
github.com/insolar/insolar/core/messagebus.go:81.57,82.14 1 0
github.com/insolar/insolar/core/messagebus.go:85.2,85.10 1 0
github.com/insolar/insolar/core/messagebus.go:82.14,84.3 1 0
github.com/insolar/insolar/core/messagebus.go:122.81,125.21 3 0
github.com/insolar/insolar/core/messagebus.go:131.2,131.11 1 0
github.com/insolar/insolar/core/messagebus.go:125.21,127.9 2 0
github.com/insolar/insolar/core/messagebus.go:127.9,129.4 1 0
github.com/insolar/insolar/core/messagebus.go:135.81,137.2 1 0
github.com/insolar/insolar/core/networkstate_string.go:11.39,12.60 1 0
github.com/insolar/insolar/core/networkstate_string.go:15.2,15.76 1 0
github.com/insolar/insolar/core/networkstate_string.go:12.60,14.3 1 0
github.com/insolar/insolar/core/serialization.go:25.47,30.2 4 0
github.com/insolar/insolar/core/serialization.go:33.53,37.2 3 0
github.com/insolar/insolar/core/serialization.go:40.58,44.16 3 0
github.com/insolar/insolar/core/serialization.go:48.2,50.20 2 0
github.com/insolar/insolar/core/serialization.go:44.16,46.3 1 0
github.com/insolar/insolar/core/serialization.go:54.87,59.16 4 0
github.com/insolar/insolar/core/serialization.go:63.2,63.22 1 0
github.com/insolar/insolar/core/serialization.go:59.16,61.3 1 0
github.com/insolar/insolar/core/record.go:40.37,42.2 1 0
github.com/insolar/insolar/core/record.go:45.60,50.2 4 0
github.com/insolar/insolar/core/record.go:53.36,55.2 1 0
github.com/insolar/insolar/core/record.go:58.41,61.2 2 0
github.com/insolar/insolar/core/record.go:64.35,68.2 3 0
github.com/insolar/insolar/core/record.go:71.49,72.31 1 0
github.com/insolar/insolar/core/record.go:75.2,75.22 1 0
github.com/insolar/insolar/core/record.go:72.31,74.3 1 0
github.com/insolar/insolar/core/record.go:79.51,80.15 1 0
github.com/insolar/insolar/core/record.go:83.2,83.43 1 0
github.com/insolar/insolar/core/record.go:80.15,82.3 1 0
github.com/insolar/insolar/core/record.go:90.64,95.2 4 0
github.com/insolar/insolar/core/record.go:98.49,100.2 1 0
github.com/insolar/insolar/core/record.go:103.49,105.2 1 0
github.com/insolar/insolar/core/record.go:108.41,112.2 3 0
github.com/insolar/insolar/core/record.go:115.42,119.2 3 0
github.com/insolar/insolar/core/record.go:122.38,124.2 1 0
github.com/insolar/insolar/core/record.go:127.55,128.37 1 0
github.com/insolar/insolar/core/record.go:131.2,131.12 1 0
github.com/insolar/insolar/core/record.go:128.37,130.3 1 0
github.com/insolar/insolar/core/record.go:135.37,137.2 1 0
github.com/insolar/insolar/core/record.go:140.50,142.2 1 0
github.com/insolar/insolar/core/record.go:145.37,147.2 1 0
github.com/insolar/insolar/core/record.go:150.51,152.2 1 0
github.com/insolar/insolar/core/record.go:155.45,161.2 4 0
github.com/insolar/insolar/core/record.go:164.53,165.16 1 0
github.com/insolar/insolar/core/record.go:168.2,169.16 2 0
github.com/insolar/insolar/core/record.go:172.2,173.16 2 0
github.com/insolar/insolar/core/record.go:176.2,176.61 1 0
github.com/insolar/insolar/core/record.go:165.16,167.3 1 0
github.com/insolar/insolar/core/record.go:169.16,171.3 1 0
github.com/insolar/insolar/core/record.go:173.16,175.3 1 0
github.com/insolar/insolar/core/messagetype_string.go:11.38,12.49 1 0
github.com/insolar/insolar/core/messagetype_string.go:15.2,15.73 1 0
github.com/insolar/insolar/core/messagetype_string.go:12.49,14.3 1 0
github.com/insolar/insolar/core/delegationtokentype_string.go:11.46,13.65 2 0
github.com/insolar/insolar/core/delegationtokentype_string.go:16.2,16.97 1 0
github.com/insolar/insolar/core/delegationtokentype_string.go:13.65,15.3 1 0
github.com/insolar/insolar/core/cryptography.go:27.47,29.2 1 0
github.com/insolar/insolar/core/cryptography.go:31.36,33.2 1 0
github.com/insolar/insolar/core/pulse.go:46.45,48.2 1 0
github.com/insolar/insolar/core/pulse.go:51.38,53.2 1 0
github.com/insolar/insolar/core/pulse.go:61.39,63.2 1 0
github.com/insolar/insolar/core/pulse.go:79.47,81.2 1 0
github.com/insolar/insolar/core/pulse.go:110.54,112.2 1 0
github.com/insolar/insolar/core/vm.go:126.56,127.43 1 14
github.com/insolar/insolar/core/vm.go:131.2,133.18 2 12
github.com/insolar/insolar/core/vm.go:140.2,140.38 1 8
github.com/insolar/insolar/core/vm.go:151.2,154.22 4 3
github.com/insolar/insolar/core/vm.go:127.43,129.3 1 2
github.com/insolar/insolar/core/vm.go:133.18,138.3 4 4
github.com/insolar/insolar/core/vm.go:140.38,143.44 3 5
github.com/insolar/insolar/core/vm.go:146.3,149.23 4 1
github.com/insolar/insolar/core/vm.go:143.44,145.4 1 4
github.com/insolar/insolar/core/vm.go:157.13,161.2 3 1
github.com/insolar/insolar/core/noderole.go:37.54,38.14 1 0
github.com/insolar/insolar/core/noderole.go:47.2,47.26 1 0
github.com/insolar/insolar/core/noderole.go:39.17,40.27 1 0
github.com/insolar/insolar/core/noderole.go:41.24,42.33 1 0
github.com/insolar/insolar/core/noderole.go:43.24,44.33 1 0
github.com/insolar/insolar/core/noderole.go:50.38,51.12 1 0
github.com/insolar/insolar/core/noderole.go:60.2,60.18 1 0
github.com/insolar/insolar/core/noderole.go:52.25,53.19 1 0
github.com/insolar/insolar/core/noderole.go:54.31,55.26 1 0
github.com/insolar/insolar/core/noderole.go:56.31,57.26 1 0
github.com/insolar/insolar/configuration/servicenetwork.go:29.41,31.2 1 13
github.com/insolar/insolar/configuration/tracer.go:33.25,39.2 1 13
github.com/insolar/insolar/configuration/configuration.go:52.39,69.2 2 13
github.com/insolar/insolar/configuration/configuration.go:72.50,74.16 2 2
github.com/insolar/insolar/configuration/configuration.go:77.2,77.10 1 1
github.com/insolar/insolar/configuration/configuration.go:74.16,75.13 1 1
github.com/insolar/insolar/configuration/configuration.go:83.55,85.16 2 4
github.com/insolar/insolar/configuration/configuration.go:93.2,94.16 2 2
github.com/insolar/insolar/configuration/configuration.go:97.2,97.15 1 2
github.com/insolar/insolar/configuration/configuration.go:85.16,86.15 1 4
github.com/insolar/insolar/configuration/configuration.go:89.3,89.56 1 2
github.com/insolar/insolar/configuration/configuration.go:86.15,88.4 1 2
github.com/insolar/insolar/configuration/configuration.go:89.56,91.4 1 0
github.com/insolar/insolar/configuration/configuration.go:94.16,96.3 1 0
github.com/insolar/insolar/configuration/configuration.go:101.26,114.2 9 10
github.com/insolar/insolar/configuration/configuration.go:117.31,119.16 2 8
github.com/insolar/insolar/configuration/configuration.go:123.2,123.58 1 3
github.com/insolar/insolar/configuration/configuration.go:119.16,121.3 1 5
github.com/insolar/insolar/configuration/configuration.go:127.34,131.2 2 3
github.com/insolar/insolar/configuration/configuration.go:134.50,137.2 2 4
github.com/insolar/insolar/configuration/configuration.go:140.31,143.2 2 0
github.com/insolar/insolar/configuration/configuration.go:146.44,148.2 1 1
github.com/insolar/insolar/configuration/configuration.go:150.67,153.38 3 66
github.com/insolar/insolar/configuration/configuration.go:153.38,158.9 5 219
github.com/insolar/insolar/configuration/configuration.go:161.3,162.24 2 219
github.com/insolar/insolar/configuration/configuration.go:158.9,160.4 1 0
github.com/insolar/insolar/configuration/configuration.go:163.23,164.44 1 63
github.com/insolar/insolar/configuration/configuration.go:165.11,167.18 2 156
github.com/insolar/insolar/configuration/configuration.go:167.18,169.5 1 0
github.com/insolar/insolar/configuration/configuration.go:175.38,177.16 2 0
github.com/insolar/insolar/configuration/configuration.go:180.2,180.18 1 0
github.com/insolar/insolar/configuration/configuration.go:177.16,179.3 1 0
github.com/insolar/insolar/configuration/ledger.go:85.25,119.2 1 13
github.com/insolar/insolar/configuration/log.go:26.19,28.2 1 13
github.com/insolar/insolar/configuration/logicrunner.go:45.35,55.2 1 13
github.com/insolar/insolar/configuration/metrics.go:34.27,40.2 1 13
github.com/insolar/insolar/configuration/pulsar.go:25.42,27.2 1 0
github.com/insolar/insolar/configuration/pulsar.go:56.25,75.2 1 13
github.com/insolar/insolar/configuration/versionmanager.go:25.41,27.2 1 13
github.com/insolar/insolar/configuration/apirunner.go:31.31,37.2 1 13
github.com/insolar/insolar/configuration/apirunner.go:39.38,42.2 2 0
github.com/insolar/insolar/configuration/hostnetwork.go:39.35,50.2 2 13
github.com/insolar/insolar/consensus/packets/bitarray.go:34.43,36.2 1 15
github.com/insolar/insolar/consensus/packets/bitarray.go:38.38,44.2 2 15
github.com/insolar/insolar/consensus/packets/bitarray.go:46.32,48.2 1 0
github.com/insolar/insolar/consensus/packets/bitarray.go:50.48,51.27 1 844
github.com/insolar/insolar/consensus/packets/bitarray.go:54.2,58.14 4 844
github.com/insolar/insolar/consensus/packets/bitarray.go:65.2,65.12 1 844
github.com/insolar/insolar/consensus/packets/bitarray.go:51.27,53.3 1 0
github.com/insolar/insolar/consensus/packets/bitarray.go:58.14,60.3 1 418
github.com/insolar/insolar/consensus/packets/bitarray.go:60.8,60.21 1 426
github.com/insolar/insolar/consensus/packets/bitarray.go:60.21,62.3 1 426
github.com/insolar/insolar/consensus/packets/bitarray.go:62.8,64.3 1 0
github.com/insolar/insolar/consensus/packets/bitarray.go:68.65,69.16 1 3
github.com/insolar/insolar/consensus/packets/bitarray.go:72.2,73.30 2 2
github.com/insolar/insolar/consensus/packets/bitarray.go:80.2,80.28 1 2
github.com/insolar/insolar/consensus/packets/bitarray.go:69.16,71.3 1 1
github.com/insolar/insolar/consensus/packets/bitarray.go:73.30,75.17 2 36
github.com/insolar/insolar/consensus/packets/bitarray.go:75.17,77.4 1 0
github.com/insolar/insolar/consensus/packets/bitarray.go:83.60,86.16 3 1
github.com/insolar/insolar/consensus/packets/bitarray.go:89.2,90.38 2 1
github.com/insolar/insolar/consensus/packets/bitarray.go:111.2,111.28 1 1
github.com/insolar/insolar/consensus/packets/bitarray.go:86.16,88.3 1 0
github.com/insolar/insolar/consensus/packets/bitarray.go:90.38,92.17 2 69
github.com/insolar/insolar/consensus/packets/bitarray.go:95.3,95.51 1 69
github.com/insolar/insolar/consensus/packets/bitarray.go:92.17,94.4 1 0
github.com/insolar/insolar/consensus/packets/bitarray.go:95.51,98.18 3 1
github.com/insolar/insolar/consensus/packets/bitarray.go:101.4,102.18 2 1
github.com/insolar/insolar/consensus/packets/bitarray.go:105.4,106.18 2 1
github.com/insolar/insolar/consensus/packets/bitarray.go:98.18,100.5 1 0
github.com/insolar/insolar/consensus/packets/bitarray.go:102.18,104.5 1 0
github.com/insolar/insolar/consensus/packets/bitarray.go:107.9,109.4 1 68
github.com/insolar/insolar/consensus/packets/bitarray.go:114.52,115.27 1 1123
github.com/insolar/insolar/consensus/packets/bitarray.go:119.2,123.31 4 1123
github.com/insolar/insolar/consensus/packets/bitarray.go:115.27,117.3 1 0
github.com/insolar/insolar/consensus/packets/bitarray.go:126.57,127.27 1 560
github.com/insolar/insolar/consensus/packets/bitarray.go:131.2,132.16 2 560
github.com/insolar/insolar/consensus/packets/bitarray.go:135.2,136.16 2 560
github.com/insolar/insolar/consensus/packets/bitarray.go:140.2,140.51 1 560
github.com/insolar/insolar/consensus/packets/bitarray.go:127.27,129.3 1 0
github.com/insolar/insolar/consensus/packets/bitarray.go:132.16,134.3 1 0
github.com/insolar/insolar/consensus/packets/bitarray.go:136.16,138.3 1 0
github.com/insolar/insolar/consensus/packets/bitarray.go:143.37,145.2 1 1967
github.com/insolar/insolar/consensus/packets/bitarray.go:147.42,149.2 1 1967
github.com/insolar/insolar/consensus/packets/bitset.go:72.42,74.2 1 7
github.com/insolar/insolar/consensus/packets/phase1packet.go:41.38,43.2 1 5
github.com/insolar/insolar/consensus/packets/phase1packet.go:45.49,47.2 1 0
github.com/insolar/insolar/consensus/packets/phase1packet.go:49.45,51.2 1 7
github.com/insolar/insolar/consensus/packets/phase1packet.go:53.71,54.39 1 2
github.com/insolar/insolar/consensus/packets/phase1packet.go:57.2,59.12 2 1
github.com/insolar/insolar/consensus/packets/phase1packet.go:54.39,56.3 1 1
github.com/insolar/insolar/consensus/packets/phase1packet.go:62.60,64.2 1 0
github.com/insolar/insolar/consensus/packets/phase1packet.go:66.48,72.2 1 0
github.com/insolar/insolar/consensus/packets/phase1packet.go:74.58,76.2 1 0
github.com/insolar/insolar/consensus/packets/phase1packet.go:78.68,81.40 2 1
github.com/insolar/insolar/consensus/packets/phase1packet.go:85.2,89.20 4 1
github.com/insolar/insolar/consensus/packets/phase1packet.go:81.40,83.3 1 0
github.com/insolar/insolar/consensus/packets/phase1packet.go:93.85,94.81 1 2
github.com/insolar/insolar/consensus/packets/phase1packet.go:100.2,100.47 1 1
github.com/insolar/insolar/consensus/packets/phase1packet.go:94.81,98.3 3 1
github.com/insolar/insolar/consensus/packets/phase1packet.go:104.64,106.54 1 171
github.com/insolar/insolar/consensus/packets/phase1packet.go:115.2,117.43 2 171
github.com/insolar/insolar/consensus/packets/phase1packet.go:121.2,123.12 3 170
github.com/insolar/insolar/consensus/packets/phase1packet.go:106.54,108.29 2 171
github.com/insolar/insolar/consensus/packets/phase1packet.go:112.3,112.16 1 171
github.com/insolar/insolar/consensus/packets/phase1packet.go:108.29,111.4 2 13221
github.com/insolar/insolar/consensus/packets/phase1packet.go:117.43,119.3 1 1
github.com/insolar/insolar/consensus/packets/phase1packet.go:126.56,128.2 1 0
github.com/insolar/insolar/consensus/packets/phase1packet.go:130.88,135.2 4 2
github.com/insolar/insolar/consensus/packets/phase2packet.go:39.60,41.2 1 0
github.com/insolar/insolar/consensus/packets/phase2packet.go:43.48,45.2 1 0
github.com/insolar/insolar/consensus/packets/phase2packet.go:47.45,49.2 1 0
github.com/insolar/insolar/consensus/packets/phase2packet.go:51.71,52.39 1 2
github.com/insolar/insolar/consensus/packets/phase2packet.go:56.2,58.12 2 1
github.com/insolar/insolar/consensus/packets/phase2packet.go:52.39,54.3 1 1
github.com/insolar/insolar/consensus/packets/phase2packet.go:61.68,64.40 2 1
github.com/insolar/insolar/consensus/packets/phase2packet.go:68.2,72.20 4 1
github.com/insolar/insolar/consensus/packets/phase2packet.go:64.40,66.3 1 0
github.com/insolar/insolar/consensus/packets/phase2packet.go:75.59,77.2 1 0
github.com/insolar/insolar/consensus/packets/phase2packet.go:79.85,80.50 1 0
github.com/insolar/insolar/consensus/packets/phase2packet.go:85.2,85.47 1 0
github.com/insolar/insolar/consensus/packets/phase2packet.go:80.50,83.3 2 0
github.com/insolar/insolar/consensus/packets/phase2packet.go:88.45,90.2 1 0
github.com/insolar/insolar/consensus/packets/init.go:33.13,34.38 1 1
github.com/insolar/insolar/consensus/packets/init.go:42.2,51.66 9 1
github.com/insolar/insolar/consensus/packets/init.go:34.38,36.17 2 8
github.com/insolar/insolar/consensus/packets/init.go:39.3,39.27 1 8
github.com/insolar/insolar/consensus/packets/init.go:36.17,38.4 1 0
github.com/insolar/insolar/consensus/packets/interfaces.go:57.63,60.16 3 5
github.com/insolar/insolar/consensus/packets/interfaces.go:64.2,65.24 2 4
github.com/insolar/insolar/consensus/packets/interfaces.go:76.2,77.16 2 4
github.com/insolar/insolar/consensus/packets/interfaces.go:81.2,81.20 1 2
github.com/insolar/insolar/consensus/packets/interfaces.go:60.16,62.3 1 1
github.com/insolar/insolar/consensus/packets/interfaces.go:66.14,67.27 1 2
github.com/insolar/insolar/consensus/packets/interfaces.go:68.14,69.27 1 2
github.com/insolar/insolar/consensus/packets/interfaces.go:70.14,71.27 1 0
github.com/insolar/insolar/consensus/packets/interfaces.go:72.10,73.112 1 0
github.com/insolar/insolar/consensus/packets/interfaces.go:77.16,79.3 1 2
github.com/insolar/insolar/consensus/packets/phase3packet.go:34.85,39.2 1 0
github.com/insolar/insolar/consensus/packets/phase3packet.go:42.71,43.39 1 0
github.com/insolar/insolar/consensus/packets/phase3packet.go:47.2,48.12 2 0
github.com/insolar/insolar/consensus/packets/phase3packet.go:43.39,45.3 1 0
github.com/insolar/insolar/consensus/packets/phase3packet.go:52.68,60.2 5 0
github.com/insolar/insolar/consensus/packets/phase3packet.go:62.45,64.2 1 0
github.com/insolar/insolar/consensus/packets/tristatebitset.go:41.59,46.2 2 11
github.com/insolar/insolar/consensus/packets/tristatebitset.go:48.80,50.2 1 7
github.com/insolar/insolar/consensus/packets/tristatebitset.go:52.90,53.31 1 6
github.com/insolar/insolar/consensus/packets/tristatebitset.go:63.2,63.12 1 6
github.com/insolar/insolar/consensus/packets/tristatebitset.go:53.31,55.17 2 420
github.com/insolar/insolar/consensus/packets/tristatebitset.go:58.3,59.17 2 420
github.com/insolar/insolar/consensus/packets/tristatebitset.go:55.17,57.4 1 0
github.com/insolar/insolar/consensus/packets/tristatebitset.go:59.17,61.4 1 0
github.com/insolar/insolar/consensus/packets/tristatebitset.go:66.56,68.23 2 3
github.com/insolar/insolar/consensus/packets/tristatebitset.go:74.2,75.16 2 3
github.com/insolar/insolar/consensus/packets/tristatebitset.go:79.2,82.44 4 3
github.com/insolar/insolar/consensus/packets/tristatebitset.go:94.2,95.16 2 3
github.com/insolar/insolar/consensus/packets/tristatebitset.go:99.2,99.28 1 3
github.com/insolar/insolar/consensus/packets/tristatebitset.go:68.23,70.3 1 1
github.com/insolar/insolar/consensus/packets/tristatebitset.go:70.8,72.3 1 2
github.com/insolar/insolar/consensus/packets/tristatebitset.go:75.16,77.3 1 0
github.com/insolar/insolar/consensus/packets/tristatebitset.go:82.44,84.17 2 0
github.com/insolar/insolar/consensus/packets/tristatebitset.go:84.17,86.4 1 0
github.com/insolar/insolar/consensus/packets/tristatebitset.go:87.8,89.17 2 3
github.com/insolar/insolar/consensus/packets/tristatebitset.go:89.17,91.4 1 0
github.com/insolar/insolar/consensus/packets/tristatebitset.go:95.16,97.3 1 0
github.com/insolar/insolar/consensus/packets/tristatebitset.go:106.9,112.16 6 0
github.com/insolar/insolar/consensus/packets/tristatebitset.go:115.2,116.16 2 0
github.com/insolar/insolar/consensus/packets/tristatebitset.go:119.2,119.12 1 0
github.com/insolar/insolar/consensus/packets/tristatebitset.go:112.16,114.3 1 0
github.com/insolar/insolar/consensus/packets/tristatebitset.go:116.16,118.3 1 0
github.com/insolar/insolar/consensus/packets/tristatebitset.go:126.9,130.16 4 3
github.com/insolar/insolar/consensus/packets/tristatebitset.go:133.2,133.12 1 3
github.com/insolar/insolar/consensus/packets/tristatebitset.go:130.16,132.3 1 0
github.com/insolar/insolar/consensus/packets/tristatebitset.go:136.56,140.16 4 3
github.com/insolar/insolar/consensus/packets/tristatebitset.go:143.2,144.14 2 3
github.com/insolar/insolar/consensus/packets/tristatebitset.go:150.2,150.16 1 3
github.com/insolar/insolar/consensus/packets/tristatebitset.go:153.2,153.16 1 3
github.com/insolar/insolar/consensus/packets/tristatebitset.go:171.2,174.20 2 3
github.com/insolar/insolar/consensus/packets/tristatebitset.go:140.16,142.3 1 0
github.com/insolar/insolar/consensus/packets/tristatebitset.go:144.14,146.17 2 0
github.com/insolar/insolar/consensus/packets/tristatebitset.go:146.17,148.4 1 0
github.com/insolar/insolar/consensus/packets/tristatebitset.go:150.16,152.3 1 0
github.com/insolar/insolar/consensus/packets/tristatebitset.go:153.16,155.17 2 1
github.com/insolar/insolar/consensus/packets/tristatebitset.go:155.17,157.4 1 0
github.com/insolar/insolar/consensus/packets/tristatebitset.go:158.8,160.38 2 2
github.com/insolar/insolar/consensus/packets/tristatebitset.go:166.3,167.17 2 2
github.com/insolar/insolar/consensus/packets/tristatebitset.go:160.38,162.18 2 36
github.com/insolar/insolar/consensus/packets/tristatebitset.go:162.18,164.5 1 0
github.com/insolar/insolar/consensus/packets/tristatebitset.go:167.17,169.4 1 0
github.com/insolar/insolar/consensus/packets/tristatebitset.go:177.82,180.32 3 7
github.com/insolar/insolar/consensus/packets/tristatebitset.go:191.2,191.19 1 7
github.com/insolar/insolar/consensus/packets/tristatebitset.go:180.32,182.17 2 490
github.com/insolar/insolar/consensus/packets/tristatebitset.go:185.3,187.17 3 490
github.com/insolar/insolar/consensus/packets/tristatebitset.go:182.17,184.4 1 0
github.com/insolar/insolar/consensus/packets/tristatebitset.go:187.17,189.4 1 0
github.com/insolar/insolar/consensus/packets/tristatebitset.go:194.73,201.34 7 1
github.com/insolar/insolar/consensus/packets/tristatebitset.go:223.2,223.31 1 1
github.com/insolar/insolar/consensus/packets/tristatebitset.go:201.34,203.17 2 1
github.com/insolar/insolar/consensus/packets/tristatebitset.go:206.3,207.17 2 1
github.com/insolar/insolar/consensus/packets/tristatebitset.go:210.3,210.37 1 1
github.com/insolar/insolar/consensus/packets/tristatebitset.go:203.17,205.4 1 0
github.com/insolar/insolar/consensus/packets/tristatebitset.go:207.17,209.4 1 0
github.com/insolar/insolar/consensus/packets/tristatebitset.go:210.37,213.52 3 70
github.com/insolar/insolar/consensus/packets/tristatebitset.go:220.4,220.22 1 70
github.com/insolar/insolar/consensus/packets/tristatebitset.go:213.52,214.21 1 18
github.com/insolar/insolar/consensus/packets/tristatebitset.go:217.5,218.18 2 18
github.com/insolar/insolar/consensus/packets/tristatebitset.go:214.21,216.6 1 1
github.com/insolar/insolar/consensus/packets/tristatebitset.go:226.63,229.2 2 490
github.com/insolar/insolar/consensus/packets/tristatebitset.go:231.56,234.27 3 3
github.com/insolar/insolar/consensus/packets/tristatebitset.go:237.2,237.19 1 3
github.com/insolar/insolar/consensus/packets/tristatebitset.go:234.27,236.3 1 54
github.com/insolar/insolar/consensus/packets/tristatebitset.go:240.82,242.2 1 420
github.com/insolar/insolar/consensus/packets/tristatebitset.go:244.72,247.2 2 840
github.com/insolar/insolar/consensus/packets/tristatebitset.go:249.72,251.16 2 420
github.com/insolar/insolar/consensus/packets/tristatebitset.go:254.2,255.16 2 420
github.com/insolar/insolar/consensus/packets/tristatebitset.go:258.2,258.12 1 420
github.com/insolar/insolar/consensus/packets/tristatebitset.go:251.16,253.3 1 0
github.com/insolar/insolar/consensus/packets/tristatebitset.go:255.16,257.3 1 0
github.com/insolar/insolar/consensus/packets/tristatebitset.go:261.81,265.40 4 3
github.com/insolar/insolar/consensus/packets/tristatebitset.go:268.2,269.27 2 3
github.com/insolar/insolar/consensus/packets/tristatebitset.go:273.2,274.8 2 3
github.com/insolar/insolar/consensus/packets/tristatebitset.go:265.40,267.3 1 1
github.com/insolar/insolar/consensus/packets/tristatebitset.go:269.27,272.3 2 0
github.com/insolar/insolar/consensus/packets/claim.go:41.49,43.2 1 0
github.com/insolar/insolar/consensus/packets/claim.go:56.43,58.2 1 0
github.com/insolar/insolar/consensus/packets/claim.go:67.61,69.2 1 0
github.com/insolar/insolar/consensus/packets/claim.go:77.49,79.2 1 175
github.com/insolar/insolar/consensus/packets/claim.go:93.44,95.2 1 338
github.com/insolar/insolar/consensus/packets/claim.go:102.48,104.2 1 0
github.com/insolar/insolar/consensus/packets/claim.go:111.45,113.2 1 12732
github.com/insolar/insolar/consensus/packets/claim.go:115.49,117.2 1 13233
github.com/insolar/insolar/consensus/packets/claim.go:119.59,121.2 1 13221
github.com/insolar/insolar/consensus/packets/claim_serializers.go:36.59,38.2 1 6
github.com/insolar/insolar/consensus/packets/claim_serializers.go:44.52,45.18 1 12
github.com/insolar/insolar/consensus/packets/claim_serializers.go:48.2,51.15 3 12
github.com/insolar/insolar/consensus/packets/claim_serializers.go:45.18,46.25 1 0
github.com/insolar/insolar/consensus/packets/claim_serializers.go:55.60,57.16 2 1
github.com/insolar/insolar/consensus/packets/claim_serializers.go:61.2,61.12 1 1
github.com/insolar/insolar/consensus/packets/claim_serializers.go:57.16,59.3 1 0
github.com/insolar/insolar/consensus/packets/claim_serializers.go:65.54,68.16 3 2
github.com/insolar/insolar/consensus/packets/claim_serializers.go:72.2,72.28 1 2
github.com/insolar/insolar/consensus/packets/claim_serializers.go:68.16,70.3 1 0
github.com/insolar/insolar/consensus/packets/claim_serializers.go:76.78,78.16 2 1
github.com/insolar/insolar/consensus/packets/claim_serializers.go:82.2,83.16 2 1
github.com/insolar/insolar/consensus/packets/claim_serializers.go:87.2,88.16 2 1
github.com/insolar/insolar/consensus/packets/claim_serializers.go:92.2,92.12 1 1
github.com/insolar/insolar/consensus/packets/claim_serializers.go:78.16,80.3 1 0
github.com/insolar/insolar/consensus/packets/claim_serializers.go:83.16,85.3 1 0
github.com/insolar/insolar/consensus/packets/claim_serializers.go:88.16,90.3 1 0
github.com/insolar/insolar/consensus/packets/claim_serializers.go:96.72,99.16 3 2
github.com/insolar/insolar/consensus/packets/claim_serializers.go:103.2,104.16 2 2
github.com/insolar/insolar/consensus/packets/claim_serializers.go:108.2,109.16 2 2
github.com/insolar/insolar/consensus/packets/claim_serializers.go:113.2,113.28 1 2
github.com/insolar/insolar/consensus/packets/claim_serializers.go:99.16,101.3 1 0
github.com/insolar/insolar/consensus/packets/claim_serializers.go:104.16,106.3 1 0
github.com/insolar/insolar/consensus/packets/claim_serializers.go:109.16,111.3 1 0
github.com/insolar/insolar/consensus/packets/claim_serializers.go:117.66,119.16 2 3
github.com/insolar/insolar/consensus/packets/claim_serializers.go:123.2,124.16 2 3
github.com/insolar/insolar/consensus/packets/claim_serializers.go:128.2,128.12 1 3
github.com/insolar/insolar/consensus/packets/claim_serializers.go:119.16,121.3 1 0
github.com/insolar/insolar/consensus/packets/claim_serializers.go:124.16,126.3 1 0
github.com/insolar/insolar/consensus/packets/claim_serializers.go:132.60,135.16 3 6
github.com/insolar/insolar/consensus/packets/claim_serializers.go:139.2,140.16 2 6
github.com/insolar/insolar/consensus/packets/claim_serializers.go:144.2,144.28 1 6
github.com/insolar/insolar/consensus/packets/claim_serializers.go:135.16,137.3 1 0
github.com/insolar/insolar/consensus/packets/claim_serializers.go:140.16,142.3 1 0
github.com/insolar/insolar/consensus/packets/claim_serializers.go:148.61,150.16 2 4
github.com/insolar/insolar/consensus/packets/claim_serializers.go:154.2,155.16 2 4
github.com/insolar/insolar/consensus/packets/claim_serializers.go:159.2,160.16 2 4
github.com/insolar/insolar/consensus/packets/claim_serializers.go:164.2,165.16 2 4
github.com/insolar/insolar/consensus/packets/claim_serializers.go:169.2,170.16 2 4
github.com/insolar/insolar/consensus/packets/claim_serializers.go:174.2,175.16 2 4
github.com/insolar/insolar/consensus/packets/claim_serializers.go:179.2,180.16 2 4
github.com/insolar/insolar/consensus/packets/claim_serializers.go:184.2,185.16 2 4
github.com/insolar/insolar/consensus/packets/claim_serializers.go:189.2,189.12 1 3
github.com/insolar/insolar/consensus/packets/claim_serializers.go:150.16,152.3 1 0
github.com/insolar/insolar/consensus/packets/claim_serializers.go:155.16,157.3 1 0
github.com/insolar/insolar/consensus/packets/claim_serializers.go:160.16,162.3 1 0
github.com/insolar/insolar/consensus/packets/claim_serializers.go:165.16,167.3 1 0
github.com/insolar/insolar/consensus/packets/claim_serializers.go:170.16,172.3 1 0
github.com/insolar/insolar/consensus/packets/claim_serializers.go:175.16,177.3 1 0
github.com/insolar/insolar/consensus/packets/claim_serializers.go:180.16,182.3 1 0
github.com/insolar/insolar/consensus/packets/claim_serializers.go:185.16,187.3 1 1
github.com/insolar/insolar/consensus/packets/claim_serializers.go:193.55,197.16 3 8
github.com/insolar/insolar/consensus/packets/claim_serializers.go:201.2,202.16 2 8
github.com/insolar/insolar/consensus/packets/claim_serializers.go:206.2,207.16 2 8
github.com/insolar/insolar/consensus/packets/claim_serializers.go:211.2,211.28 1 8
github.com/insolar/insolar/consensus/packets/claim_serializers.go:197.16,199.3 1 0
github.com/insolar/insolar/consensus/packets/claim_serializers.go:202.16,204.3 1 0
github.com/insolar/insolar/consensus/packets/claim_serializers.go:207.16,209.3 1 0
github.com/insolar/insolar/consensus/packets/claim_serializers.go:214.66,218.16 3 8
github.com/insolar/insolar/consensus/packets/claim_serializers.go:222.2,223.16 2 8
github.com/insolar/insolar/consensus/packets/claim_serializers.go:227.2,228.16 2 8
github.com/insolar/insolar/consensus/packets/claim_serializers.go:232.2,233.16 2 8
github.com/insolar/insolar/consensus/packets/claim_serializers.go:237.2,238.16 2 8
github.com/insolar/insolar/consensus/packets/claim_serializers.go:242.2,243.16 2 8
github.com/insolar/insolar/consensus/packets/claim_serializers.go:247.2,248.16 2 8
github.com/insolar/insolar/consensus/packets/claim_serializers.go:252.2,252.28 1 8
github.com/insolar/insolar/consensus/packets/claim_serializers.go:218.16,220.3 1 0
github.com/insolar/insolar/consensus/packets/claim_serializers.go:223.16,225.3 1 0
github.com/insolar/insolar/consensus/packets/claim_serializers.go:228.16,230.3 1 0
github.com/insolar/insolar/consensus/packets/claim_serializers.go:233.16,235.3 1 0
github.com/insolar/insolar/consensus/packets/claim_serializers.go:238.16,240.3 1 0
github.com/insolar/insolar/consensus/packets/claim_serializers.go:243.16,245.3 1 0
github.com/insolar/insolar/consensus/packets/claim_serializers.go:248.16,250.3 1 0
github.com/insolar/insolar/consensus/packets/claim_serializers.go:256.62,258.2 1 3
github.com/insolar/insolar/consensus/packets/claim_serializers.go:261.56,263.2 1 7
github.com/insolar/insolar/consensus/packets/claim_serializers.go:265.64,267.31 2 5
github.com/insolar/insolar/consensus/packets/claim_serializers.go:287.2,287.28 1 5
github.com/insolar/insolar/consensus/packets/claim_serializers.go:267.31,270.17 3 12
github.com/insolar/insolar/consensus/packets/claim_serializers.go:275.3,276.17 2 12
github.com/insolar/insolar/consensus/packets/claim_serializers.go:280.3,281.17 2 12
github.com/insolar/insolar/consensus/packets/claim_serializers.go:270.17,273.4 1 0
github.com/insolar/insolar/consensus/packets/claim_serializers.go:276.17,279.4 1 0
github.com/insolar/insolar/consensus/packets/claim_serializers.go:281.17,284.4 1 0
github.com/insolar/insolar/consensus/packets/claim_serializers.go:290.67,296.21 4 2
github.com/insolar/insolar/consensus/packets/claim_serializers.go:332.2,332.21 1 2
github.com/insolar/insolar/consensus/packets/claim_serializers.go:336.2,336.20 1 2
github.com/insolar/insolar/consensus/packets/claim_serializers.go:296.21,300.17 4 6
github.com/insolar/insolar/consensus/packets/claim_serializers.go:304.3,309.20 3 6
github.com/insolar/insolar/consensus/packets/claim_serializers.go:323.3,324.17 2 6
github.com/insolar/insolar/consensus/packets/claim_serializers.go:327.3,329.50 2 6
github.com/insolar/insolar/consensus/packets/claim_serializers.go:300.17,302.4 1 0
github.com/insolar/insolar/consensus/packets/claim_serializers.go:310.26,311.31 1 2
github.com/insolar/insolar/consensus/packets/claim_serializers.go:312.43,313.48 1 0
github.com/insolar/insolar/consensus/packets/claim_serializers.go:314.31,315.36 1 2
github.com/insolar/insolar/consensus/packets/claim_serializers.go:316.26,317.31 1 0
github.com/insolar/insolar/consensus/packets/claim_serializers.go:318.27,319.32 1 2
github.com/insolar/insolar/consensus/packets/claim_serializers.go:320.11,321.97 1 0
github.com/insolar/insolar/consensus/packets/claim_serializers.go:324.17,326.4 1 0
github.com/insolar/insolar/consensus/packets/claim_serializers.go:332.21,334.3 1 0
github.com/insolar/insolar/consensus/packets/data.go:73.47,75.2 1 0
github.com/insolar/insolar/consensus/packets/data.go:77.47,79.2 1 0
github.com/insolar/insolar/consensus/packets/data_serializers.go:41.56,44.2 2 15
github.com/insolar/insolar/consensus/packets/data_serializers.go:46.50,50.19 3 17
github.com/insolar/insolar/consensus/packets/data_serializers.go:54.2,54.15 1 17
github.com/insolar/insolar/consensus/packets/data_serializers.go:50.19,52.3 1 14
github.com/insolar/insolar/consensus/packets/data_serializers.go:69.78,73.2 3 15
github.com/insolar/insolar/consensus/packets/data_serializers.go:75.61,77.12 2 18
github.com/insolar/insolar/consensus/packets/data_serializers.go:80.2,80.12 1 18
github.com/insolar/insolar/consensus/packets/data_serializers.go:83.2,85.15 2 18
github.com/insolar/insolar/consensus/packets/data_serializers.go:77.12,79.3 1 14
github.com/insolar/insolar/consensus/packets/data_serializers.go:80.12,82.3 1 14
github.com/insolar/insolar/consensus/packets/data_serializers.go:88.95,89.19 1 3
github.com/insolar/insolar/consensus/packets/data_serializers.go:92.2,92.30 1 3
github.com/insolar/insolar/consensus/packets/data_serializers.go:96.2,99.16 3 3
github.com/insolar/insolar/consensus/packets/data_serializers.go:103.2,104.16 2 2
github.com/insolar/insolar/consensus/packets/data_serializers.go:108.2,108.23 1 2
github.com/insolar/insolar/consensus/packets/data_serializers.go:123.2,124.16 2 2
github.com/insolar/insolar/consensus/packets/data_serializers.go:128.2,128.12 1 2
github.com/insolar/insolar/consensus/packets/data_serializers.go:89.19,91.3 1 0
github.com/insolar/insolar/consensus/packets/data_serializers.go:92.30,94.3 1 0
github.com/insolar/insolar/consensus/packets/data_serializers.go:99.16,101.3 1 1
github.com/insolar/insolar/consensus/packets/data_serializers.go:104.16,106.3 1 0
github.com/insolar/insolar/consensus/packets/data_serializers.go:108.23,110.17 2 2
github.com/insolar/insolar/consensus/packets/data_serializers.go:113.3,116.17 3 2
github.com/insolar/insolar/consensus/packets/data_serializers.go:120.3,120.49 1 2
github.com/insolar/insolar/consensus/packets/data_serializers.go:110.17,112.4 1 0
github.com/insolar/insolar/consensus/packets/data_serializers.go:116.17,118.4 1 0
github.com/insolar/insolar/consensus/packets/data_serializers.go:124.16,126.3 1 0
github.com/insolar/insolar/consensus/packets/data_serializers.go:131.60,133.16 2 1
github.com/insolar/insolar/consensus/packets/data_serializers.go:137.2,138.16 2 1
github.com/insolar/insolar/consensus/packets/data_serializers.go:142.2,142.12 1 1
github.com/insolar/insolar/consensus/packets/data_serializers.go:133.16,135.3 1 0
github.com/insolar/insolar/consensus/packets/data_serializers.go:138.16,140.3 1 0
github.com/insolar/insolar/consensus/packets/data_serializers.go:145.54,148.47 2 5
github.com/insolar/insolar/consensus/packets/data_serializers.go:152.2,153.16 2 5
github.com/insolar/insolar/consensus/packets/data_serializers.go:156.2,158.28 2 5
github.com/insolar/insolar/consensus/packets/data_serializers.go:148.47,150.3 1 0
github.com/insolar/insolar/consensus/packets/data_serializers.go:153.16,155.3 1 0
github.com/insolar/insolar/consensus/packets/data_serializers.go:161.53,166.16 3 5
github.com/insolar/insolar/consensus/packets/data_serializers.go:169.2,170.16 2 5
github.com/insolar/insolar/consensus/packets/data_serializers.go:175.2,176.16 2 5
github.com/insolar/insolar/consensus/packets/data_serializers.go:179.2,180.16 2 5
github.com/insolar/insolar/consensus/packets/data_serializers.go:185.2,186.16 2 5
github.com/insolar/insolar/consensus/packets/data_serializers.go:189.2,190.16 2 5
github.com/insolar/insolar/consensus/packets/data_serializers.go:195.2,196.16 2 5
github.com/insolar/insolar/consensus/packets/data_serializers.go:199.2,200.16 2 5
github.com/insolar/insolar/consensus/packets/data_serializers.go:205.2,206.16 2 5
github.com/insolar/insolar/consensus/packets/data_serializers.go:210.2,210.28 1 5
github.com/insolar/insolar/consensus/packets/data_serializers.go:166.16,168.3 1 0
github.com/insolar/insolar/consensus/packets/data_serializers.go:170.16,172.3 1 0
github.com/insolar/insolar/consensus/packets/data_serializers.go:176.16,178.3 1 0
github.com/insolar/insolar/consensus/packets/data_serializers.go:180.16,182.3 1 0
github.com/insolar/insolar/consensus/packets/data_serializers.go:186.16,188.3 1 0
github.com/insolar/insolar/consensus/packets/data_serializers.go:190.16,192.3 1 0
github.com/insolar/insolar/consensus/packets/data_serializers.go:196.16,198.3 1 0
github.com/insolar/insolar/consensus/packets/data_serializers.go:200.16,202.3 1 0
github.com/insolar/insolar/consensus/packets/data_serializers.go:206.16,208.3 1 0
github.com/insolar/insolar/consensus/packets/data_serializers.go:214.42,218.2 3 98
github.com/insolar/insolar/consensus/packets/data_serializers.go:221.59,224.16 3 11
github.com/insolar/insolar/consensus/packets/data_serializers.go:227.2,231.16 4 11
github.com/insolar/insolar/consensus/packets/data_serializers.go:234.2,237.16 3 10
github.com/insolar/insolar/consensus/packets/data_serializers.go:241.2,242.16 2 10
github.com/insolar/insolar/consensus/packets/data_serializers.go:246.2,246.12 1 9
github.com/insolar/insolar/consensus/packets/data_serializers.go:224.16,226.3 1 0
github.com/insolar/insolar/consensus/packets/data_serializers.go:231.16,233.3 1 1
github.com/insolar/insolar/consensus/packets/data_serializers.go:237.16,239.3 1 0
github.com/insolar/insolar/consensus/packets/data_serializers.go:242.16,244.3 1 1
github.com/insolar/insolar/consensus/packets/data_serializers.go:250.53,254.16 4 13
github.com/insolar/insolar/consensus/packets/data_serializers.go:258.2,260.16 3 13
github.com/insolar/insolar/consensus/packets/data_serializers.go:264.2,265.16 2 13
github.com/insolar/insolar/consensus/packets/data_serializers.go:269.2,270.16 2 13
github.com/insolar/insolar/consensus/packets/data_serializers.go:274.2,274.28 1 13
github.com/insolar/insolar/consensus/packets/data_serializers.go:254.16,256.3 1 0
github.com/insolar/insolar/consensus/packets/data_serializers.go:260.16,262.3 1 0
github.com/insolar/insolar/consensus/packets/data_serializers.go:265.16,267.3 1 0
github.com/insolar/insolar/consensus/packets/data_serializers.go:270.16,272.3 1 0
github.com/insolar/insolar/consensus/packets/data_serializers.go:278.60,280.16 2 9
github.com/insolar/insolar/consensus/packets/data_serializers.go:284.2,285.16 2 9
github.com/insolar/insolar/consensus/packets/data_serializers.go:289.2,290.16 2 9
github.com/insolar/insolar/consensus/packets/data_serializers.go:294.2,295.16 2 9
github.com/insolar/insolar/consensus/packets/data_serializers.go:299.2,300.16 2 9
github.com/insolar/insolar/consensus/packets/data_serializers.go:304.2,305.16 2 9
github.com/insolar/insolar/consensus/packets/data_serializers.go:309.2,309.12 1 5
github.com/insolar/insolar/consensus/packets/data_serializers.go:280.16,282.3 1 0
github.com/insolar/insolar/consensus/packets/data_serializers.go:285.16,287.3 1 0
github.com/insolar/insolar/consensus/packets/data_serializers.go:290.16,292.3 1 0
github.com/insolar/insolar/consensus/packets/data_serializers.go:295.16,297.3 1 0
github.com/insolar/insolar/consensus/packets/data_serializers.go:300.16,302.3 1 0
github.com/insolar/insolar/consensus/packets/data_serializers.go:305.16,307.3 1 4
github.com/insolar/insolar/consensus/packets/data_serializers.go:313.54,316.16 3 11
github.com/insolar/insolar/consensus/packets/data_serializers.go:320.2,321.16 2 11
github.com/insolar/insolar/consensus/packets/data_serializers.go:325.2,326.16 2 11
github.com/insolar/insolar/consensus/packets/data_serializers.go:330.2,331.16 2 11
github.com/insolar/insolar/consensus/packets/data_serializers.go:335.2,336.16 2 11
github.com/insolar/insolar/consensus/packets/data_serializers.go:340.2,341.16 2 11
github.com/insolar/insolar/consensus/packets/data_serializers.go:345.2,345.28 1 11
github.com/insolar/insolar/consensus/packets/data_serializers.go:316.16,318.3 1 0
github.com/insolar/insolar/consensus/packets/data_serializers.go:321.16,323.3 1 0
github.com/insolar/insolar/consensus/packets/data_serializers.go:326.16,328.3 1 0
github.com/insolar/insolar/consensus/packets/data_serializers.go:331.16,333.3 1 0
github.com/insolar/insolar/consensus/packets/data_serializers.go:336.16,338.3 1 0
github.com/insolar/insolar/consensus/packets/data_serializers.go:341.16,343.3 1 0
github.com/insolar/insolar/consensus/packets/data_serializers.go:349.56,351.16 2 4
github.com/insolar/insolar/consensus/packets/data_serializers.go:355.2,358.16 3 4
github.com/insolar/insolar/consensus/packets/data_serializers.go:362.2,362.12 1 2
github.com/insolar/insolar/consensus/packets/data_serializers.go:351.16,353.3 1 0
github.com/insolar/insolar/consensus/packets/data_serializers.go:358.16,360.3 1 2
github.com/insolar/insolar/consensus/packets/data_serializers.go:366.50,369.16 3 4
github.com/insolar/insolar/consensus/packets/data_serializers.go:373.2,374.16 2 4
github.com/insolar/insolar/consensus/packets/data_serializers.go:378.2,379.16 2 4
github.com/insolar/insolar/consensus/packets/data_serializers.go:383.2,383.28 1 4
github.com/insolar/insolar/consensus/packets/data_serializers.go:369.16,371.3 1 0
github.com/insolar/insolar/consensus/packets/data_serializers.go:374.16,376.3 1 0
github.com/insolar/insolar/consensus/packets/data_serializers.go:379.16,381.3 1 0
github.com/insolar/insolar/consensus/packets/data_serializers.go:387.62,389.16 2 10
github.com/insolar/insolar/consensus/packets/data_serializers.go:393.2,394.16 2 10
github.com/insolar/insolar/consensus/packets/data_serializers.go:398.2,398.12 1 8
github.com/insolar/insolar/consensus/packets/data_serializers.go:389.16,391.3 1 0
github.com/insolar/insolar/consensus/packets/data_serializers.go:394.16,396.3 1 2
github.com/insolar/insolar/consensus/packets/data_serializers.go:402.56,405.16 3 13
github.com/insolar/insolar/consensus/packets/data_serializers.go:409.2,410.16 2 13
github.com/insolar/insolar/consensus/packets/data_serializers.go:414.2,414.28 1 13
github.com/insolar/insolar/consensus/packets/data_serializers.go:405.16,407.3 1 0
github.com/insolar/insolar/consensus/packets/data_serializers.go:410.16,412.3 1 0
github.com/insolar/insolar/consensus/packets/data_serializers.go:419.95,420.19 1 4
github.com/insolar/insolar/consensus/packets/data_serializers.go:423.2,423.30 1 4
github.com/insolar/insolar/consensus/packets/data_serializers.go:427.2,430.16 3 4
github.com/insolar/insolar/consensus/packets/data_serializers.go:439.2,440.16 2 4
github.com/insolar/insolar/consensus/packets/data_serializers.go:446.2,447.16 2 4
github.com/insolar/insolar/consensus/packets/data_serializers.go:451.2,451.12 1 2
github.com/insolar/insolar/consensus/packets/data_serializers.go:420.19,422.3 1 0
github.com/insolar/insolar/consensus/packets/data_serializers.go:423.30,425.3 1 0
github.com/insolar/insolar/consensus/packets/data_serializers.go:430.16,432.3 1 0
github.com/insolar/insolar/consensus/packets/data_serializers.go:440.16,442.3 1 0
github.com/insolar/insolar/consensus/packets/data_serializers.go:447.16,449.3 1 2
github.com/insolar/insolar/consensus/packets/data_serializers.go:454.60,456.16 2 2
github.com/insolar/insolar/consensus/packets/data_serializers.go:460.2,461.16 2 2
github.com/insolar/insolar/consensus/packets/data_serializers.go:465.2,465.12 1 1
github.com/insolar/insolar/consensus/packets/data_serializers.go:456.16,458.3 1 0
github.com/insolar/insolar/consensus/packets/data_serializers.go:461.16,463.3 1 1
github.com/insolar/insolar/consensus/packets/data_serializers.go:469.54,473.16 3 5
github.com/insolar/insolar/consensus/packets/data_serializers.go:477.2,480.16 3 5
github.com/insolar/insolar/consensus/packets/data_serializers.go:484.2,485.16 2 5
github.com/insolar/insolar/consensus/packets/data_serializers.go:498.2,498.28 1 5
github.com/insolar/insolar/consensus/packets/data_serializers.go:473.16,475.3 1 0
github.com/insolar/insolar/consensus/packets/data_serializers.go:480.16,482.3 1 0
github.com/insolar/insolar/consensus/packets/data_serializers.go:485.16,487.3 1 0
github.com/insolar/insolar/consensus/packets/data_serializers.go:501.57,505.16 3 5
github.com/insolar/insolar/consensus/packets/data_serializers.go:508.2,509.16 2 5
github.com/insolar/insolar/consensus/packets/data_serializers.go:513.2,514.16 2 5
github.com/insolar/insolar/consensus/packets/data_serializers.go:518.2,518.28 1 5
github.com/insolar/insolar/consensus/packets/data_serializers.go:505.16,507.3 1 0
github.com/insolar/insolar/consensus/packets/data_serializers.go:509.16,511.3 1 0
github.com/insolar/insolar/consensus/packets/data_serializers.go:514.16,516.3 1 0
github.com/insolar/insolar/consensus/packets/data_serializers.go:521.58,524.2 1 0
github.com/insolar/insolar/consensus/packets/data_serializers.go:528.54,530.16 2 1
github.com/insolar/insolar/consensus/packets/data_serializers.go:534.2,536.16 3 1
github.com/insolar/insolar/consensus/packets/data_serializers.go:540.2,541.16 2 1
github.com/insolar/insolar/consensus/packets/data_serializers.go:545.2,545.26 1 1
github.com/insolar/insolar/consensus/packets/data_serializers.go:530.16,532.3 1 0
github.com/insolar/insolar/consensus/packets/data_serializers.go:536.16,538.3 1 0
github.com/insolar/insolar/consensus/packets/data_serializers.go:541.16,543.3 1 0
github.com/insolar/insolar/consensus/packets/data_serializers.go:548.53,550.16 2 1
github.com/insolar/insolar/consensus/packets/data_serializers.go:554.2,555.16 2 1
github.com/insolar/insolar/consensus/packets/data_serializers.go:559.2,562.16 3 1
github.com/insolar/insolar/consensus/packets/data_serializers.go:566.2,567.16 2 1
github.com/insolar/insolar/consensus/packets/data_serializers.go:571.2,572.16 2 1
github.com/insolar/insolar/consensus/packets/data_serializers.go:576.2,576.26 1 1
github.com/insolar/insolar/consensus/packets/data_serializers.go:550.16,552.3 1 0
github.com/insolar/insolar/consensus/packets/data_serializers.go:555.16,557.3 1 0
github.com/insolar/insolar/consensus/packets/data_serializers.go:562.16,564.3 1 0
github.com/insolar/insolar/consensus/packets/data_serializers.go:567.16,569.3 1 0
github.com/insolar/insolar/consensus/packets/data_serializers.go:572.16,574.3 1 0
github.com/insolar/insolar/consensus/packets/data_serializers.go:579.60,581.16 2 1
github.com/insolar/insolar/consensus/packets/data_serializers.go:585.2,586.16 2 1
github.com/insolar/insolar/consensus/packets/data_serializers.go:589.2,589.12 1 1
github.com/insolar/insolar/consensus/packets/data_serializers.go:581.16,583.3 1 0
github.com/insolar/insolar/consensus/packets/data_serializers.go:586.16,588.3 1 0
github.com/insolar/insolar/consensus/packets/data_serializers.go:592.95,594.16 2 1
github.com/insolar/insolar/consensus/packets/data_serializers.go:597.2,600.16 3 1
github.com/insolar/insolar/consensus/packets/data_serializers.go:604.2,605.16 2 1
github.com/insolar/insolar/consensus/packets/data_serializers.go:609.2,609.12 1 1
github.com/insolar/insolar/consensus/packets/data_serializers.go:594.16,596.3 1 0
github.com/insolar/insolar/consensus/packets/data_serializers.go:600.16,602.3 1 0
github.com/insolar/insolar/consensus/packets/data_serializers.go:605.16,607.3 1 0
github.com/insolar/insolar/consensus/packets/vote.go:66.40,68.2 1 0
github.com/insolar/insolar/consensus/packets/vote.go:70.52,73.16 3 0
github.com/insolar/insolar/consensus/packets/vote.go:76.2,76.28 1 0
github.com/insolar/insolar/consensus/packets/vote.go:73.16,75.3 1 0
github.com/insolar/insolar/consensus/packets/vote.go:79.58,81.16 2 0
github.com/insolar/insolar/consensus/packets/vote.go:84.2,84.12 1 0
github.com/insolar/insolar/consensus/packets/vote.go:81.16,83.3 1 0
github.com/insolar/insolar/consensus/packets/vote.go:87.53,89.2 1 0
github.com/insolar/insolar/consensus/packets/vote.go:92.71,94.16 2 2
github.com/insolar/insolar/consensus/packets/vote.go:98.2,99.16 2 2
github.com/insolar/insolar/consensus/packets/vote.go:103.2,103.12 1 1
github.com/insolar/insolar/consensus/packets/vote.go:94.16,96.3 1 0
github.com/insolar/insolar/consensus/packets/vote.go:99.16,101.3 1 1
github.com/insolar/insolar/consensus/packets/vote.go:107.65,110.16 3 2
github.com/insolar/insolar/consensus/packets/vote.go:114.2,115.16 2 2
github.com/insolar/insolar/consensus/packets/vote.go:119.2,119.28 1 2
github.com/insolar/insolar/consensus/packets/vote.go:110.16,112.3 1 0
github.com/insolar/insolar/consensus/packets/vote.go:115.16,117.3 1 0
github.com/insolar/insolar/consensus/packets/vote.go:122.53,124.2 1 0
github.com/insolar/insolar/consensus/packets/vote.go:127.71,129.2 1 1
github.com/insolar/insolar/consensus/packets/vote.go:132.65,134.2 1 1
github.com/insolar/insolar/consensus/packets/vote.go:136.59,138.2 1 0
github.com/insolar/insolar/consensus/packets/vote.go:141.77,143.16 2 2
github.com/insolar/insolar/consensus/packets/vote.go:147.2,148.16 2 2
github.com/insolar/insolar/consensus/packets/vote.go:152.2,153.16 2 2
github.com/insolar/insolar/consensus/packets/vote.go:157.2,157.12 1 1
github.com/insolar/insolar/consensus/packets/vote.go:143.16,145.3 1 0
github.com/insolar/insolar/consensus/packets/vote.go:148.16,150.3 1 0
github.com/insolar/insolar/consensus/packets/vote.go:153.16,155.3 1 1
github.com/insolar/insolar/consensus/packets/vote.go:161.71,165.16 3 2
github.com/insolar/insolar/consensus/packets/vote.go:169.2,170.16 2 2
github.com/insolar/insolar/consensus/packets/vote.go:174.2,175.16 2 2
github.com/insolar/insolar/consensus/packets/vote.go:179.2,180.16 2 2
github.com/insolar/insolar/consensus/packets/vote.go:185.2,186.16 2 2
github.com/insolar/insolar/consensus/packets/vote.go:189.2,190.16 2 2
github.com/insolar/insolar/consensus/packets/vote.go:194.2,194.28 1 2
github.com/insolar/insolar/consensus/packets/vote.go:165.16,167.3 1 0
github.com/insolar/insolar/consensus/packets/vote.go:170.16,172.3 1 0
github.com/insolar/insolar/consensus/packets/vote.go:175.16,177.3 1 0
github.com/insolar/insolar/consensus/packets/vote.go:180.16,182.3 1 0
github.com/insolar/insolar/consensus/packets/vote.go:186.16,188.3 1 0
github.com/insolar/insolar/consensus/packets/vote.go:190.16,192.3 1 0
github.com/insolar/insolar/consensus/packets/vote.go:197.56,199.2 1 0
github.com/insolar/insolar/consensus/packets/vote.go:202.74,204.16 2 2
github.com/insolar/insolar/consensus/packets/vote.go:208.2,208.12 1 1
github.com/insolar/insolar/consensus/packets/vote.go:204.16,206.3 1 1
github.com/insolar/insolar/consensus/packets/vote.go:212.68,216.16 3 2
github.com/insolar/insolar/consensus/packets/vote.go:220.2,221.16 2 2
github.com/insolar/insolar/consensus/packets/vote.go:225.2,225.28 1 2
github.com/insolar/insolar/consensus/packets/vote.go:216.16,218.3 1 0
github.com/insolar/insolar/consensus/packets/vote.go:221.16,223.3 1 0
github.com/insolar/insolar/contractrequester/contractrequester.go:35.40,37.2 1 1
github.com/insolar/insolar/contractrequester/contractrequester.go:39.28,42.16 3 4
github.com/insolar/insolar/contractrequester/contractrequester.go:46.2,46.40 1 4
github.com/insolar/insolar/contractrequester/contractrequester.go:42.16,43.13 1 0
github.com/insolar/insolar/contractrequester/contractrequester.go:49.137,50.26 1 5
github.com/insolar/insolar/contractrequester/contractrequester.go:54.2,62.16 3 4
github.com/insolar/insolar/contractrequester/contractrequester.go:66.2,66.17 1 2
github.com/insolar/insolar/contractrequester/contractrequester.go:50.26,52.3 1 1
github.com/insolar/insolar/contractrequester/contractrequester.go:62.16,64.3 1 2
github.com/insolar/insolar/contractrequester/contractrequester.go:70.141,72.16 2 2
github.com/insolar/insolar/contractrequester/contractrequester.go:76.2,77.16 2 2
github.com/insolar/insolar/contractrequester/contractrequester.go:81.2,81.24 1 1
github.com/insolar/insolar/contractrequester/contractrequester.go:72.16,74.3 1 0
github.com/insolar/insolar/contractrequester/contractrequester.go:77.16,79.3 1 1
github.com/insolar/insolar/core/message/base.go:32.65,33.12 1 1
github.com/insolar/insolar/core/message/base.go:36.27,37.28 1 0
github.com/insolar/insolar/core/message/base.go:38.32,39.33 1 0
github.com/insolar/insolar/core/message/base.go:40.32,41.33 1 0
github.com/insolar/insolar/core/message/base.go:42.33,43.34 1 0
github.com/insolar/insolar/core/message/base.go:44.34,45.35 1 0
github.com/insolar/insolar/core/message/base.go:48.24,49.25 1 0
github.com/insolar/insolar/core/message/base.go:50.26,51.27 1 0
github.com/insolar/insolar/core/message/base.go:52.28,53.29 1 0
github.com/insolar/insolar/core/message/base.go:54.28,55.29 1 0
github.com/insolar/insolar/core/message/base.go:56.29,57.30 1 0
github.com/insolar/insolar/core/message/base.go:58.30,59.31 1 0
github.com/insolar/insolar/core/message/base.go:60.24,61.25 1 0
github.com/insolar/insolar/core/message/base.go:62.26,63.27 1 0
github.com/insolar/insolar/core/message/base.go:64.31,65.32 1 0
github.com/insolar/insolar/core/message/base.go:66.32,67.33 1 0
github.com/insolar/insolar/core/message/base.go:70.31,71.32 1 0
github.com/insolar/insolar/core/message/base.go:72.29,73.30 1 0
github.com/insolar/insolar/core/message/base.go:74.27,75.28 1 0
github.com/insolar/insolar/core/message/base.go:78.33,79.32 1 0
github.com/insolar/insolar/core/message/base.go:80.10,81.65 1 1
github.com/insolar/insolar/core/message/base.go:86.50,88.16 2 0
github.com/insolar/insolar/core/message/base.go:91.2,92.16 2 0
github.com/insolar/insolar/core/message/base.go:95.2,95.10 1 0
github.com/insolar/insolar/core/message/base.go:88.16,89.13 1 0
github.com/insolar/insolar/core/message/base.go:92.16,93.13 1 0
github.com/insolar/insolar/core/message/base.go:99.53,102.16 3 0
github.com/insolar/insolar/core/message/base.go:106.2,108.18 3 0
github.com/insolar/insolar/core/message/base.go:102.16,104.3 1 0
github.com/insolar/insolar/core/message/base.go:112.55,115.16 3 1
github.com/insolar/insolar/core/message/base.go:119.2,120.16 2 1
github.com/insolar/insolar/core/message/base.go:123.2,124.39 2 0
github.com/insolar/insolar/core/message/base.go:127.2,127.31 1 0
[...]
github.com/insolar/insolar/logicrunner/service.go:329.2,331.12 2 2
github.com/insolar/insolar/logicrunner/service.go:324.18,326.3 1 0
github.com/insolar/insolar/logicrunner/service.go:335.56,336.6 1 60
github.com/insolar/insolar/logicrunner/service.go:336.6,338.52 2 60
github.com/insolar/insolar/logicrunner/service.go:338.52,340.4 1 60
github.com/insolar/insolar/logicrunner/accessors.go:29.96,32.2 2 19
github.com/insolar/insolar/logicrunner/accessors.go:36.91,37.45 1 160
github.com/insolar/insolar/logicrunner/accessors.go:41.2,41.76 1 0
github.com/insolar/insolar/logicrunner/accessors.go:37.45,39.3 1 160
github.com/insolar/insolar/logicrunner/accessors.go:44.62,48.9 4 2
github.com/insolar/insolar/logicrunner/accessors.go:51.2,51.12 1 2
github.com/insolar/insolar/logicrunner/accessors.go:48.9,50.3 1 0
github.com/insolar/insolar/logicrunner/accessors.go:54.65,57.37 3 279
github.com/insolar/insolar/logicrunner/accessors.go:65.2,65.26 1 279
github.com/insolar/insolar/logicrunner/accessors.go:57.37,64.3 1 71
github.com/insolar/insolar/logicrunner/accessors.go:68.68,72.9 4 462
github.com/insolar/insolar/logicrunner/accessors.go:75.2,75.12 1 462
github.com/insolar/insolar/logicrunner/accessors.go:72.9,73.40 1 0
github.com/insolar/insolar/logicrunner/accessors.go:78.73,80.2 1 462
github.com/insolar/insolar/logicrunner/accessors.go:82.76,87.9 4 473
github.com/insolar/insolar/logicrunner/accessors.go:90.2,92.21 3 323
github.com/insolar/insolar/logicrunner/accessors.go:87.9,89.3 1 150
github.com/insolar/insolar/logicrunner/accessors.go:95.63,97.16 2 515
github.com/insolar/insolar/logicrunner/accessors.go:100.2,100.14 1 515
github.com/insolar/insolar/logicrunner/accessors.go:97.16,98.13 1 0
github.com/insolar/insolar/logicrunner/accessors.go:103.84,107.9 4 0
github.com/insolar/insolar/logicrunner/accessors.go:121.2,121.14 1 0
github.com/insolar/insolar/logicrunner/accessors.go:107.9,114.17 2 0
github.com/insolar/insolar/logicrunner/accessors.go:118.3,119.22 2 0
github.com/insolar/insolar/logicrunner/accessors.go:114.17,115.29 1 0
github.com/insolar/insolar/logicrunner/accessors.go:124.43,127.25 3 19
github.com/insolar/insolar/logicrunner/accessors.go:131.2,131.33 1 0
github.com/insolar/insolar/logicrunner/accessors.go:127.25,130.3 2 19
github.com/insolar/insolar/logicrunner/accessors.go:131.33,132.14 1 0
github.com/insolar/insolar/logicrunner/accessors.go:132.14,134.4 1 0
github.com/insolar/insolar/logicrunner/accessors.go:134.9,136.4 1 0
github.com/insolar/insolar/logicrunner/casebind.go:33.83,35.16 2 434
github.com/insolar/insolar/logicrunner/casebind.go:38.2,38.41 1 434
github.com/insolar/insolar/logicrunner/casebind.go:35.16,36.41 1 0
github.com/insolar/insolar/logicrunner/casebind.go:41.108,42.26 1 35
github.com/insolar/insolar/logicrunner/casebind.go:46.2,51.22 6 35
github.com/insolar/insolar/logicrunner/casebind.go:67.2,67.16 1 35
github.com/insolar/insolar/logicrunner/casebind.go:71.2,71.15 1 35
github.com/insolar/insolar/logicrunner/casebind.go:77.2,77.6 1 35
github.com/insolar/insolar/logicrunner/casebind.go:42.26,44.3 1 0
github.com/insolar/insolar/logicrunner/casebind.go:51.22,54.43 3 35
github.com/insolar/insolar/logicrunner/casebind.go:57.3,65.13 3 35
github.com/insolar/insolar/logicrunner/casebind.go:54.43,56.4 1 0
github.com/insolar/insolar/logicrunner/casebind.go:67.16,69.3 1 0
github.com/insolar/insolar/logicrunner/casebind.go:71.15,75.3 3 35
github.com/insolar/insolar/logicrunner/casebind.go:77.6,79.15 2 88
github.com/insolar/insolar/logicrunner/casebind.go:84.3,84.45 1 54
github.com/insolar/insolar/logicrunner/casebind.go:88.3,92.17 3 54
github.com/insolar/insolar/logicrunner/casebind.go:96.3,97.23 2 54
github.com/insolar/insolar/logicrunner/casebind.go:101.3,102.10 2 54
github.com/insolar/insolar/logicrunner/casebind.go:106.3,109.17 4 54
github.com/insolar/insolar/logicrunner/casebind.go:112.3,113.15 2 54
github.com/insolar/insolar/logicrunner/casebind.go:119.3,119.35 1 54
github.com/insolar/insolar/logicrunner/casebind.go:79.15,81.4 1 0
github.com/insolar/insolar/logicrunner/casebind.go:81.9,81.26 1 88
github.com/insolar/insolar/logicrunner/casebind.go:81.26,83.4 1 34
github.com/insolar/insolar/logicrunner/casebind.go:84.45,86.4 1 0
github.com/insolar/insolar/logicrunner/casebind.go:92.17,94.4 1 0
github.com/insolar/insolar/logicrunner/casebind.go:97.23,99.4 1 0
github.com/insolar/insolar/logicrunner/casebind.go:102.10,104.4 1 0
github.com/insolar/insolar/logicrunner/casebind.go:109.17,111.4 1 0
github.com/insolar/insolar/logicrunner/casebind.go:113.15,115.4 1 0
github.com/insolar/insolar/logicrunner/casebind.go:115.9,115.52 1 54
github.com/insolar/insolar/logicrunner/casebind.go:115.52,117.4 1 0
github.com/insolar/insolar/logicrunner/casebind.go:120.26,121.47 1 40
github.com/insolar/insolar/logicrunner/casebind.go:128.31,129.52 1 14
github.com/insolar/insolar/logicrunner/casebind.go:134.11,135.50 1 0
github.com/insolar/insolar/logicrunner/casebind.go:121.47,123.5 1 0
github.com/insolar/insolar/logicrunner/casebind.go:123.10,123.48 1 40
github.com/insolar/insolar/logicrunner/casebind.go:123.48,125.5 1 0
github.com/insolar/insolar/logicrunner/casebind.go:125.10,125.52 1 40
github.com/insolar/insolar/logicrunner/casebind.go:125.52,127.5 1 1
github.com/insolar/insolar/logicrunner/casebind.go:129.52,131.5 1 0
github.com/insolar/insolar/logicrunner/casebind.go:131.10,131.46 1 14
github.com/insolar/insolar/logicrunner/casebind.go:131.46,133.5 1 0
github.com/insolar/insolar/logicrunner/casebind.go:140.101,142.9 2 0
github.com/insolar/insolar/logicrunner/casebind.go:146.2,147.16 2 0
github.com/insolar/insolar/logicrunner/casebind.go:151.2,153.28 3 0
github.com/insolar/insolar/logicrunner/casebind.go:156.2,166.25 2 0
github.com/insolar/insolar/logicrunner/casebind.go:142.9,144.3 1 0
github.com/insolar/insolar/logicrunner/casebind.go:147.16,149.3 1 0
github.com/insolar/insolar/logicrunner/casebind.go:153.28,155.3 1 0
github.com/insolar/insolar/logicrunner/casebind.go:169.109,171.9 2 0
github.com/insolar/insolar/logicrunner/casebind.go:174.2,175.56 2 0
github.com/insolar/insolar/logicrunner/casebind.go:178.2,178.25 1 0
github.com/insolar/insolar/logicrunner/casebind.go:171.9,173.3 1 0
github.com/insolar/insolar/logicrunner/casebind.go:175.56,177.3 1 0
github.com/insolar/insolar/logicrunner/casebind.go:181.100,183.9 2 0
github.com/insolar/insolar/logicrunner/casebind.go:186.2,188.25 3 0
github.com/insolar/insolar/logicrunner/casebind.go:183.9,185.3 1 0
github.com/insolar/insolar/logicrunner/casebind.go:205.72,209.16 4 106
github.com/insolar/insolar/logicrunner/casebind.go:213.2,221.21 4 106
github.com/insolar/insolar/logicrunner/casebind.go:209.16,211.3 1 0
github.com/insolar/insolar/logicrunner/casebind.go:224.43,226.2 1 103
github.com/insolar/insolar/logicrunner/casebind.go:228.70,230.2 0 79
github.com/insolar/insolar/logicrunner/casebind.go:232.67,234.2 1 106
github.com/insolar/insolar/logicrunner/casebind.go:236.65,238.2 1 103
github.com/insolar/insolar/logicrunner/casebind.go:240.54,242.2 1 0
github.com/insolar/insolar/logicrunner/casebind.go:249.74,252.43 3 54
github.com/insolar/insolar/logicrunner/casebind.go:255.2,255.81 1 54
github.com/insolar/insolar/logicrunner/casebind.go:258.2,258.34 1 54
github.com/insolar/insolar/logicrunner/casebind.go:261.2,261.77 1 0
github.com/insolar/insolar/logicrunner/casebind.go:252.43,254.3 1 0
github.com/insolar/insolar/logicrunner/casebind.go:255.81,257.3 1 0
github.com/insolar/insolar/logicrunner/casebind.go:258.34,260.3 1 54
github.com/insolar/insolar/logicrunner/casebind.go:265.45,267.2 1 54
github.com/insolar/insolar/logicrunner/casebind.go:269.71,271.2 1 40
github.com/insolar/insolar/logicrunner/casebind.go:273.70,275.2 0 54
github.com/insolar/insolar/logicrunner/casebind.go:277.68,279.2 0 54
github.com/insolar/insolar/logicrunner/casebind.go:281.56,283.2 1 0
github.com/insolar/insolar/logicrunner/consensus.go:49.59,54.25 2 0
github.com/insolar/insolar/logicrunner/consensus.go:57.2,59.10 3 0
github.com/insolar/insolar/logicrunner/consensus.go:54.25,56.3 1 0
github.com/insolar/insolar/logicrunner/consensus.go:63.109,67.37 4 0
github.com/insolar/insolar/logicrunner/consensus.go:75.2,77.12 3 0
github.com/insolar/insolar/logicrunner/consensus.go:67.37,69.3 1 0
github.com/insolar/insolar/logicrunner/consensus.go:69.8,74.3 1 0
github.com/insolar/insolar/logicrunner/consensus.go:80.100,86.2 5 0
github.com/insolar/insolar/logicrunner/consensus.go:88.53,89.21 1 0
github.com/insolar/insolar/logicrunner/consensus.go:92.2,95.30 4 0
github.com/insolar/insolar/logicrunner/consensus.go:102.2,103.43 2 0
github.com/insolar/insolar/logicrunner/consensus.go:110.2,110.16 1 0
github.com/insolar/insolar/logicrunner/consensus.go:89.21,91.3 1 0
github.com/insolar/insolar/logicrunner/consensus.go:95.30,97.31 2 0
github.com/insolar/insolar/logicrunner/consensus.go:97.31,100.4 2 0
github.com/insolar/insolar/logicrunner/consensus.go:103.43,106.3 2 0
github.com/insolar/insolar/logicrunner/consensus.go:106.8,106.71 1 0
github.com/insolar/insolar/logicrunner/consensus.go:106.71,109.3 2 0
github.com/insolar/insolar/logicrunner/consensus.go:110.16,111.13 1 0
github.com/insolar/insolar/logicrunner/consensus.go:115.40,117.2 1 0
github.com/insolar/insolar/logicrunner/consensus.go:120.72,121.30 1 0
github.com/insolar/insolar/logicrunner/consensus.go:124.2,124.17 1 0
github.com/insolar/insolar/logicrunner/consensus.go:121.30,123.3 1 0
github.com/insolar/insolar/logicrunner/consensus.go:128.65,131.2 1 0
github.com/insolar/insolar/logicrunner/logicrunner.go:68.33,72.25 3 3
github.com/insolar/insolar/logicrunner/logicrunner.go:75.2,75.22 1 3
github.com/insolar/insolar/logicrunner/logicrunner.go:78.2,78.24 1 3
github.com/insolar/insolar/logicrunner/logicrunner.go:82.2,82.24 1 3
github.com/insolar/insolar/logicrunner/logicrunner.go:72.25,74.3 1 3
github.com/insolar/insolar/logicrunner/logicrunner.go:75.22,77.3 1 3
github.com/insolar/insolar/logicrunner/logicrunner.go:78.24,80.3 1 3
github.com/insolar/insolar/logicrunner/logicrunner.go:85.70,86.16 1 4
github.com/insolar/insolar/logicrunner/logicrunner.go:91.2,96.3 1 4
github.com/insolar/insolar/logicrunner/logicrunner.go:86.16,88.3 1 1
github.com/insolar/insolar/logicrunner/logicrunner.go:88.8,90.3 1 3
github.com/insolar/insolar/logicrunner/logicrunner.go:99.34,102.2 2 160
github.com/insolar/insolar/logicrunner/logicrunner.go:104.36,108.2 3 160
github.com/insolar/insolar/logicrunner/logicrunner.go:110.42,111.25 1 0
github.com/insolar/insolar/logicrunner/logicrunner.go:111.25,113.3 1 0
github.com/insolar/insolar/logicrunner/logicrunner.go:116.66,124.2 3 160
github.com/insolar/insolar/logicrunner/logicrunner.go:126.65,131.24 4 462
github.com/insolar/insolar/logicrunner/logicrunner.go:135.2,138.33 4 462
github.com/insolar/insolar/logicrunner/logicrunner.go:131.24,132.79 1 0
github.com/insolar/insolar/logicrunner/logicrunner.go:167.75,168.16 1 19
github.com/insolar/insolar/logicrunner/logicrunner.go:171.2,176.18 2 19
github.com/insolar/insolar/logicrunner/logicrunner.go:168.16,170.3 1 0
github.com/insolar/insolar/logicrunner/logicrunner.go:180.57,181.27 1 19
github.com/insolar/insolar/logicrunner/logicrunner.go:189.2,189.28 1 19
github.com/insolar/insolar/logicrunner/logicrunner.go:204.2,206.12 2 19
github.com/insolar/insolar/logicrunner/logicrunner.go:181.27,183.74 2 1
github.com/insolar/insolar/logicrunner/logicrunner.go:186.3,186.69 1 1
github.com/insolar/insolar/logicrunner/logicrunner.go:183.74,185.4 1 0
github.com/insolar/insolar/logicrunner/logicrunner.go:189.28,190.29 1 18
github.com/insolar/insolar/logicrunner/logicrunner.go:194.3,195.17 2 18
github.com/insolar/insolar/logicrunner/logicrunner.go:198.3,198.75 1 18
github.com/insolar/insolar/logicrunner/logicrunner.go:201.3,201.70 1 18
github.com/insolar/insolar/logicrunner/logicrunner.go:190.29,192.4 1 18
github.com/insolar/insolar/logicrunner/logicrunner.go:195.17,197.4 1 0
github.com/insolar/insolar/logicrunner/logicrunner.go:198.75,200.4 1 0
github.com/insolar/insolar/logicrunner/logicrunner.go:209.43,215.2 5 19
github.com/insolar/insolar/logicrunner/logicrunner.go:218.56,220.33 2 18
github.com/insolar/insolar/logicrunner/logicrunner.go:230.2,230.20 1 18
github.com/insolar/insolar/logicrunner/logicrunner.go:236.2,236.15 1 17
github.com/insolar/insolar/logicrunner/logicrunner.go:220.33,221.15 1 72
github.com/insolar/insolar/logicrunner/logicrunner.go:224.3,225.17 2 18
github.com/insolar/insolar/logicrunner/logicrunner.go:221.15,222.12 1 54
github.com/insolar/insolar/logicrunner/logicrunner.go:225.17,227.4 1 0
github.com/insolar/insolar/logicrunner/logicrunner.go:230.20,231.41 1 18
github.com/insolar/insolar/logicrunner/logicrunner.go:231.41,233.4 1 1
github.com/insolar/insolar/logicrunner/logicrunner.go:239.105,245.16 3 107
github.com/insolar/insolar/logicrunner/logicrunner.go:248.2,248.19 1 107
github.com/insolar/insolar/logicrunner/logicrunner.go:251.2,251.12 1 107
github.com/insolar/insolar/logicrunner/logicrunner.go:245.16,247.3 1 0
github.com/insolar/insolar/logicrunner/logicrunner.go:248.19,250.3 1 0
github.com/insolar/insolar/logicrunner/logicrunner.go:255.93,257.9 2 107
github.com/insolar/insolar/logicrunner/logicrunner.go:260.2,265.16 4 107
github.com/insolar/insolar/logicrunner/logicrunner.go:269.2,269.42 1 107
github.com/insolar/insolar/logicrunner/logicrunner.go:272.2,278.45 3 106
github.com/insolar/insolar/logicrunner/logicrunner.go:282.2,282.71 1 106
github.com/insolar/insolar/logicrunner/logicrunner.go:257.9,259.3 1 0
github.com/insolar/insolar/logicrunner/logicrunner.go:265.16,267.3 1 0
github.com/insolar/insolar/logicrunner/logicrunner.go:269.42,271.3 1 1
github.com/insolar/insolar/logicrunner/logicrunner.go:278.45,280.3 1 0
github.com/insolar/insolar/logicrunner/logicrunner.go:289.3,291.15 2 160
github.com/insolar/insolar/logicrunner/logicrunner.go:297.2,316.16 9 160
github.com/insolar/insolar/logicrunner/logicrunner.go:320.2,330.25 2 160
github.com/insolar/insolar/logicrunner/logicrunner.go:291.15,292.11 1 160
github.com/insolar/insolar/logicrunner/logicrunner.go:292.11,294.4 1 0
github.com/insolar/insolar/logicrunner/logicrunner.go:316.16,318.3 1 0
github.com/insolar/insolar/logicrunner/logicrunner.go:331.27,335.17 4 119
github.com/insolar/insolar/logicrunner/logicrunner.go:337.32,341.17 4 41
github.com/insolar/insolar/logicrunner/logicrunner.go:343.10,344.26 1 0
github.com/insolar/insolar/logicrunner/logicrunner.go:359.13,361.2 1 1
github.com/insolar/insolar/logicrunner/logicrunner.go:363.79,367.26 3 119
github.com/insolar/insolar/logicrunner/logicrunner.go:389.2,389.15 1 65
github.com/insolar/insolar/logicrunner/logicrunner.go:401.2,402.16 2 44
github.com/insolar/insolar/logicrunner/logicrunner.go:405.2,406.16 2 44
github.com/insolar/insolar/logicrunner/logicrunner.go:409.2,410.16 2 44
github.com/insolar/insolar/logicrunner/logicrunner.go:413.2,414.16 2 44
github.com/insolar/insolar/logicrunner/logicrunner.go:417.2,418.16 2 44
github.com/insolar/insolar/logicrunner/logicrunner.go:421.2,436.12 5 44
github.com/insolar/insolar/logicrunner/logicrunner.go:367.26,368.15 1 54
github.com/insolar/insolar/logicrunner/logicrunner.go:386.3,386.13 1 54
github.com/insolar/insolar/logicrunner/logicrunner.go:368.15,369.48 1 19
github.com/insolar/insolar/logicrunner/logicrunner.go:372.4,372.85 1 19
github.com/insolar/insolar/logicrunner/logicrunner.go:375.4,375.99 1 19
github.com/insolar/insolar/logicrunner/logicrunner.go:369.48,371.5 1 0
github.com/insolar/insolar/logicrunner/logicrunner.go:372.85,374.5 1 0
github.com/insolar/insolar/logicrunner/logicrunner.go:375.99,377.5 1 0
github.com/insolar/insolar/logicrunner/logicrunner.go:379.9,385.4 1 35
github.com/insolar/insolar/logicrunner/logicrunner.go:389.15,390.46 1 21
github.com/insolar/insolar/logicrunner/logicrunner.go:393.3,394.35 2 21
github.com/insolar/insolar/logicrunner/logicrunner.go:397.3,398.13 2 21
github.com/insolar/insolar/logicrunner/logicrunner.go:390.46,392.4 1 0
github.com/insolar/insolar/logicrunner/logicrunner.go:394.35,396.4 1 0
github.com/insolar/insolar/logicrunner/logicrunner.go:402.16,404.3 1 0
github.com/insolar/insolar/logicrunner/logicrunner.go:406.16,408.3 1 0
github.com/insolar/insolar/logicrunner/logicrunner.go:410.16,412.3 1 0
github.com/insolar/insolar/logicrunner/logicrunner.go:414.16,416.3 1 0
github.com/insolar/insolar/logicrunner/logicrunner.go:418.16,420.3 1 0
github.com/insolar/insolar/logicrunner/logicrunner.go:439.129,443.15 3 119
github.com/insolar/insolar/logicrunner/logicrunner.go:449.2,450.16 2 119
github.com/insolar/insolar/logicrunner/logicrunner.go:454.2,461.16 6 119
github.com/insolar/insolar/logicrunner/logicrunner.go:465.2,465.55 1 119
github.com/insolar/insolar/logicrunner/logicrunner.go:505.2,505.22 1 119
github.com/insolar/insolar/logicrunner/logicrunner.go:519.2,519.67 1 0
github.com/insolar/insolar/logicrunner/logicrunner.go:443.15,444.21 1 119
github.com/insolar/insolar/logicrunner/logicrunner.go:444.21,446.4 1 118
github.com/insolar/insolar/logicrunner/logicrunner.go:450.16,452.3 1 0
github.com/insolar/insolar/logicrunner/logicrunner.go:461.16,463.3 1 0
github.com/insolar/insolar/logicrunner/logicrunner.go:465.55,469.17 2 119
github.com/insolar/insolar/logicrunner/logicrunner.go:473.3,473.20 1 118
github.com/insolar/insolar/logicrunner/logicrunner.go:495.3,502.17 4 118
github.com/insolar/insolar/logicrunner/logicrunner.go:469.17,471.4 1 1
github.com/insolar/insolar/logicrunner/logicrunner.go:473.20,475.21 2 78
github.com/insolar/insolar/logicrunner/logicrunner.go:486.4,486.18 1 78
github.com/insolar/insolar/logicrunner/logicrunner.go:489.4,490.18 2 78
github.com/insolar/insolar/logicrunner/logicrunner.go:475.21,479.5 1 2
github.com/insolar/insolar/logicrunner/logicrunner.go:479.10,482.30 3 76
github.com/insolar/insolar/logicrunner/logicrunner.go:482.30,484.6 1 76
github.com/insolar/insolar/logicrunner/logicrunner.go:486.18,488.5 1 0
github.com/insolar/insolar/logicrunner/logicrunner.go:490.18,492.5 1 0
github.com/insolar/insolar/logicrunner/logicrunner.go:506.28,507.27 1 118
github.com/insolar/insolar/logicrunner/logicrunner.go:508.28,510.13 2 1
github.com/insolar/insolar/logicrunner/logicrunner.go:517.3,517.34 1 1
github.com/insolar/insolar/logicrunner/logicrunner.go:510.13,513.18 3 1
github.com/insolar/insolar/logicrunner/logicrunner.go:513.18,515.5 1 0
github.com/insolar/insolar/logicrunner/logicrunner.go:522.139,526.37 3 41
github.com/insolar/insolar/logicrunner/logicrunner.go:530.2,531.16 2 41
github.com/insolar/insolar/logicrunner/logicrunner.go:534.2,537.16 3 41
github.com/insolar/insolar/logicrunner/logicrunner.go:540.2,541.16 2 41
github.com/insolar/insolar/logicrunner/logicrunner.go:544.2,547.16 3 41
github.com/insolar/insolar/logicrunner/logicrunner.go:551.2,552.16 2 41
github.com/insolar/insolar/logicrunner/logicrunner.go:556.2,556.18 1 39
github.com/insolar/insolar/logicrunner/logicrunner.go:526.37,528.3 1 0
github.com/insolar/insolar/logicrunner/logicrunner.go:531.16,533.3 1 0
github.com/insolar/insolar/logicrunner/logicrunner.go:537.16,539.3 1 0
github.com/insolar/insolar/logicrunner/logicrunner.go:541.16,543.3 1 0
github.com/insolar/insolar/logicrunner/logicrunner.go:547.16,549.3 1 0
github.com/insolar/insolar/logicrunner/logicrunner.go:552.16,554.3 1 2
github.com/insolar/insolar/logicrunner/logicrunner.go:557.39,558.20 1 39
github.com/insolar/insolar/logicrunner/logicrunner.go:564.3,568.57 2 39
github.com/insolar/insolar/logicrunner/logicrunner.go:569.10,570.67 1 0
github.com/insolar/insolar/logicrunner/logicrunner.go:558.20,563.4 1 25
github.com/insolar/insolar/logicrunner/logicrunner.go:574.77,585.39 5 19
github.com/insolar/insolar/logicrunner/logicrunner.go:597.2,599.31 2 19
github.com/insolar/insolar/logicrunner/logicrunner.go:606.2,606.12 1 19
github.com/insolar/insolar/logicrunner/logicrunner.go:585.39,594.3 2 0
github.com/insolar/insolar/logicrunner/logicrunner.go:599.31,601.17 2 0
github.com/insolar/insolar/logicrunner/logicrunner.go:601.17,603.4 1 0
